<?xml version="1.0" encoding="UTF-8"?><testsuite name="nosetests" tests="65" errors="0" failures="1" skip="1"><testcase classname="replace_address_test.TestReplaceAddress" name="replace_with_reset_resume_state_test" time="335.943"><system-out><![CDATA[cluster ccm directory: /mnt/tmp/dtest-q1vRuS
attempting connection to 127.0.0.1
connected successfully.
Starting node 4 to replace node 3
attempting connection to 127.0.0.4
connected successfully.
Verifying querying works again.
removing ccm cluster test at: /mnt/tmp/dtest-q1vRuS
clearing ssl stores from [/mnt/tmp/dtest-q1vRuS] directory
]]></system-out></testcase><testcase classname="batch_test.TestBatch" name="logged_batch_compatibility_5_test" time="202.560"><system-out><![CDATA[cluster ccm directory: /mnt/tmp/dtest-h8b0sh
Testing with 1 node(s) at version 'git:cassandra-2.1', 2 node(s) at current version
http://git-wip-us.apache.org/repos/asf/cassandra.git git:cassandra-2.1
Set cassandra dir for node1 to /home/automaton/.ccm/repository/gitCOLONcassandra-2.1
http://git-wip-us.apache.org/repos/asf/cassandra.git git:cassandra-2.1
Set cassandra dir for node2 to /home/automaton/.ccm/repository/gitCOLONcassandra-2.1
http://git-wip-us.apache.org/repos/asf/cassandra.git git:cassandra-2.1
Set cassandra dir for node3 to /home/automaton/.ccm/repository/gitCOLONcassandra-2.1
attempting connection to 127.0.0.1
connected successfully.
Creating schema...
Upgrading node1
Shutting down node: node1
Set new cassandra dir for node1: /home/automaton/cassandra
Starting node1 on new version (3.0.0)
Upgrading sstables
Upgrading node2
Shutting down node: node2
Set new cassandra dir for node2: /home/automaton/cassandra
Starting node2 on new version (3.0.0)
Upgrading sstables
attempting connection to 127.0.0.3
connected successfully.
removing ccm cluster test at: /mnt/tmp/dtest-h8b0sh
clearing ssl stores from [/mnt/tmp/dtest-h8b0sh] directory
]]></system-out></testcase><testcase classname="batch_test.TestBatch" name="unlogged_batch_gcgs_below_threshold_should_not_print_warning_test" time="15.577"><system-out><![CDATA[cluster ccm directory: /mnt/tmp/dtest-PWP7yN
attempting connection to 127.0.0.1
cassandra PID: 21190
/usr/lib/jvm/jdk1.8.0_45/bin/jstack stdout:
2015-12-07 18:11:52
Full thread dump Java HotSpot(TM) 64-Bit Server VM (25.45-b02 mixed mode):

"DestroyJavaVM" #73 prio=5 os_prio=0 tid=0x00007f44f03e4c90 nid=0x52c7 waiting on condition [0x0000000000000000]
   java.lang.Thread.State: RUNNABLE

   Locked ownable synchronizers:
	- None

"epollEventLoopGroup-2-1" #63 prio=10 os_prio=0 tid=0x00007f44f0d3cc90 nid=0x531d runnable [0x00007f44cee75000]
   java.lang.Thread.State: RUNNABLE
	at io.netty.channel.epoll.Native.epollWait(Native Method)
	at io.netty.channel.epoll.EpollEventLoop.epollWait(EpollEventLoop.java:194)
	at io.netty.channel.epoll.EpollEventLoop.run(EpollEventLoop.java:219)
	at io.netty.util.concurrent.SingleThreadEventExecutor$2.run(SingleThreadEventExecutor.java:116)
	at io.netty.util.concurrent.DefaultThreadFactory$DefaultRunnableDecorator.run(DefaultThreadFactory.java:137)
	at java.lang.Thread.run(Thread.java:745)

   Locked ownable synchronizers:
	- None

"Attach Listener" #72 daemon prio=9 os_prio=0 tid=0x00007f44f0d3c3c0 nid=0x531c waiting on condition [0x0000000000000000]
   java.lang.Thread.State: RUNNABLE

   Locked ownable synchronizers:
	- None

"process reaper" #62 daemon prio=10 os_prio=0 tid=0x00007f44f0cee090 nid=0x5311 waiting on condition [0x00007f44ceeef000]
   java.lang.Thread.State: TIMED_WAITING (parking)
	at sun.misc.Unsafe.park(Native Method)
	- parking to wait for  <0x00000000e24e27e8> (a java.util.concurrent.SynchronousQueue$TransferStack)
	at java.util.concurrent.locks.LockSupport.parkNanos(LockSupport.java:215)
	at java.util.concurrent.SynchronousQueue$TransferStack.awaitFulfill(SynchronousQueue.java:460)
	at java.util.concurrent.SynchronousQueue$TransferStack.transfer(SynchronousQueue.java:362)
	at java.util.concurrent.SynchronousQueue.poll(SynchronousQueue.java:941)
	at java.util.concurrent.ThreadPoolExecutor.getTask(ThreadPoolExecutor.java:1066)
	at java.util.concurrent.ThreadPoolExecutor.runWorker(ThreadPoolExecutor.java:1127)
	at java.util.concurrent.ThreadPoolExecutor$Worker.run(ThreadPoolExecutor.java:617)
	at java.lang.Thread.run(Thread.java:745)

   Locked ownable synchronizers:
	- None

"PendingRangeCalculator:1" #61 daemon prio=5 os_prio=0 tid=0x00007f44f0cbb2e0 nid=0x5307 waiting on condition [0x00007f44cef36000]
   java.lang.Thread.State: TIMED_WAITING (parking)
	at sun.misc.Unsafe.park(Native Method)
	- parking to wait for  <0x00000000e166a920> (a java.util.concurrent.locks.AbstractQueuedSynchronizer$ConditionObject)
	at java.util.concurrent.locks.LockSupport.parkNanos(LockSupport.java:215)
	at java.util.concurrent.locks.AbstractQueuedSynchronizer$ConditionObject.awaitNanos(AbstractQueuedSynchronizer.java:2078)
	at java.util.concurrent.LinkedBlockingQueue.poll(LinkedBlockingQueue.java:467)
	at java.util.concurrent.ThreadPoolExecutor.getTask(ThreadPoolExecutor.java:1066)
	at java.util.concurrent.ThreadPoolExecutor.runWorker(ThreadPoolExecutor.java:1127)
	at java.util.concurrent.ThreadPoolExecutor$Worker.run(ThreadPoolExecutor.java:617)
	at java.lang.Thread.run(Thread.java:745)

   Locked ownable synchronizers:
	- None

"ReadRepairStage:4" #60 daemon prio=5 os_prio=0 tid=0x00007f44f0b8b650 nid=0x5306 waiting on condition [0x00007f44cec7e000]
   java.lang.Thread.State: TIMED_WAITING (parking)
	at sun.misc.Unsafe.park(Native Method)
	- parking to wait for  <0x00000000e399dc58> (a java.util.concurrent.locks.AbstractQueuedSynchronizer$ConditionObject)
	at java.util.concurrent.locks.LockSupport.parkNanos(LockSupport.java:215)
	at java.util.concurrent.locks.AbstractQueuedSynchronizer$ConditionObject.awaitNanos(AbstractQueuedSynchronizer.java:2078)
	at java.util.concurrent.LinkedBlockingQueue.poll(LinkedBlockingQueue.java:467)
	at java.util.concurrent.ThreadPoolExecutor.getTask(ThreadPoolExecutor.java:1066)
	at java.util.concurrent.ThreadPoolExecutor.runWorker(ThreadPoolExecutor.java:1127)
	at java.util.concurrent.ThreadPoolExecutor$Worker.run(ThreadPoolExecutor.java:617)
	at java.lang.Thread.run(Thread.java:745)

   Locked ownable synchronizers:
	- None

"ReadRepairStage:3" #59 daemon prio=5 os_prio=0 tid=0x00007f44f0b89c30 nid=0x5305 waiting on condition [0x00007f44cecbf000]
   java.lang.Thread.State: TIMED_WAITING (parking)
	at sun.misc.Unsafe.park(Native Method)
	- parking to wait for  <0x00000000e399dc58> (a java.util.concurrent.locks.AbstractQueuedSynchronizer$ConditionObject)
	at java.util.concurrent.locks.LockSupport.parkNanos(LockSupport.java:215)
	at java.util.concurrent.locks.AbstractQueuedSynchronizer$ConditionObject.awaitNanos(AbstractQueuedSynchronizer.java:2078)
	at java.util.concurrent.LinkedBlockingQueue.poll(LinkedBlockingQueue.java:467)
	at java.util.concurrent.ThreadPoolExecutor.getTask(ThreadPoolExecutor.java:1066)
	at java.util.concurrent.ThreadPoolExecutor.runWorker(ThreadPoolExecutor.java:1127)
	at java.util.concurrent.ThreadPoolExecutor$Worker.run(ThreadPoolExecutor.java:617)
	at java.lang.Thread.run(Thread.java:745)

   Locked ownable synchronizers:
	- None

"ReadRepairStage:2" #58 daemon prio=5 os_prio=0 tid=0x00007f44f0b884c0 nid=0x5304 waiting on condition [0x00007f44ced00000]
   java.lang.Thread.State: TIMED_WAITING (parking)
	at sun.misc.Unsafe.park(Native Method)
	- parking to wait for  <0x00000000e399dc58> (a java.util.concurrent.locks.AbstractQueuedSynchronizer$ConditionObject)
	at java.util.concurrent.locks.LockSupport.parkNanos(LockSupport.java:215)
	at java.util.concurrent.locks.AbstractQueuedSynchronizer$ConditionObject.awaitNanos(AbstractQueuedSynchronizer.java:2078)
	at java.util.concurrent.LinkedBlockingQueue.poll(LinkedBlockingQueue.java:467)
	at java.util.concurrent.ThreadPoolExecutor.getTask(ThreadPoolExecutor.java:1066)
	at java.util.concurrent.ThreadPoolExecutor.runWorker(ThreadPoolExecutor.java:1127)
	at java.util.concurrent.ThreadPoolExecutor$Worker.run(ThreadPoolExecutor.java:617)
	at java.lang.Thread.run(Thread.java:745)

   Locked ownable synchronizers:
	- None

"ReadRepairStage:1" #57 daemon prio=5 os_prio=0 tid=0x00007f44f0b86d50 nid=0x5303 waiting on condition [0x00007f44ced41000]
   java.lang.Thread.State: TIMED_WAITING (parking)
	at sun.misc.Unsafe.park(Native Method)
	- parking to wait for  <0x00000000e399dc58> (a java.util.concurrent.locks.AbstractQueuedSynchronizer$ConditionObject)
	at java.util.concurrent.locks.LockSupport.parkNanos(LockSupport.java:215)
	at java.util.concurrent.locks.AbstractQueuedSynchronizer$ConditionObject.awaitNanos(AbstractQueuedSynchronizer.java:2078)
	at java.util.concurrent.LinkedBlockingQueue.poll(LinkedBlockingQueue.java:467)
	at java.util.concurrent.ThreadPoolExecutor.getTask(ThreadPoolExecutor.java:1066)
	at java.util.concurrent.ThreadPoolExecutor.runWorker(ThreadPoolExecutor.java:1127)
	at java.util.concurrent.ThreadPoolExecutor$Worker.run(ThreadPoolExecutor.java:617)
	at java.lang.Thread.run(Thread.java:745)

   Locked ownable synchronizers:
	- None

"MiscStage:1" #56 daemon prio=5 os_prio=0 tid=0x00007f44f0b85610 nid=0x5302 waiting on condition [0x00007f44ced82000]
   java.lang.Thread.State: TIMED_WAITING (parking)
	at sun.misc.Unsafe.park(Native Method)
	- parking to wait for  <0x00000000e399e430> (a java.util.concurrent.locks.AbstractQueuedSynchronizer$ConditionObject)
	at java.util.concurrent.locks.LockSupport.parkNanos(LockSupport.java:215)
	at java.util.concurrent.locks.AbstractQueuedSynchronizer$ConditionObject.awaitNanos(AbstractQueuedSynchronizer.java:2078)
	at java.util.concurrent.LinkedBlockingQueue.poll(LinkedBlockingQueue.java:467)
	at java.util.concurrent.ThreadPoolExecutor.getTask(ThreadPoolExecutor.java:1066)
	at java.util.concurrent.ThreadPoolExecutor.runWorker(ThreadPoolExecutor.java:1127)
	at java.util.concurrent.ThreadPoolExecutor$Worker.run(ThreadPoolExecutor.java:617)
	at java.lang.Thread.run(Thread.java:745)

   Locked ownable synchronizers:
	- None

"MigrationStage:1" #55 daemon prio=5 os_prio=0 tid=0x00007f44f0b83fe0 nid=0x5301 waiting on condition [0x00007f44cef8a000]
   java.lang.Thread.State: TIMED_WAITING (parking)
	at sun.misc.Unsafe.park(Native Method)
	- parking to wait for  <0x00000000e39a3b50> (a java.util.concurrent.locks.AbstractQueuedSynchronizer$ConditionObject)
	at java.util.concurrent.locks.LockSupport.parkNanos(LockSupport.java:215)
	at java.util.concurrent.locks.AbstractQueuedSynchronizer$ConditionObject.awaitNanos(AbstractQueuedSynchronizer.java:2078)
	at java.util.concurrent.LinkedBlockingQueue.poll(LinkedBlockingQueue.java:467)
	at java.util.concurrent.ThreadPoolExecutor.getTask(ThreadPoolExecutor.java:1066)
	at java.util.concurrent.ThreadPoolExecutor.runWorker(ThreadPoolExecutor.java:1127)
	at java.util.concurrent.ThreadPoolExecutor$Worker.run(ThreadPoolExecutor.java:617)
	at java.lang.Thread.run(Thread.java:745)

   Locked ownable synchronizers:
	- None

"AntiEntropyStage:1" #54 daemon prio=5 os_prio=0 tid=0x00007f44f0b82870 nid=0x5300 waiting on condition [0x00007f44cefcb000]
   java.lang.Thread.State: TIMED_WAITING (parking)
	at sun.misc.Unsafe.park(Native Method)
	- parking to wait for  <0x00000000e3a3b738> (a java.util.concurrent.locks.AbstractQueuedSynchronizer$ConditionObject)
	at java.util.concurrent.locks.LockSupport.parkNanos(LockSupport.java:215)
	at java.util.concurrent.locks.AbstractQueuedSynchronizer$ConditionObject.awaitNanos(AbstractQueuedSynchronizer.java:2078)
	at java.util.concurrent.LinkedBlockingQueue.poll(LinkedBlockingQueue.java:467)
	at java.util.concurrent.ThreadPoolExecutor.getTask(ThreadPoolExecutor.java:1066)
	at java.util.concurrent.ThreadPoolExecutor.runWorker(ThreadPoolExecutor.java:1127)
	at java.util.concurrent.ThreadPoolExecutor$Worker.run(ThreadPoolExecutor.java:617)
	at java.lang.Thread.run(Thread.java:745)

   Locked ownable synchronizers:
	- None

"GossipStage:1" #53 daemon prio=5 os_prio=0 tid=0x00007f44f0b81100 nid=0x52ff waiting on condition [0x00007f44cf00c000]
   java.lang.Thread.State: TIMED_WAITING (parking)
	at sun.misc.Unsafe.park(Native Method)
	- parking to wait for  <0x00000000e3a3b9b8> (a java.util.concurrent.locks.AbstractQueuedSynchronizer$ConditionObject)
	at java.util.concurrent.locks.LockSupport.parkNanos(LockSupport.java:215)
	at java.util.concurrent.locks.AbstractQueuedSynchronizer$ConditionObject.awaitNanos(AbstractQueuedSynchronizer.java:2078)
	at java.util.concurrent.LinkedBlockingQueue.poll(LinkedBlockingQueue.java:467)
	at java.util.concurrent.ThreadPoolExecutor.getTask(ThreadPoolExecutor.java:1066)
	at java.util.concurrent.ThreadPoolExecutor.runWorker(ThreadPoolExecutor.java:1127)
	at java.util.concurrent.ThreadPoolExecutor$Worker.run(ThreadPoolExecutor.java:617)
	at java.lang.Thread.run(Thread.java:745)

   Locked ownable synchronizers:
	- None

"InternalResponseStage:4" #52 daemon prio=5 os_prio=0 tid=0x00007f44f0b7f760 nid=0x52fe waiting on condition [0x00007f44cf04d000]
   java.lang.Thread.State: TIMED_WAITING (parking)
	at sun.misc.Unsafe.park(Native Method)
	- parking to wait for  <0x00000000e3a3bc38> (a java.util.concurrent.locks.AbstractQueuedSynchronizer$ConditionObject)
	at java.util.concurrent.locks.LockSupport.parkNanos(LockSupport.java:215)
	at java.util.concurrent.locks.AbstractQueuedSynchronizer$ConditionObject.awaitNanos(AbstractQueuedSynchronizer.java:2078)
	at java.util.concurrent.LinkedBlockingQueue.poll(LinkedBlockingQueue.java:467)
	at java.util.concurrent.ThreadPoolExecutor.getTask(ThreadPoolExecutor.java:1066)
	at java.util.concurrent.ThreadPoolExecutor.runWorker(ThreadPoolExecutor.java:1127)
	at java.util.concurrent.ThreadPoolExecutor$Worker.run(ThreadPoolExecutor.java:617)
	at java.lang.Thread.run(Thread.java:745)

   Locked ownable synchronizers:
	- None

"InternalResponseStage:3" #51 daemon prio=5 os_prio=0 tid=0x00007f44f0b7e020 nid=0x52fd waiting on condition [0x00007f44cf08e000]
   java.lang.Thread.State: TIMED_WAITING (parking)
	at sun.misc.Unsafe.park(Native Method)
	- parking to wait for  <0x00000000e3a3bc38> (a java.util.concurrent.locks.AbstractQueuedSynchronizer$ConditionObject)
	at java.util.concurrent.locks.LockSupport.parkNanos(LockSupport.java:215)
	at java.util.concurrent.locks.AbstractQueuedSynchronizer$ConditionObject.awaitNanos(AbstractQueuedSynchronizer.java:2078)
	at java.util.concurrent.LinkedBlockingQueue.poll(LinkedBlockingQueue.java:467)
	at java.util.concurrent.ThreadPoolExecutor.getTask(ThreadPoolExecutor.java:1066)
	at java.util.concurrent.ThreadPoolExecutor.runWorker(ThreadPoolExecutor.java:1127)
	at java.util.concurrent.ThreadPoolExecutor$Worker.run(ThreadPoolExecutor.java:617)
	at java.lang.Thread.run(Thread.java:745)

   Locked ownable synchronizers:
	- None

"InternalResponseStage:2" #50 daemon prio=5 os_prio=0 tid=0x00007f44f0b7d0a0 nid=0x52fc waiting on condition [0x00007f44cf0cf000]
   java.lang.Thread.State: TIMED_WAITING (parking)
	at sun.misc.Unsafe.park(Native Method)
	- parking to wait for  <0x00000000e3a3bc38> (a java.util.concurrent.locks.AbstractQueuedSynchronizer$ConditionObject)
	at java.util.concurrent.locks.LockSupport.parkNanos(LockSupport.java:215)
	at java.util.concurrent.locks.AbstractQueuedSynchronizer$ConditionObject.awaitNanos(AbstractQueuedSynchronizer.java:2078)
	at java.util.concurrent.LinkedBlockingQueue.poll(LinkedBlockingQueue.java:467)
	at java.util.concurrent.ThreadPoolExecutor.getTask(ThreadPoolExecutor.java:1066)
	at java.util.concurrent.ThreadPoolExecutor.runWorker(ThreadPoolExecutor.java:1127)
	at java.util.concurrent.ThreadPoolExecutor$Worker.run(ThreadPoolExecutor.java:617)
	at java.lang.Thread.run(Thread.java:745)

   Locked ownable synchronizers:
	- None

"InternalResponseStage:1" #49 daemon prio=5 os_prio=0 tid=0x00007f44f0b7b460 nid=0x52fb waiting on condition [0x00007f44cf110000]
   java.lang.Thread.State: TIMED_WAITING (parking)
	at sun.misc.Unsafe.park(Native Method)
	- parking to wait for  <0x00000000e3a3bc38> (a java.util.concurrent.locks.AbstractQueuedSynchronizer$ConditionObject)
	at java.util.concurrent.locks.LockSupport.parkNanos(LockSupport.java:215)
	at java.util.concurrent.locks.AbstractQueuedSynchronizer$ConditionObject.awaitNanos(AbstractQueuedSynchronizer.java:2078)
	at java.util.concurrent.LinkedBlockingQueue.poll(LinkedBlockingQueue.java:467)
	at java.util.concurrent.ThreadPoolExecutor.getTask(ThreadPoolExecutor.java:1066)
	at java.util.concurrent.ThreadPoolExecutor.runWorker(ThreadPoolExecutor.java:1127)
	at java.util.concurrent.ThreadPoolExecutor$Worker.run(ThreadPoolExecutor.java:617)
	at java.lang.Thread.run(Thread.java:745)

   Locked ownable synchronizers:
	- None

"LocalPool-Cleaner:1" #48 daemon prio=5 os_prio=0 tid=0x00007f44f0a63720 nid=0x52fa in Object.wait() [0x00007f44cf151000]
   java.lang.Thread.State: WAITING (on object monitor)
	at java.lang.Object.wait(Native Method)
	- waiting on <0x00000000e3a3c410> (a java.lang.ref.ReferenceQueue$Lock)
	at java.lang.ref.ReferenceQueue.remove(ReferenceQueue.java:143)
	- locked <0x00000000e3a3c410> (a java.lang.ref.ReferenceQueue$Lock)
	at java.lang.ref.ReferenceQueue.remove(ReferenceQueue.java:164)
	at org.apache.cassandra.utils.memory.BufferPool$2.run(BufferPool.java:490)
	at java.util.concurrent.ThreadPoolExecutor.runWorker(ThreadPoolExecutor.java:1142)
	at java.util.concurrent.ThreadPoolExecutor$Worker.run(ThreadPoolExecutor.java:617)
	at java.lang.Thread.run(Thread.java:745)

   Locked ownable synchronizers:
	- <0x00000000e3a3c498> (a java.util.concurrent.ThreadPoolExecutor$Worker)

"BatchlogTasks:1" #46 daemon prio=5 os_prio=0 tid=0x00007f44f0a5f170 nid=0x52f8 waiting on condition [0x00007f44cf192000]
   java.lang.Thread.State: TIMED_WAITING (parking)
	at sun.misc.Unsafe.park(Native Method)
	- parking to wait for  <0x00000000e3ad9218> (a java.util.concurrent.locks.AbstractQueuedSynchronizer$ConditionObject)
	at java.util.concurrent.locks.LockSupport.parkNanos(LockSupport.java:215)
	at java.util.concurrent.locks.AbstractQueuedSynchronizer$ConditionObject.awaitNanos(AbstractQueuedSynchronizer.java:2078)
	at java.util.concurrent.ScheduledThreadPoolExecutor$DelayedWorkQueue.take(ScheduledThreadPoolExecutor.java:1093)
	at java.util.concurrent.ScheduledThreadPoolExecutor$DelayedWorkQueue.take(ScheduledThreadPoolExecutor.java:809)
	at java.util.concurrent.ThreadPoolExecutor.getTask(ThreadPoolExecutor.java:1067)
	at java.util.concurrent.ThreadPoolExecutor.runWorker(ThreadPoolExecutor.java:1127)
	at java.util.concurrent.ThreadPoolExecutor$Worker.run(ThreadPoolExecutor.java:617)
	at java.lang.Thread.run(Thread.java:745)

   Locked ownable synchronizers:
	- None

"ACCEPT-/127.0.0.1" #45 prio=5 os_prio=0 tid=0x00007f44f0a5bea0 nid=0x52f7 runnable [0x00007f44cf3d3000]
   java.lang.Thread.State: RUNNABLE
	at sun.nio.ch.ServerSocketChannelImpl.accept0(Native Method)
	at sun.nio.ch.ServerSocketChannelImpl.accept(ServerSocketChannelImpl.java:422)
	at sun.nio.ch.ServerSocketChannelImpl.accept(ServerSocketChannelImpl.java:250)
	- locked <0x00000000e3a3c718> (a java.lang.Object)
	at sun.nio.ch.ServerSocketAdaptor.accept(ServerSocketAdaptor.java:100)
	- locked <0x00000000e3a3c6e8> (a java.lang.Object)
	at org.apache.cassandra.net.MessagingService$SocketThread.run(MessagingService.java:1014)

   Locked ownable synchronizers:
	- None

"GossipTasks:1" #44 daemon prio=5 os_prio=0 tid=0x00007f44f0a550f0 nid=0x52f6 waiting on condition [0x00007f44cf414000]
   java.lang.Thread.State: TIMED_WAITING (parking)
	at sun.misc.Unsafe.park(Native Method)
	- parking to wait for  <0x00000000e4c66478> (a java.util.concurrent.locks.AbstractQueuedSynchronizer$ConditionObject)
	at java.util.concurrent.locks.LockSupport.parkNanos(LockSupport.java:215)
	at java.util.concurrent.locks.AbstractQueuedSynchronizer$ConditionObject.awaitNanos(AbstractQueuedSynchronizer.java:2078)
	at java.util.concurrent.ScheduledThreadPoolExecutor$DelayedWorkQueue.take(ScheduledThreadPoolExecutor.java:1093)
	at java.util.concurrent.ScheduledThreadPoolExecutor$DelayedWorkQueue.take(ScheduledThreadPoolExecutor.java:809)
	at java.util.concurrent.ThreadPoolExecutor.getTask(ThreadPoolExecutor.java:1067)
	at java.util.concurrent.ThreadPoolExecutor.runWorker(ThreadPoolExecutor.java:1127)
	at java.util.concurrent.ThreadPoolExecutor$Worker.run(ThreadPoolExecutor.java:617)
	at java.lang.Thread.run(Thread.java:745)

   Locked ownable synchronizers:
	- None

"Reference-Reaper:1" #43 daemon prio=5 os_prio=0 tid=0x00007f44d40b6910 nid=0x52f5 in Object.wait() [0x00007f44cf455000]
   java.lang.Thread.State: WAITING (on object monitor)
	at java.lang.Object.wait(Native Method)
	- waiting on <0x00000000e3ad9640> (a java.lang.ref.ReferenceQueue$Lock)
	at java.lang.ref.ReferenceQueue.remove(ReferenceQueue.java:143)
	- locked <0x00000000e3ad9640> (a java.lang.ref.ReferenceQueue$Lock)
	at java.lang.ref.ReferenceQueue.remove(ReferenceQueue.java:164)
	at org.apache.cassandra.utils.concurrent.Ref$ReferenceReaper.run(Ref.java:339)
	at java.util.concurrent.ThreadPoolExecutor.runWorker(ThreadPoolExecutor.java:1142)
	at java.util.concurrent.ThreadPoolExecutor$Worker.run(ThreadPoolExecutor.java:617)
	at java.lang.Thread.run(Thread.java:745)

   Locked ownable synchronizers:
	- <0x00000000e3ad96c8> (a java.util.concurrent.ThreadPoolExecutor$Worker)

"IndexSummaryManager:1" #41 daemon prio=1 os_prio=4 tid=0x00007f44f0a35800 nid=0x52f4 waiting on condition [0x00007f44cf496000]
   java.lang.Thread.State: TIMED_WAITING (parking)
	at sun.misc.Unsafe.park(Native Method)
	- parking to wait for  <0x00000000e3ad9870> (a java.util.concurrent.locks.AbstractQueuedSynchronizer$ConditionObject)
	at java.util.concurrent.locks.LockSupport.parkNanos(LockSupport.java:215)
	at java.util.concurrent.locks.AbstractQueuedSynchronizer$ConditionObject.awaitNanos(AbstractQueuedSynchronizer.java:2078)
	at java.util.concurrent.ScheduledThreadPoolExecutor$DelayedWorkQueue.take(ScheduledThreadPoolExecutor.java:1093)
	at java.util.concurrent.ScheduledThreadPoolExecutor$DelayedWorkQueue.take(ScheduledThreadPoolExecutor.java:809)
	at java.util.concurrent.ThreadPoolExecutor.getTask(ThreadPoolExecutor.java:1067)
	at java.util.concurrent.ThreadPoolExecutor.runWorker(ThreadPoolExecutor.java:1127)
	at java.util.concurrent.ThreadPoolExecutor$Worker.run(ThreadPoolExecutor.java:617)
	at java.lang.Thread.run(Thread.java:745)

   Locked ownable synchronizers:
	- None

"HintsDispatcher:1" #40 daemon prio=1 os_prio=4 tid=0x00007f44f0a21b60 nid=0x52f3 waiting on condition [0x00007f44cf4d7000]
   java.lang.Thread.State: TIMED_WAITING (parking)
	at sun.misc.Unsafe.park(Native Method)
	- parking to wait for  <0x00000000e3ad9ad0> (a java.util.concurrent.locks.AbstractQueuedSynchronizer$ConditionObject)
	at java.util.concurrent.locks.LockSupport.parkNanos(LockSupport.java:215)
	at java.util.concurrent.locks.AbstractQueuedSynchronizer$ConditionObject.awaitNanos(AbstractQueuedSynchronizer.java:2078)
	at java.util.concurrent.LinkedBlockingQueue.poll(LinkedBlockingQueue.java:467)
	at java.util.concurrent.ThreadPoolExecutor.getTask(ThreadPoolExecutor.java:1066)
	at java.util.concurrent.ThreadPoolExecutor.runWorker(ThreadPoolExecutor.java:1127)
	at java.util.concurrent.ThreadPoolExecutor$Worker.run(ThreadPoolExecutor.java:617)
	at java.lang.Thread.run(Thread.java:745)

   Locked ownable synchronizers:
	- None

"CacheCleanupExecutor:1" #39 daemon prio=1 os_prio=4 tid=0x00007f44f09b28a0 nid=0x52f2 waiting on condition [0x00007f44cf718000]
   java.lang.Thread.State: TIMED_WAITING (parking)
	at sun.misc.Unsafe.park(Native Method)
	- parking to wait for  <0x00000000e5d92368> (a java.util.concurrent.locks.AbstractQueuedSynchronizer$ConditionObject)
	at java.util.concurrent.locks.LockSupport.parkNanos(LockSupport.java:215)
	at java.util.concurrent.locks.AbstractQueuedSynchronizer$ConditionObject.awaitNanos(AbstractQueuedSynchronizer.java:2078)
	at java.util.concurrent.LinkedBlockingQueue.poll(LinkedBlockingQueue.java:467)
	at java.util.concurrent.ThreadPoolExecutor.getTask(ThreadPoolExecutor.java:1066)
	at java.util.concurrent.ThreadPoolExecutor.runWorker(ThreadPoolExecutor.java:1127)
	at java.util.concurrent.ThreadPoolExecutor$Worker.run(ThreadPoolExecutor.java:617)
	at java.lang.Thread.run(Thread.java:745)

   Locked ownable synchronizers:
	- None

"ValidationExecutor:1" #38 daemon prio=1 os_prio=4 tid=0x00007f44f09b0b50 nid=0x52f1 waiting on condition [0x00007f44cf759000]
   java.lang.Thread.State: TIMED_WAITING (parking)
	at sun.misc.Unsafe.park(Native Method)
	- parking to wait for  <0x00000000e5d923b0> (a java.util.concurrent.SynchronousQueue$TransferStack)
	at java.util.concurrent.locks.LockSupport.parkNanos(LockSupport.java:215)
	at java.util.concurrent.SynchronousQueue$TransferStack.awaitFulfill(SynchronousQueue.java:460)
	at java.util.concurrent.SynchronousQueue$TransferStack.transfer(SynchronousQueue.java:362)
	at java.util.concurrent.SynchronousQueue.poll(SynchronousQueue.java:941)
	at java.util.concurrent.ThreadPoolExecutor.getTask(ThreadPoolExecutor.java:1066)
	at java.util.concurrent.ThreadPoolExecutor.runWorker(ThreadPoolExecutor.java:1127)
	at java.util.concurrent.ThreadPoolExecutor$Worker.run(ThreadPoolExecutor.java:617)
	at java.lang.Thread.run(Thread.java:745)

   Locked ownable synchronizers:
	- None

"CompactionExecutor:2" #37 daemon prio=1 os_prio=4 tid=0x00007f44f09abe20 nid=0x52f0 waiting on condition [0x00007f44d17db000]
   java.lang.Thread.State: TIMED_WAITING (parking)
	at sun.misc.Unsafe.park(Native Method)
	- parking to wait for  <0x00000000e5d92260> (a java.util.concurrent.locks.AbstractQueuedSynchronizer$ConditionObject)
	at java.util.concurrent.locks.LockSupport.parkNanos(LockSupport.java:215)
	at java.util.concurrent.locks.AbstractQueuedSynchronizer$ConditionObject.awaitNanos(AbstractQueuedSynchronizer.java:2078)
	at java.util.concurrent.LinkedBlockingQueue.poll(LinkedBlockingQueue.java:467)
	at java.util.concurrent.ThreadPoolExecutor.getTask(ThreadPoolExecutor.java:1066)
	at java.util.concurrent.ThreadPoolExecutor.runWorker(ThreadPoolExecutor.java:1127)
	at java.util.concurrent.ThreadPoolExecutor$Worker.run(ThreadPoolExecutor.java:617)
	at java.lang.Thread.run(Thread.java:745)

   Locked ownable synchronizers:
	- None

"CompactionExecutor:1" #36 daemon prio=1 os_prio=4 tid=0x00007f44f09ab530 nid=0x52ef waiting on condition [0x00007f44d179a000]
   java.lang.Thread.State: TIMED_WAITING (parking)
	at sun.misc.Unsafe.park(Native Method)
	- parking to wait for  <0x00000000e5d92260> (a java.util.concurrent.locks.AbstractQueuedSynchronizer$ConditionObject)
	at java.util.concurrent.locks.LockSupport.parkNanos(LockSupport.java:215)
	at java.util.concurrent.locks.AbstractQueuedSynchronizer$ConditionObject.awaitNanos(AbstractQueuedSynchronizer.java:2078)
	at java.util.concurrent.LinkedBlockingQueue.poll(LinkedBlockingQueue.java:467)
	at java.util.concurrent.ThreadPoolExecutor.getTask(ThreadPoolExecutor.java:1066)
	at java.util.concurrent.ThreadPoolExecutor.runWorker(ThreadPoolExecutor.java:1127)
	at java.util.concurrent.ThreadPoolExecutor$Worker.run(ThreadPoolExecutor.java:617)
	at java.lang.Thread.run(Thread.java:745)

   Locked ownable synchronizers:
	- None

"RMI TCP Connection(2)-127.0.0.1" #33 daemon prio=5 os_prio=0 tid=0x00007f44f0959270 nid=0x52ec runnable [0x00007f44d181b000]
   java.lang.Thread.State: RUNNABLE
	at java.net.SocketInputStream.socketRead0(Native Method)
	at java.net.SocketInputStream.socketRead(SocketInputStream.java:116)
	at java.net.SocketInputStream.read(SocketInputStream.java:170)
	at java.net.SocketInputStream.read(SocketInputStream.java:141)
	at java.io.BufferedInputStream.fill(BufferedInputStream.java:246)
	at java.io.BufferedInputStream.read(BufferedInputStream.java:265)
	- locked <0x00000000e5d87060> (a java.io.BufferedInputStream)
	at java.io.FilterInputStream.read(FilterInputStream.java:83)
	at sun.rmi.transport.tcp.TCPTransport.handleMessages(TCPTransport.java:550)
	at sun.rmi.transport.tcp.TCPTransport$ConnectionHandler.run0(TCPTransport.java:826)
	at sun.rmi.transport.tcp.TCPTransport$ConnectionHandler.lambda$run$241(TCPTransport.java:683)
	at sun.rmi.transport.tcp.TCPTransport$ConnectionHandler$$Lambda$47/1413197890.run(Unknown Source)
	at java.security.AccessController.doPrivileged(Native Method)
	at sun.rmi.transport.tcp.TCPTransport$ConnectionHandler.run(TCPTransport.java:682)
	at java.util.concurrent.ThreadPoolExecutor.runWorker(ThreadPoolExecutor.java:1142)
	at java.util.concurrent.ThreadPoolExecutor$Worker.run(ThreadPoolExecutor.java:617)
	at java.lang.Thread.run(Thread.java:745)

   Locked ownable synchronizers:
	- <0x00000000e495d5d0> (a java.util.concurrent.ThreadPoolExecutor$Worker)

"RMI RenewClean-[127.0.0.1:35508]" #32 daemon prio=5 os_prio=0 tid=0x00007f44dc5e4e60 nid=0x52eb in Object.wait() [0x00007f44d185d000]
   java.lang.Thread.State: TIMED_WAITING (on object monitor)
	at java.lang.Object.wait(Native Method)
	- waiting on <0x00000000e5d8cd40> (a java.lang.ref.ReferenceQueue$Lock)
	at java.lang.ref.ReferenceQueue.remove(ReferenceQueue.java:143)
	- locked <0x00000000e5d8cd40> (a java.lang.ref.ReferenceQueue$Lock)
	at sun.rmi.transport.DGCClient$EndpointEntry$RenewCleanThread.run(DGCClient.java:536)
	at java.lang.Thread.run(Thread.java:745)

   Locked ownable synchronizers:
	- None

"RMI Scheduler(0)" #31 daemon prio=5 os_prio=0 tid=0x00007f44f0957f70 nid=0x52ea waiting on condition [0x00007f44d189e000]
   java.lang.Thread.State: TIMED_WAITING (parking)
	at sun.misc.Unsafe.park(Native Method)
	- parking to wait for  <0x00000000e5d8cec0> (a java.util.concurrent.locks.AbstractQueuedSynchronizer$ConditionObject)
	at java.util.concurrent.locks.LockSupport.parkNanos(LockSupport.java:215)
	at java.util.concurrent.locks.AbstractQueuedSynchronizer$ConditionObject.awaitNanos(AbstractQueuedSynchronizer.java:2078)
	at java.util.concurrent.ScheduledThreadPoolExecutor$DelayedWorkQueue.take(ScheduledThreadPoolExecutor.java:1093)
	at java.util.concurrent.ScheduledThreadPoolExecutor$DelayedWorkQueue.take(ScheduledThreadPoolExecutor.java:809)
	at java.util.concurrent.ThreadPoolExecutor.getTask(ThreadPoolExecutor.java:1067)
	at java.util.concurrent.ThreadPoolExecutor.runWorker(ThreadPoolExecutor.java:1127)
	at java.util.concurrent.ThreadPoolExecutor$Worker.run(ThreadPoolExecutor.java:617)
	at java.lang.Thread.run(Thread.java:745)

   Locked ownable synchronizers:
	- None

"RMI TCP Connection(1)-127.0.0.1" #30 daemon prio=5 os_prio=0 tid=0x00007f44dc5de3c0 nid=0x52e9 runnable [0x00007f44d18de000]
   java.lang.Thread.State: RUNNABLE
	at java.net.SocketInputStream.socketRead0(Native Method)
	at java.net.SocketInputStream.socketRead(SocketInputStream.java:116)
	at java.net.SocketInputStream.read(SocketInputStream.java:170)
	at java.net.SocketInputStream.read(SocketInputStream.java:141)
	at java.io.BufferedInputStream.fill(BufferedInputStream.java:246)
	at java.io.BufferedInputStream.read(BufferedInputStream.java:265)
	- locked <0x00000000e5d87100> (a java.io.BufferedInputStream)
	at java.io.FilterInputStream.read(FilterInputStream.java:83)
	at sun.rmi.transport.tcp.TCPTransport.handleMessages(TCPTransport.java:550)
	at sun.rmi.transport.tcp.TCPTransport$ConnectionHandler.run0(TCPTransport.java:826)
	at sun.rmi.transport.tcp.TCPTransport$ConnectionHandler.lambda$run$241(TCPTransport.java:683)
	at sun.rmi.transport.tcp.TCPTransport$ConnectionHandler$$Lambda$47/1413197890.run(Unknown Source)
	at java.security.AccessController.doPrivileged(Native Method)
	at sun.rmi.transport.tcp.TCPTransport$ConnectionHandler.run(TCPTransport.java:682)
	at java.util.concurrent.ThreadPoolExecutor.runWorker(ThreadPoolExecutor.java:1142)
	at java.util.concurrent.ThreadPoolExecutor$Worker.run(ThreadPoolExecutor.java:617)
	at java.lang.Thread.run(Thread.java:745)

   Locked ownable synchronizers:
	- <0x00000000e495d3f0> (a java.util.concurrent.ThreadPoolExecutor$Worker)

"GC Daemon" #29 daemon prio=2 os_prio=3 tid=0x00007f44f093ce40 nid=0x52e8 in Object.wait() [0x00007f44d1933000]
   java.lang.Thread.State: TIMED_WAITING (on object monitor)
	at java.lang.Object.wait(Native Method)
	- waiting on <0x00000000e3f2acf8> (a sun.misc.GC$LatencyLock)
	at sun.misc.GC$Daemon.run(GC.java:117)
	- locked <0x00000000e3f2acf8> (a sun.misc.GC$LatencyLock)

   Locked ownable synchronizers:
	- None

"RMI Reaper" #28 prio=5 os_prio=0 tid=0x00007f44f093b460 nid=0x52e7 in Object.wait() [0x00007f44d1974000]
   java.lang.Thread.State: WAITING (on object monitor)
	at java.lang.Object.wait(Native Method)
	- waiting on <0x00000000e5d8d790> (a java.lang.ref.ReferenceQueue$Lock)
	at java.lang.ref.ReferenceQueue.remove(ReferenceQueue.java:143)
	- locked <0x00000000e5d8d790> (a java.lang.ref.ReferenceQueue$Lock)
	at java.lang.ref.ReferenceQueue.remove(ReferenceQueue.java:164)
	at sun.rmi.transport.ObjectTable$Reaper.run(ObjectTable.java:351)
	at java.lang.Thread.run(Thread.java:745)

   Locked ownable synchronizers:
	- None

"RMI TCP Accept-0" #27 daemon prio=5 os_prio=0 tid=0x00007f44f093a0b0 nid=0x52e6 runnable [0x00007f44d19b5000]
   java.lang.Thread.State: RUNNABLE
	at java.net.PlainSocketImpl.socketAccept(Native Method)
	at java.net.AbstractPlainSocketImpl.accept(AbstractPlainSocketImpl.java:404)
	at java.net.ServerSocket.implAccept(ServerSocket.java:545)
	at java.net.ServerSocket.accept(ServerSocket.java:513)
	at sun.rmi.transport.tcp.TCPTransport$AcceptLoop.executeAcceptLoop(TCPTransport.java:400)
	at sun.rmi.transport.tcp.TCPTransport$AcceptLoop.run(TCPTransport.java:372)
	at java.lang.Thread.run(Thread.java:745)

   Locked ownable synchronizers:
	- None

"RMI TCP Accept-7100" #26 daemon prio=5 os_prio=0 tid=0x00007f44f0936f80 nid=0x52e5 runnable [0x00007f44d3efa000]
   java.lang.Thread.State: RUNNABLE
	at java.net.PlainSocketImpl.socketAccept(Native Method)
	at java.net.AbstractPlainSocketImpl.accept(AbstractPlainSocketImpl.java:404)
	at java.net.ServerSocket.implAccept(ServerSocket.java:545)
	at java.net.ServerSocket.accept(ServerSocket.java:513)
	at sun.rmi.transport.tcp.TCPTransport$AcceptLoop.executeAcceptLoop(TCPTransport.java:400)
	at sun.rmi.transport.tcp.TCPTransport$AcceptLoop.run(TCPTransport.java:372)
	at java.lang.Thread.run(Thread.java:745)

   Locked ownable synchronizers:
	- None

"OptionalTasks:1" #25 daemon prio=5 os_prio=0 tid=0x00007f44f088e070 nid=0x52e4 waiting on condition [0x00007f44d1bf6000]
   java.lang.Thread.State: TIMED_WAITING (parking)
	at sun.misc.Unsafe.park(Native Method)
	- parking to wait for  <0x00000000e3f0cc10> (a java.util.concurrent.locks.AbstractQueuedSynchronizer$ConditionObject)
	at java.util.concurrent.locks.LockSupport.parkNanos(LockSupport.java:215)
	at java.util.concurrent.locks.AbstractQueuedSynchronizer$ConditionObject.awaitNanos(AbstractQueuedSynchronizer.java:2078)
	at java.util.concurrent.ScheduledThreadPoolExecutor$DelayedWorkQueue.take(ScheduledThreadPoolExecutor.java:1093)
	at java.util.concurrent.ScheduledThreadPoolExecutor$DelayedWorkQueue.take(ScheduledThreadPoolExecutor.java:809)
	at java.util.concurrent.ThreadPoolExecutor.getTask(ThreadPoolExecutor.java:1067)
	at java.util.concurrent.ThreadPoolExecutor.runWorker(ThreadPoolExecutor.java:1127)
	at java.util.concurrent.ThreadPoolExecutor$Worker.run(ThreadPoolExecutor.java:617)
	at java.lang.Thread.run(Thread.java:745)

   Locked ownable synchronizers:
	- None

"COMMIT-LOG-ALLOCATOR" #24 prio=5 os_prio=0 tid=0x00007f44f0878c00 nid=0x52e3 waiting on condition [0x00007f44d3c37000]
   java.lang.Thread.State: WAITING (parking)
	at sun.misc.Unsafe.park(Native Method)
	- parking to wait for  <0x00000000e4cbed18> (a java.util.concurrent.locks.AbstractQueuedSynchronizer$ConditionObject)
	at java.util.concurrent.locks.LockSupport.park(LockSupport.java:175)
	at java.util.concurrent.locks.AbstractQueuedSynchronizer$ConditionObject.await(AbstractQueuedSynchronizer.java:2039)
	at java.util.concurrent.LinkedBlockingQueue.take(LinkedBlockingQueue.java:442)
	at org.apache.cassandra.db.commitlog.CommitLogSegmentManager$1.runMayThrow(CommitLogSegmentManager.java:146)
	at org.apache.cassandra.utils.WrappedRunnable.run(WrappedRunnable.java:28)
	at java.lang.Thread.run(Thread.java:745)

   Locked ownable synchronizers:
	- None

"PERIODIC-COMMIT-LOG-SYNCER" #23 prio=5 os_prio=0 tid=0x00007f44f08778a0 nid=0x52e2 waiting on condition [0x00007f44d3c78000]
   java.lang.Thread.State: TIMED_WAITING (parking)
	at sun.misc.Unsafe.park(Native Method)
	- parking to wait for  <0x00000000e4c76070> (a java.util.concurrent.Semaphore$NonfairSync)
	at java.util.concurrent.locks.LockSupport.parkNanos(LockSupport.java:215)
	at java.util.concurrent.locks.AbstractQueuedSynchronizer.doAcquireSharedNanos(AbstractQueuedSynchronizer.java:1037)
	at java.util.concurrent.locks.AbstractQueuedSynchronizer.tryAcquireSharedNanos(AbstractQueuedSynchronizer.java:1328)
	at java.util.concurrent.Semaphore.tryAcquire(Semaphore.java:409)
	at org.apache.cassandra.db.commitlog.AbstractCommitLogService$1.run(AbstractCommitLogService.java:134)
	at java.lang.Thread.run(Thread.java:745)

   Locked ownable synchronizers:
	- None

"SlabPoolCleaner" #22 daemon prio=5 os_prio=0 tid=0x00007f44f085f3e0 nid=0x52e1 waiting on condition [0x00007f44d3eb9000]
   java.lang.Thread.State: WAITING (parking)
	at sun.misc.Unsafe.park(Native Method)
	at java.util.concurrent.locks.LockSupport.park(LockSupport.java:304)
	at org.apache.cassandra.utils.concurrent.WaitQueue$AbstractSignal.awaitUninterruptibly(WaitQueue.java:279)
	at org.apache.cassandra.utils.memory.MemtableCleanerThread.run(MemtableCleanerThread.java:66)

   Locked ownable synchronizers:
	- None

"SecondaryIndexManagement:1" #20 daemon prio=5 os_prio=0 tid=0x00007f44f084ff30 nid=0x52df waiting on condition [0x00007f44d3f3b000]
   java.lang.Thread.State: TIMED_WAITING (parking)
	at sun.misc.Unsafe.park(Native Method)
	- parking to wait for  <0x00000000e4702030> (a java.util.concurrent.locks.AbstractQueuedSynchronizer$ConditionObject)
	at java.util.concurrent.locks.LockSupport.parkNanos(LockSupport.java:215)
	at java.util.concurrent.locks.AbstractQueuedSynchronizer$ConditionObject.awaitNanos(AbstractQueuedSynchronizer.java:2078)
	at java.util.concurrent.LinkedBlockingQueue.poll(LinkedBlockingQueue.java:467)
	at java.util.concurrent.ThreadPoolExecutor.getTask(ThreadPoolExecutor.java:1066)
	at java.util.concurrent.ThreadPoolExecutor.runWorker(ThreadPoolExecutor.java:1127)
	at java.util.concurrent.ThreadPoolExecutor$Worker.run(ThreadPoolExecutor.java:617)
	at java.lang.Thread.run(Thread.java:745)

   Locked ownable synchronizers:
	- None

"MemtableReclaimMemory:1" #19 daemon prio=5 os_prio=0 tid=0x00007f44f081ce00 nid=0x52de waiting on condition [0x00007f44d3f7c000]
   java.lang.Thread.State: TIMED_WAITING (parking)
	at sun.misc.Unsafe.park(Native Method)
	- parking to wait for  <0x00000000e42d4100> (a java.util.concurrent.locks.AbstractQueuedSynchronizer$ConditionObject)
	at java.util.concurrent.locks.LockSupport.parkNanos(LockSupport.java:215)
	at java.util.concurrent.locks.AbstractQueuedSynchronizer$ConditionObject.awaitNanos(AbstractQueuedSynchronizer.java:2078)
	at java.util.concurrent.LinkedBlockingQueue.poll(LinkedBlockingQueue.java:467)
	at java.util.concurrent.ThreadPoolExecutor.getTask(ThreadPoolExecutor.java:1066)
	at java.util.concurrent.ThreadPoolExecutor.runWorker(ThreadPoolExecutor.java:1127)
	at java.util.concurrent.ThreadPoolExecutor$Worker.run(ThreadPoolExecutor.java:617)
	at java.lang.Thread.run(Thread.java:745)

   Locked ownable synchronizers:
	- None

"MemtablePostFlush:1" #18 daemon prio=5 os_prio=0 tid=0x00007f44f081b900 nid=0x52dd waiting on condition [0x00007f44d3fbd000]
   java.lang.Thread.State: TIMED_WAITING (parking)
	at sun.misc.Unsafe.park(Native Method)
	- parking to wait for  <0x00000000e4702078> (a java.util.concurrent.locks.AbstractQueuedSynchronizer$ConditionObject)
	at java.util.concurrent.locks.LockSupport.parkNanos(LockSupport.java:215)
	at java.util.concurrent.locks.AbstractQueuedSynchronizer$ConditionObject.awaitNanos(AbstractQueuedSynchronizer.java:2078)
	at java.util.concurrent.LinkedBlockingQueue.poll(LinkedBlockingQueue.java:467)
	at java.util.concurrent.ThreadPoolExecutor.getTask(ThreadPoolExecutor.java:1066)
	at java.util.concurrent.ThreadPoolExecutor.runWorker(ThreadPoolExecutor.java:1127)
	at java.util.concurrent.ThreadPoolExecutor$Worker.run(ThreadPoolExecutor.java:617)
	at java.lang.Thread.run(Thread.java:745)

   Locked ownable synchronizers:
	- None

"MemtableFlushWriter:2" #17 daemon prio=5 os_prio=0 tid=0x00007f44f0819cf0 nid=0x52dc waiting on condition [0x00007f44d3ffe000]
   java.lang.Thread.State: TIMED_WAITING (parking)
	at sun.misc.Unsafe.park(Native Method)
	- parking to wait for  <0x00000000e47020c0> (a java.util.concurrent.locks.AbstractQueuedSynchronizer$ConditionObject)
	at java.util.concurrent.locks.LockSupport.parkNanos(LockSupport.java:215)
	at java.util.concurrent.locks.AbstractQueuedSynchronizer$ConditionObject.awaitNanos(AbstractQueuedSynchronizer.java:2078)
	at java.util.concurrent.LinkedBlockingQueue.poll(LinkedBlockingQueue.java:467)
	at java.util.concurrent.ThreadPoolExecutor.getTask(ThreadPoolExecutor.java:1066)
	at java.util.concurrent.ThreadPoolExecutor.runWorker(ThreadPoolExecutor.java:1127)
	at java.util.concurrent.ThreadPoolExecutor$Worker.run(ThreadPoolExecutor.java:617)
	at java.lang.Thread.run(Thread.java:745)

   Locked ownable synchronizers:
	- None

"MemtableFlushWriter:1" #16 daemon prio=5 os_prio=0 tid=0x00007f44f0818340 nid=0x52db waiting on condition [0x00007f44d804b000]
   java.lang.Thread.State: TIMED_WAITING (parking)
	at sun.misc.Unsafe.park(Native Method)
	- parking to wait for  <0x00000000e47020c0> (a java.util.concurrent.locks.AbstractQueuedSynchronizer$ConditionObject)
	at java.util.concurrent.locks.LockSupport.parkNanos(LockSupport.java:215)
	at java.util.concurrent.locks.AbstractQueuedSynchronizer$ConditionObject.awaitNanos(AbstractQueuedSynchronizer.java:2078)
	at java.util.concurrent.LinkedBlockingQueue.poll(LinkedBlockingQueue.java:467)
	at java.util.concurrent.ThreadPoolExecutor.getTask(ThreadPoolExecutor.java:1066)
	at java.util.concurrent.ThreadPoolExecutor.runWorker(ThreadPoolExecutor.java:1127)
	at java.util.concurrent.ThreadPoolExecutor$Worker.run(ThreadPoolExecutor.java:617)
	at java.lang.Thread.run(Thread.java:745)

   Locked ownable synchronizers:
	- None

"Background_Reporter:1" #15 daemon prio=5 os_prio=0 tid=0x00007f44dc5613e0 nid=0x52da waiting on condition [0x00007f44d8499000]
   java.lang.Thread.State: TIMED_WAITING (parking)
	at sun.misc.Unsafe.park(Native Method)
	- parking to wait for  <0x00000000e403b5c8> (a java.util.concurrent.locks.AbstractQueuedSynchronizer$ConditionObject)
	at java.util.concurrent.locks.LockSupport.parkNanos(LockSupport.java:215)
	at java.util.concurrent.locks.AbstractQueuedSynchronizer$ConditionObject.awaitNanos(AbstractQueuedSynchronizer.java:2078)
	at java.util.concurrent.ScheduledThreadPoolExecutor$DelayedWorkQueue.take(ScheduledThreadPoolExecutor.java:1093)
	at java.util.concurrent.ScheduledThreadPoolExecutor$DelayedWorkQueue.take(ScheduledThreadPoolExecutor.java:809)
	at java.util.concurrent.ThreadPoolExecutor.getTask(ThreadPoolExecutor.java:1067)
	at java.util.concurrent.ThreadPoolExecutor.runWorker(ThreadPoolExecutor.java:1127)
	at java.util.concurrent.ThreadPoolExecutor$Worker.run(ThreadPoolExecutor.java:617)
	at java.lang.Thread.run(Thread.java:745)

   Locked ownable synchronizers:
	- None

"EXPIRING-MAP-REAPER:1" #14 daemon prio=5 os_prio=0 tid=0x00007f44dc555800 nid=0x52d9 waiting on condition [0x00007f44d86da000]
   java.lang.Thread.State: TIMED_WAITING (parking)
	at sun.misc.Unsafe.park(Native Method)
	- parking to wait for  <0x00000000e403b3a0> (a java.util.concurrent.locks.AbstractQueuedSynchronizer$ConditionObject)
	at java.util.concurrent.locks.LockSupport.parkNanos(LockSupport.java:215)
	at java.util.concurrent.locks.AbstractQueuedSynchronizer$ConditionObject.awaitNanos(AbstractQueuedSynchronizer.java:2078)
	at java.util.concurrent.ScheduledThreadPoolExecutor$DelayedWorkQueue.take(ScheduledThreadPoolExecutor.java:1093)
	at java.util.concurrent.ScheduledThreadPoolExecutor$DelayedWorkQueue.take(ScheduledThreadPoolExecutor.java:809)
	at java.util.concurrent.ThreadPoolExecutor.getTask(ThreadPoolExecutor.java:1067)
	at java.util.concurrent.ThreadPoolExecutor.runWorker(ThreadPoolExecutor.java:1127)
	at java.util.concurrent.ThreadPoolExecutor$Worker.run(ThreadPoolExecutor.java:617)
	at java.lang.Thread.run(Thread.java:745)

   Locked ownable synchronizers:
	- None

"ScheduledTasks:1" #13 daemon prio=5 os_prio=0 tid=0x00007f44f065ae40 nid=0x52d8 runnable [0x00007f44d8b6b000]
   java.lang.Thread.State: TIMED_WAITING (parking)
	at sun.misc.Unsafe.park(Native Method)
	- parking to wait for  <0x00000000e409aa30> (a java.util.concurrent.locks.AbstractQueuedSynchronizer$ConditionObject)
	at java.util.concurrent.locks.LockSupport.parkNanos(LockSupport.java:215)
	at java.util.concurrent.locks.AbstractQueuedSynchronizer$ConditionObject.awaitNanos(AbstractQueuedSynchronizer.java:2078)
	at java.util.concurrent.ScheduledThreadPoolExecutor$DelayedWorkQueue.take(ScheduledThreadPoolExecutor.java:1093)
	at java.util.concurrent.ScheduledThreadPoolExecutor$DelayedWorkQueue.take(ScheduledThreadPoolExecutor.java:809)
	at java.util.concurrent.ThreadPoolExecutor.getTask(ThreadPoolExecutor.java:1067)
	at java.util.concurrent.ThreadPoolExecutor.runWorker(ThreadPoolExecutor.java:1127)
	at java.util.concurrent.ThreadPoolExecutor$Worker.run(ThreadPoolExecutor.java:617)
	at java.lang.Thread.run(Thread.java:745)

   Locked ownable synchronizers:
	- None

"AsyncAppender-Worker-ASYNCDEBUGLOG" #12 daemon prio=5 os_prio=0 tid=0x00007f44f04b0dc0 nid=0x52d7 waiting on condition [0x00007f44d8fac000]
   java.lang.Thread.State: WAITING (parking)
	at sun.misc.Unsafe.park(Native Method)
	- parking to wait for  <0x00000000e3e217f8> (a java.util.concurrent.locks.AbstractQueuedSynchronizer$ConditionObject)
	at java.util.concurrent.locks.LockSupport.park(LockSupport.java:175)
	at java.util.concurrent.locks.AbstractQueuedSynchronizer$ConditionObject.await(AbstractQueuedSynchronizer.java:2039)
	at java.util.concurrent.ArrayBlockingQueue.take(ArrayBlockingQueue.java:403)
	at ch.qos.logback.core.AsyncAppenderBase$Worker.run(AsyncAppenderBase.java:250)

   Locked ownable synchronizers:
	- None

"Service Thread" #9 daemon prio=9 os_prio=0 tid=0x00007f44f0243ee0 nid=0x52d5 runnable [0x0000000000000000]
   java.lang.Thread.State: RUNNABLE

   Locked ownable synchronizers:
	- None

"C1 CompilerThread2" #8 daemon prio=9 os_prio=0 tid=0x00007f44f0239410 nid=0x52d4 waiting on condition [0x0000000000000000]
   java.lang.Thread.State: RUNNABLE

   Locked ownable synchronizers:
	- None

"C2 CompilerThread1" #7 daemon prio=9 os_prio=0 tid=0x00007f44f02379a0 nid=0x52d3 runnable [0x0000000000000000]
   java.lang.Thread.State: RUNNABLE

   Locked ownable synchronizers:
	- None

"C2 CompilerThread0" #6 daemon prio=9 os_prio=0 tid=0x00007f44f0230e20 nid=0x52d2 runnable [0x0000000000000000]
   java.lang.Thread.State: RUNNABLE

   Locked ownable synchronizers:
	- None

"Signal Dispatcher" #5 daemon prio=9 os_prio=0 tid=0x00007f44f013ee60 nid=0x52d1 runnable [0x0000000000000000]
   java.lang.Thread.State: RUNNABLE

   Locked ownable synchronizers:
	- None

"Surrogate Locker Thread (Concurrent GC)" #4 daemon prio=9 os_prio=0 tid=0x00007f44f013b0c0 nid=0x52d0 waiting on condition [0x0000000000000000]
   java.lang.Thread.State: RUNNABLE

   Locked ownable synchronizers:
	- None

"Finalizer" #3 daemon prio=8 os_prio=0 tid=0x00007f44f0104db0 nid=0x52cf in Object.wait() [0x00007f44e0e6d000]
   java.lang.Thread.State: WAITING (on object monitor)
	at java.lang.Object.wait(Native Method)
	- waiting on <0x00000000e3ebf840> (a java.lang.ref.ReferenceQueue$Lock)
	at java.lang.ref.ReferenceQueue.remove(ReferenceQueue.java:143)
	- locked <0x00000000e3ebf840> (a java.lang.ref.ReferenceQueue$Lock)
	at java.lang.ref.ReferenceQueue.remove(ReferenceQueue.java:164)
	at java.lang.ref.Finalizer$FinalizerThread.run(Finalizer.java:209)

   Locked ownable synchronizers:
	- None

"Reference Handler" #2 daemon prio=10 os_prio=0 tid=0x00007f44f0103490 nid=0x52ce in Object.wait() [0x00007f44e0eae000]
   java.lang.Thread.State: WAITING (on object monitor)
	at java.lang.Object.wait(Native Method)
	- waiting on <0x00000000e3e21840> (a java.lang.ref.Reference$Lock)
	at java.lang.Object.wait(Object.java:502)
	at java.lang.ref.Reference$ReferenceHandler.run(Reference.java:157)
	- locked <0x00000000e3e21840> (a java.lang.ref.Reference$Lock)

   Locked ownable synchronizers:
	- None

"VM Thread" os_prio=0 tid=0x00007f44f00fea80 nid=0x52cd runnable 

"Gang worker#0 (Parallel GC Threads)" os_prio=0 tid=0x00007f44f001af80 nid=0x52c8 runnable 

"Gang worker#1 (Parallel GC Threads)" os_prio=0 tid=0x00007f44f001c370 nid=0x52c9 runnable 

"Gang worker#2 (Parallel GC Threads)" os_prio=0 tid=0x00007f44f001d760 nid=0x52ca runnable 

"Gang worker#3 (Parallel GC Threads)" os_prio=0 tid=0x00007f44f001eb50 nid=0x52cb runnable 

"Concurrent Mark-Sweep GC Thread" os_prio=0 tid=0x00007f44f00610e0 nid=0x52cc runnable 

"VM Periodic Task Thread" os_prio=0 tid=0x00007f44f0246640 nid=0x52d6 waiting on condition 

JNI global references: 705


/usr/lib/jvm/jdk1.8.0_45/bin/jstack stderr:


/usr/lib/jvm/jdk1.8.0_45/bin/jmap stdout:
Attaching to process ID 21190, please wait...
Debugger attached successfully.
Server compiler detected.
JVM version is 25.45-b02

using parallel threads in the new generation.
using thread-local object allocation.
Concurrent Mark-Sweep GC

Heap Configuration:
   MinHeapFreeRatio         = 40
   MaxHeapFreeRatio         = 70
   MaxHeapSize              = 524288000 (500.0MB)
   NewSize                  = 52428800 (50.0MB)
   MaxNewSize               = 52428800 (50.0MB)
   OldSize                  = 471859200 (450.0MB)
   NewRatio                 = 2
   SurvivorRatio            = 8
   MetaspaceSize            = 21807104 (20.796875MB)
   CompressedClassSpaceSize = 1073741824 (1024.0MB)
   MaxMetaspaceSize         = 17592186044415 MB
   G1HeapRegionSize         = 0 (0.0MB)

Heap Usage:
New Generation (Eden + 1 Survivor Space):
   capacity = 47185920 (45.0MB)
   used     = 42927392 (40.938751220703125MB)
   free     = 4258528 (4.061248779296875MB)
   90.97500271267361% used
Eden Space:
   capacity = 41943040 (40.0MB)
   used     = 37843672 (36.090538024902344MB)
   free     = 4099368 (3.9094619750976562MB)
   90.22634506225586% used
From Space:
   capacity = 5242880 (5.0MB)
   used     = 5083720 (4.848213195800781MB)
   free     = 159160 (0.15178680419921875MB)
   96.96426391601562% used
To Space:
   capacity = 5242880 (5.0MB)
   used     = 0 (0.0MB)
   free     = 5242880 (5.0MB)
   0.0% used
concurrent mark-sweep generation:
   capacity = 471859200 (450.0MB)
   used     = 5773497299341435456 (5.506036090222774E12MB)
   free     = 12086149954643 MB
   1.223563575605061E12% used

13658 interned Strings occupying 1888512 bytes.

/usr/lib/jvm/jdk1.8.0_45/bin/jmap stderr:


pidstat stdout:
Linux 3.16.0-4-amd64 (ip-172-31-10-51) 	12/07/2015 	_x86_64_	(4 CPU)

06:11:54 PM   UID       PID    %usr %system  %guest    %CPU   CPU  Command
06:11:55 PM     0        13    0.00    2.00    0.00    2.00     1  ksoftirqd/1
06:11:55 PM  1001     21190    6.00    0.00    0.00    6.00     3  java

06:11:55 PM   UID       PID    %usr %system  %guest    %CPU   CPU  Command
06:11:56 PM     0         7    0.00    1.00    0.00    1.00     1  rcu_sched
06:11:56 PM  1001     21190    1.00    0.00    0.00    1.00     3  java

06:11:56 PM   UID       PID    %usr %system  %guest    %CPU   CPU  Command
06:11:57 PM     0        13    0.00    2.97    0.00    2.97     1  ksoftirqd/1
06:11:57 PM  1001     21190    0.99    0.00    0.00    0.99     3  java
06:11:57 PM  1001     21295    0.00    0.99    0.00    0.99     1  pidstat

06:11:57 PM   UID       PID    %usr %system  %guest    %CPU   CPU  Command
06:11:58 PM     0         7    0.00    2.00    0.00    2.00     1  rcu_sched
06:11:58 PM  1001     21190    1.00    0.00    0.00    1.00     3  java

06:11:58 PM   UID       PID    %usr %system  %guest    %CPU   CPU  Command
06:11:59 PM     0        13    0.00    2.00    0.00    2.00     1  ksoftirqd/1
06:11:59 PM  1001     21190    1.00    0.00    0.00    1.00     3  java
06:11:59 PM  1001     21295    1.00    0.00    0.00    1.00     1  pidstat

Average:      UID       PID    %usr %system  %guest    %CPU   CPU  Command
Average:        0         7    0.00    0.60    0.00    0.60     -  rcu_sched
Average:        0        13    0.00    1.40    0.00    1.40     -  ksoftirqd/1
Average:     1001     21190    2.00    0.00    0.00    2.00     -  java
Average:     1001     21295    0.20    0.20    0.00    0.40     -  pidstat

pidstat stderr:


df stdout:
Filesystem     1K-blocks    Used Available Use% Mounted on
/dev/xvda1       8121784 2745360   4940816  36% /

df stderr:


attempting to connect to 127.0.0.1:9042 via TCP
recieved from socket:
�???????l???
?fInvalid or unsupported protocol version (115); the lowest supported version is 3 and the greatest is 4???????????????????????????????????????????????????????????????????????????????????????????????????????????????????????????????????????????????????????????????????????????????????????????????????????????????????????????????????????????????????????????????????????????????????????????????????????????????????????????????????????????????????????????????????????????????????????????????????????????????????????????????????????????????????????????????????????????????????????????????????????????????????????????????????????????????????????????????????????????????????????????????????????????????????????????????????????????????????????????????????????????????????????????????????????????????????????????????????????????????????????????????????????????????????????????????????????????????????????????????????????????????????????????????????????????????????????????????????????????????????????????????????????????????????????????????????????????????????????????????????????????????????????????????????????????????????????????????????????????????????????????????????????????????????????????????????????????????????????????????????????????????????????????????????????????????????????????????????????????????????????????????????????????????????????????????????????????????????????????????????????????????????????????????????????????????????????????????????????????????????????????????????????????????????????????????????????????????????????????????????????????????????????????????????????????????????????????????????????????????????????????????????????????????????????????????????????????????????????????????????????????????????????????????????????????????????????????????????????????????????????????????????????????????????????????????????????????????????????????????????????????????????????????????????????????????????????????????????????????????????????????????????????????????????????????????????????????????????????????????????????????????????????????????????????????????????????????????????????????????????????????????????????????????????????????????????????????????????????????????????????????????????????????????????????????????????????????????????????????????????????????????????????????????????????????????????????????????????????????????????????????????????????????????????????????????????????????????????????????????????????????????????????????????????????????????????????????????????????????????????????????????????????????????????????????????????????????????????????????????????????????????????????????????????????????????????????????????????????????????????????????????????????????????????????????????????????????????????????????????????????????????????????????????????????????????????????????????????????????????????????????????????????????????????????????????????????????????????????????????????????????????????????????????????????????????????????????????????????????????????????????????????????????????????????????????????????????????????????????????????????????????????????????????????????????????????????????????????????????????????????????????????????????????????????????????????????????????????????????????????????????????????????????????????????????????????????????????????????????????????????????????????????????????????????????????????????????????????????????????????????????????????????????????????????????????????????????????????????????????????????????????????????????????????????????????????????????????????????????????????????????????????????????????????????????????????????????????????????????????????????????????????????????????????????????????????????????????????????????????????????????????????????????????????????????????????????????????????????????????????????????????????????????????????????????????????????????????????????????????????????????????????????????????????????????????????????????????????????????????????????????????????????????????????????????????????????????????????????????????????????????????????????????????????????????????????????????printing from the socket blew up, but that's ok
attempting connection to 127.0.0.1
connected successfully.
Creating schema...
[]
removing ccm cluster test at: /mnt/tmp/dtest-PWP7yN
clearing ssl stores from [/mnt/tmp/dtest-PWP7yN] directory
]]></system-out></testcase><testcase classname="batch_test.TestBatch" name="logged_batch_rejects_counter_mutations_test" time="15.452"><system-out><![CDATA[cluster ccm directory: /mnt/tmp/dtest-U39HVb
attempting connection to 127.0.0.1
cassandra PID: 21407
/usr/lib/jvm/jdk1.8.0_45/bin/jstack stdout:
2015-12-07 18:12:07
Full thread dump Java HotSpot(TM) 64-Bit Server VM (25.45-b02 mixed mode):

"DestroyJavaVM" #73 prio=5 os_prio=0 tid=0x00007f7efc41acf0 nid=0x53a0 waiting on condition [0x0000000000000000]
   java.lang.Thread.State: RUNNABLE

   Locked ownable synchronizers:
	- None

"epollEventLoopGroup-2-1" #63 prio=10 os_prio=0 tid=0x00007f7efcd02520 nid=0x53f6 runnable [0x00007f7ed85a7000]
   java.lang.Thread.State: RUNNABLE
	at io.netty.channel.epoll.Native.epollWait(Native Method)
	at io.netty.channel.epoll.EpollEventLoop.epollWait(EpollEventLoop.java:194)
	at io.netty.channel.epoll.EpollEventLoop.run(EpollEventLoop.java:219)
	at io.netty.util.concurrent.SingleThreadEventExecutor$2.run(SingleThreadEventExecutor.java:116)
	at io.netty.util.concurrent.DefaultThreadFactory$DefaultRunnableDecorator.run(DefaultThreadFactory.java:137)
	at java.lang.Thread.run(Thread.java:745)

   Locked ownable synchronizers:
	- None

"Attach Listener" #72 daemon prio=9 os_prio=0 tid=0x00007f7efccfd0a0 nid=0x53f5 waiting on condition [0x0000000000000000]
   java.lang.Thread.State: RUNNABLE

   Locked ownable synchronizers:
	- None

"process reaper" #62 daemon prio=10 os_prio=0 tid=0x00007f7efccb2760 nid=0x53ea waiting on condition [0x00007f7ed8621000]
   java.lang.Thread.State: TIMED_WAITING (parking)
	at sun.misc.Unsafe.park(Native Method)
	- parking to wait for  <0x00000000e1c48140> (a java.util.concurrent.SynchronousQueue$TransferStack)
	at java.util.concurrent.locks.LockSupport.parkNanos(LockSupport.java:215)
	at java.util.concurrent.SynchronousQueue$TransferStack.awaitFulfill(SynchronousQueue.java:460)
	at java.util.concurrent.SynchronousQueue$TransferStack.transfer(SynchronousQueue.java:362)
	at java.util.concurrent.SynchronousQueue.poll(SynchronousQueue.java:941)
	at java.util.concurrent.ThreadPoolExecutor.getTask(ThreadPoolExecutor.java:1066)
	at java.util.concurrent.ThreadPoolExecutor.runWorker(ThreadPoolExecutor.java:1127)
	at java.util.concurrent.ThreadPoolExecutor$Worker.run(ThreadPoolExecutor.java:617)
	at java.lang.Thread.run(Thread.java:745)

   Locked ownable synchronizers:
	- None

"PendingRangeCalculator:1" #61 daemon prio=5 os_prio=0 tid=0x00007f7efcc60780 nid=0x53e0 waiting on condition [0x00007f7ed8668000]
   java.lang.Thread.State: TIMED_WAITING (parking)
	at sun.misc.Unsafe.park(Native Method)
	- parking to wait for  <0x00000000e0dadeb8> (a java.util.concurrent.locks.AbstractQueuedSynchronizer$ConditionObject)
	at java.util.concurrent.locks.LockSupport.parkNanos(LockSupport.java:215)
	at java.util.concurrent.locks.AbstractQueuedSynchronizer$ConditionObject.awaitNanos(AbstractQueuedSynchronizer.java:2078)
	at java.util.concurrent.LinkedBlockingQueue.poll(LinkedBlockingQueue.java:467)
	at java.util.concurrent.ThreadPoolExecutor.getTask(ThreadPoolExecutor.java:1066)
	at java.util.concurrent.ThreadPoolExecutor.runWorker(ThreadPoolExecutor.java:1127)
	at java.util.concurrent.ThreadPoolExecutor$Worker.run(ThreadPoolExecutor.java:617)
	at java.lang.Thread.run(Thread.java:745)

   Locked ownable synchronizers:
	- None

"ReadRepairStage:4" #60 daemon prio=5 os_prio=0 tid=0x00007f7efcb6fe30 nid=0x53df waiting on condition [0x00007f7ed86c2000]
   java.lang.Thread.State: TIMED_WAITING (parking)
	at sun.misc.Unsafe.park(Native Method)
	- parking to wait for  <0x00000000e3916498> (a java.util.concurrent.locks.AbstractQueuedSynchronizer$ConditionObject)
	at java.util.concurrent.locks.LockSupport.parkNanos(LockSupport.java:215)
	at java.util.concurrent.locks.AbstractQueuedSynchronizer$ConditionObject.awaitNanos(AbstractQueuedSynchronizer.java:2078)
	at java.util.concurrent.LinkedBlockingQueue.poll(LinkedBlockingQueue.java:467)
	at java.util.concurrent.ThreadPoolExecutor.getTask(ThreadPoolExecutor.java:1066)
	at java.util.concurrent.ThreadPoolExecutor.runWorker(ThreadPoolExecutor.java:1127)
	at java.util.concurrent.ThreadPoolExecutor$Worker.run(ThreadPoolExecutor.java:617)
	at java.lang.Thread.run(Thread.java:745)

   Locked ownable synchronizers:
	- None

"ReadRepairStage:3" #59 daemon prio=5 os_prio=0 tid=0x00007f7efcb6e800 nid=0x53de waiting on condition [0x00007f7ed8703000]
   java.lang.Thread.State: TIMED_WAITING (parking)
	at sun.misc.Unsafe.park(Native Method)
	- parking to wait for  <0x00000000e3916498> (a java.util.concurrent.locks.AbstractQueuedSynchronizer$ConditionObject)
	at java.util.concurrent.locks.LockSupport.parkNanos(LockSupport.java:215)
	at java.util.concurrent.locks.AbstractQueuedSynchronizer$ConditionObject.awaitNanos(AbstractQueuedSynchronizer.java:2078)
	at java.util.concurrent.LinkedBlockingQueue.poll(LinkedBlockingQueue.java:467)
	at java.util.concurrent.ThreadPoolExecutor.getTask(ThreadPoolExecutor.java:1066)
	at java.util.concurrent.ThreadPoolExecutor.runWorker(ThreadPoolExecutor.java:1127)
	at java.util.concurrent.ThreadPoolExecutor$Worker.run(ThreadPoolExecutor.java:617)
	at java.lang.Thread.run(Thread.java:745)

   Locked ownable synchronizers:
	- None

"ReadRepairStage:2" #58 daemon prio=5 os_prio=0 tid=0x00007f7efcb6d090 nid=0x53dd waiting on condition [0x00007f7ed8744000]
   java.lang.Thread.State: TIMED_WAITING (parking)
	at sun.misc.Unsafe.park(Native Method)
	- parking to wait for  <0x00000000e3916498> (a java.util.concurrent.locks.AbstractQueuedSynchronizer$ConditionObject)
	at java.util.concurrent.locks.LockSupport.parkNanos(LockSupport.java:215)
	at java.util.concurrent.locks.AbstractQueuedSynchronizer$ConditionObject.awaitNanos(AbstractQueuedSynchronizer.java:2078)
	at java.util.concurrent.LinkedBlockingQueue.poll(LinkedBlockingQueue.java:467)
	at java.util.concurrent.ThreadPoolExecutor.getTask(ThreadPoolExecutor.java:1066)
	at java.util.concurrent.ThreadPoolExecutor.runWorker(ThreadPoolExecutor.java:1127)
	at java.util.concurrent.ThreadPoolExecutor$Worker.run(ThreadPoolExecutor.java:617)
	at java.lang.Thread.run(Thread.java:745)

   Locked ownable synchronizers:
	- None

"ReadRepairStage:1" #57 daemon prio=5 os_prio=0 tid=0x00007f7efcb6b920 nid=0x53dc waiting on condition [0x00007f7ed8785000]
   java.lang.Thread.State: TIMED_WAITING (parking)
	at sun.misc.Unsafe.park(Native Method)
	- parking to wait for  <0x00000000e3916498> (a java.util.concurrent.locks.AbstractQueuedSynchronizer$ConditionObject)
	at java.util.concurrent.locks.LockSupport.parkNanos(LockSupport.java:215)
	at java.util.concurrent.locks.AbstractQueuedSynchronizer$ConditionObject.awaitNanos(AbstractQueuedSynchronizer.java:2078)
	at java.util.concurrent.LinkedBlockingQueue.poll(LinkedBlockingQueue.java:467)
	at java.util.concurrent.ThreadPoolExecutor.getTask(ThreadPoolExecutor.java:1066)
	at java.util.concurrent.ThreadPoolExecutor.runWorker(ThreadPoolExecutor.java:1127)
	at java.util.concurrent.ThreadPoolExecutor$Worker.run(ThreadPoolExecutor.java:617)
	at java.lang.Thread.run(Thread.java:745)

   Locked ownable synchronizers:
	- None

"MiscStage:1" #56 daemon prio=5 os_prio=0 tid=0x00007f7efcb6a1b0 nid=0x53db waiting on condition [0x00007f7ed87c6000]
   java.lang.Thread.State: TIMED_WAITING (parking)
	at sun.misc.Unsafe.park(Native Method)
	- parking to wait for  <0x00000000e3919530> (a java.util.concurrent.locks.AbstractQueuedSynchronizer$ConditionObject)
	at java.util.concurrent.locks.LockSupport.parkNanos(LockSupport.java:215)
	at java.util.concurrent.locks.AbstractQueuedSynchronizer$ConditionObject.awaitNanos(AbstractQueuedSynchronizer.java:2078)
	at java.util.concurrent.LinkedBlockingQueue.poll(LinkedBlockingQueue.java:467)
	at java.util.concurrent.ThreadPoolExecutor.getTask(ThreadPoolExecutor.java:1066)
	at java.util.concurrent.ThreadPoolExecutor.runWorker(ThreadPoolExecutor.java:1127)
	at java.util.concurrent.ThreadPoolExecutor$Worker.run(ThreadPoolExecutor.java:617)
	at java.lang.Thread.run(Thread.java:745)

   Locked ownable synchronizers:
	- None

"MigrationStage:1" #55 daemon prio=5 os_prio=0 tid=0x00007f7efcb68bb0 nid=0x53da waiting on condition [0x00007f7ed8807000]
   java.lang.Thread.State: TIMED_WAITING (parking)
	at sun.misc.Unsafe.park(Native Method)
	- parking to wait for  <0x00000000e3919c20> (a java.util.concurrent.locks.AbstractQueuedSynchronizer$ConditionObject)
	at java.util.concurrent.locks.LockSupport.parkNanos(LockSupport.java:215)
	at java.util.concurrent.locks.AbstractQueuedSynchronizer$ConditionObject.awaitNanos(AbstractQueuedSynchronizer.java:2078)
	at java.util.concurrent.LinkedBlockingQueue.poll(LinkedBlockingQueue.java:467)
	at java.util.concurrent.ThreadPoolExecutor.getTask(ThreadPoolExecutor.java:1066)
	at java.util.concurrent.ThreadPoolExecutor.runWorker(ThreadPoolExecutor.java:1127)
	at java.util.concurrent.ThreadPoolExecutor$Worker.run(ThreadPoolExecutor.java:617)
	at java.lang.Thread.run(Thread.java:745)

   Locked ownable synchronizers:
	- None

"AntiEntropyStage:1" #54 daemon prio=5 os_prio=0 tid=0x00007f7efcb67850 nid=0x53d9 waiting on condition [0x00007f7ed8848000]
   java.lang.Thread.State: TIMED_WAITING (parking)
	at sun.misc.Unsafe.park(Native Method)
	- parking to wait for  <0x00000000e391adb8> (a java.util.concurrent.locks.AbstractQueuedSynchronizer$ConditionObject)
	at java.util.concurrent.locks.LockSupport.parkNanos(LockSupport.java:215)
	at java.util.concurrent.locks.AbstractQueuedSynchronizer$ConditionObject.awaitNanos(AbstractQueuedSynchronizer.java:2078)
	at java.util.concurrent.LinkedBlockingQueue.poll(LinkedBlockingQueue.java:467)
	at java.util.concurrent.ThreadPoolExecutor.getTask(ThreadPoolExecutor.java:1066)
	at java.util.concurrent.ThreadPoolExecutor.runWorker(ThreadPoolExecutor.java:1127)
	at java.util.concurrent.ThreadPoolExecutor$Worker.run(ThreadPoolExecutor.java:617)
	at java.lang.Thread.run(Thread.java:745)

   Locked ownable synchronizers:
	- None

"GossipStage:1" #53 daemon prio=5 os_prio=0 tid=0x00007f7efcb664f0 nid=0x53d8 waiting on condition [0x00007f7ed8889000]
   java.lang.Thread.State: TIMED_WAITING (parking)
	at sun.misc.Unsafe.park(Native Method)
	- parking to wait for  <0x00000000e391b480> (a java.util.concurrent.locks.AbstractQueuedSynchronizer$ConditionObject)
	at java.util.concurrent.locks.LockSupport.parkNanos(LockSupport.java:215)
	at java.util.concurrent.locks.AbstractQueuedSynchronizer$ConditionObject.awaitNanos(AbstractQueuedSynchronizer.java:2078)
	at java.util.concurrent.LinkedBlockingQueue.poll(LinkedBlockingQueue.java:467)
	at java.util.concurrent.ThreadPoolExecutor.getTask(ThreadPoolExecutor.java:1066)
	at java.util.concurrent.ThreadPoolExecutor.runWorker(ThreadPoolExecutor.java:1127)
	at java.util.concurrent.ThreadPoolExecutor$Worker.run(ThreadPoolExecutor.java:617)
	at java.lang.Thread.run(Thread.java:745)

   Locked ownable synchronizers:
	- None

"InternalResponseStage:4" #52 daemon prio=5 os_prio=0 tid=0x00007f7efcb65190 nid=0x53d7 waiting on condition [0x00007f7ed88ca000]
   java.lang.Thread.State: TIMED_WAITING (parking)
	at sun.misc.Unsafe.park(Native Method)
	- parking to wait for  <0x00000000e3917480> (a java.util.concurrent.locks.AbstractQueuedSynchronizer$ConditionObject)
	at java.util.concurrent.locks.LockSupport.parkNanos(LockSupport.java:215)
	at java.util.concurrent.locks.AbstractQueuedSynchronizer$ConditionObject.awaitNanos(AbstractQueuedSynchronizer.java:2078)
	at java.util.concurrent.LinkedBlockingQueue.poll(LinkedBlockingQueue.java:467)
	at java.util.concurrent.ThreadPoolExecutor.getTask(ThreadPoolExecutor.java:1066)
	at java.util.concurrent.ThreadPoolExecutor.runWorker(ThreadPoolExecutor.java:1127)
	at java.util.concurrent.ThreadPoolExecutor$Worker.run(ThreadPoolExecutor.java:617)
	at java.lang.Thread.run(Thread.java:745)

   Locked ownable synchronizers:
	- None

"InternalResponseStage:3" #51 daemon prio=5 os_prio=0 tid=0x00007f7efcb63830 nid=0x53d6 waiting on condition [0x00007f7ed890b000]
   java.lang.Thread.State: TIMED_WAITING (parking)
	at sun.misc.Unsafe.park(Native Method)
	- parking to wait for  <0x00000000e3917480> (a java.util.concurrent.locks.AbstractQueuedSynchronizer$ConditionObject)
	at java.util.concurrent.locks.LockSupport.parkNanos(LockSupport.java:215)
	at java.util.concurrent.locks.AbstractQueuedSynchronizer$ConditionObject.awaitNanos(AbstractQueuedSynchronizer.java:2078)
	at java.util.concurrent.LinkedBlockingQueue.poll(LinkedBlockingQueue.java:467)
	at java.util.concurrent.ThreadPoolExecutor.getTask(ThreadPoolExecutor.java:1066)
	at java.util.concurrent.ThreadPoolExecutor.runWorker(ThreadPoolExecutor.java:1127)
	at java.util.concurrent.ThreadPoolExecutor$Worker.run(ThreadPoolExecutor.java:617)
	at java.lang.Thread.run(Thread.java:745)

   Locked ownable synchronizers:
	- None

"InternalResponseStage:2" #50 daemon prio=5 os_prio=0 tid=0x00007f7efcb62830 nid=0x53d5 waiting on condition [0x00007f7ed894c000]
   java.lang.Thread.State: TIMED_WAITING (parking)
	at sun.misc.Unsafe.park(Native Method)
	- parking to wait for  <0x00000000e3917480> (a java.util.concurrent.locks.AbstractQueuedSynchronizer$ConditionObject)
	at java.util.concurrent.locks.LockSupport.parkNanos(LockSupport.java:215)
	at java.util.concurrent.locks.AbstractQueuedSynchronizer$ConditionObject.awaitNanos(AbstractQueuedSynchronizer.java:2078)
	at java.util.concurrent.LinkedBlockingQueue.poll(LinkedBlockingQueue.java:467)
	at java.util.concurrent.ThreadPoolExecutor.getTask(ThreadPoolExecutor.java:1066)
	at java.util.concurrent.ThreadPoolExecutor.runWorker(ThreadPoolExecutor.java:1127)
	at java.util.concurrent.ThreadPoolExecutor$Worker.run(ThreadPoolExecutor.java:617)
	at java.lang.Thread.run(Thread.java:745)

   Locked ownable synchronizers:
	- None

"InternalResponseStage:1" #49 daemon prio=5 os_prio=0 tid=0x00007f7efcb60bf0 nid=0x53d4 waiting on condition [0x00007f7ed898d000]
   java.lang.Thread.State: TIMED_WAITING (parking)
	at sun.misc.Unsafe.park(Native Method)
	- parking to wait for  <0x00000000e3917480> (a java.util.concurrent.locks.AbstractQueuedSynchronizer$ConditionObject)
	at java.util.concurrent.locks.LockSupport.parkNanos(LockSupport.java:215)
	at java.util.concurrent.locks.AbstractQueuedSynchronizer$ConditionObject.awaitNanos(AbstractQueuedSynchronizer.java:2078)
	at java.util.concurrent.LinkedBlockingQueue.poll(LinkedBlockingQueue.java:467)
	at java.util.concurrent.ThreadPoolExecutor.getTask(ThreadPoolExecutor.java:1066)
	at java.util.concurrent.ThreadPoolExecutor.runWorker(ThreadPoolExecutor.java:1127)
	at java.util.concurrent.ThreadPoolExecutor$Worker.run(ThreadPoolExecutor.java:617)
	at java.lang.Thread.run(Thread.java:745)

   Locked ownable synchronizers:
	- None

"LocalPool-Cleaner:1" #48 daemon prio=5 os_prio=0 tid=0x00007f7efca48ea0 nid=0x53d3 in Object.wait() [0x00007f7ed89ce000]
   java.lang.Thread.State: WAITING (on object monitor)
	at java.lang.Object.wait(Native Method)
	- waiting on <0x00000000e391fc68> (a java.lang.ref.ReferenceQueue$Lock)
	at java.lang.ref.ReferenceQueue.remove(ReferenceQueue.java:143)
	- locked <0x00000000e391fc68> (a java.lang.ref.ReferenceQueue$Lock)
	at java.lang.ref.ReferenceQueue.remove(ReferenceQueue.java:164)
	at org.apache.cassandra.utils.memory.BufferPool$2.run(BufferPool.java:490)
	at java.util.concurrent.ThreadPoolExecutor.runWorker(ThreadPoolExecutor.java:1142)
	at java.util.concurrent.ThreadPoolExecutor$Worker.run(ThreadPoolExecutor.java:617)
	at java.lang.Thread.run(Thread.java:745)

   Locked ownable synchronizers:
	- <0x00000000e391f8f8> (a java.util.concurrent.ThreadPoolExecutor$Worker)

"BatchlogTasks:1" #46 daemon prio=5 os_prio=0 tid=0x00007f7efca44150 nid=0x53d1 waiting on condition [0x00007f7ed8a0f000]
   java.lang.Thread.State: TIMED_WAITING (parking)
	at sun.misc.Unsafe.park(Native Method)
	- parking to wait for  <0x00000000e390e820> (a java.util.concurrent.locks.AbstractQueuedSynchronizer$ConditionObject)
	at java.util.concurrent.locks.LockSupport.parkNanos(LockSupport.java:215)
	at java.util.concurrent.locks.AbstractQueuedSynchronizer$ConditionObject.awaitNanos(AbstractQueuedSynchronizer.java:2078)
	at java.util.concurrent.ScheduledThreadPoolExecutor$DelayedWorkQueue.take(ScheduledThreadPoolExecutor.java:1093)
	at java.util.concurrent.ScheduledThreadPoolExecutor$DelayedWorkQueue.take(ScheduledThreadPoolExecutor.java:809)
	at java.util.concurrent.ThreadPoolExecutor.getTask(ThreadPoolExecutor.java:1067)
	at java.util.concurrent.ThreadPoolExecutor.runWorker(ThreadPoolExecutor.java:1127)
	at java.util.concurrent.ThreadPoolExecutor$Worker.run(ThreadPoolExecutor.java:617)
	at java.lang.Thread.run(Thread.java:745)

   Locked ownable synchronizers:
	- None

"ACCEPT-/127.0.0.1" #45 prio=5 os_prio=0 tid=0x00007f7efca40ea0 nid=0x53d0 runnable [0x00007f7ed8c50000]
   java.lang.Thread.State: RUNNABLE
	at sun.nio.ch.ServerSocketChannelImpl.accept0(Native Method)
	at sun.nio.ch.ServerSocketChannelImpl.accept(ServerSocketChannelImpl.java:422)
	at sun.nio.ch.ServerSocketChannelImpl.accept(ServerSocketChannelImpl.java:250)
	- locked <0x00000000e397cf70> (a java.lang.Object)
	at sun.nio.ch.ServerSocketAdaptor.accept(ServerSocketAdaptor.java:100)
	- locked <0x00000000e397cf80> (a java.lang.Object)
	at org.apache.cassandra.net.MessagingService$SocketThread.run(MessagingService.java:1014)

   Locked ownable synchronizers:
	- None

"GossipTasks:1" #44 daemon prio=5 os_prio=0 tid=0x00007f7efca3a4c0 nid=0x53cf waiting on condition [0x00007f7ed8c91000]
   java.lang.Thread.State: TIMED_WAITING (parking)
	at sun.misc.Unsafe.park(Native Method)
	- parking to wait for  <0x00000000e4c9fad8> (a java.util.concurrent.locks.AbstractQueuedSynchronizer$ConditionObject)
	at java.util.concurrent.locks.LockSupport.parkNanos(LockSupport.java:215)
	at java.util.concurrent.locks.AbstractQueuedSynchronizer$ConditionObject.awaitNanos(AbstractQueuedSynchronizer.java:2078)
	at java.util.concurrent.ScheduledThreadPoolExecutor$DelayedWorkQueue.take(ScheduledThreadPoolExecutor.java:1093)
	at java.util.concurrent.ScheduledThreadPoolExecutor$DelayedWorkQueue.take(ScheduledThreadPoolExecutor.java:809)
	at java.util.concurrent.ThreadPoolExecutor.getTask(ThreadPoolExecutor.java:1067)
	at java.util.concurrent.ThreadPoolExecutor.runWorker(ThreadPoolExecutor.java:1127)
	at java.util.concurrent.ThreadPoolExecutor$Worker.run(ThreadPoolExecutor.java:617)
	at java.lang.Thread.run(Thread.java:745)

   Locked ownable synchronizers:
	- None

"Reference-Reaper:1" #43 daemon prio=5 os_prio=0 tid=0x00007f7ee01a43a0 nid=0x53ce in Object.wait() [0x00007f7ed8cd4000]
   java.lang.Thread.State: WAITING (on object monitor)
	at java.lang.Object.wait(Native Method)
	- waiting on <0x00000000e3922278> (a java.lang.ref.ReferenceQueue$Lock)
	at java.lang.ref.ReferenceQueue.remove(ReferenceQueue.java:143)
	- locked <0x00000000e3922278> (a java.lang.ref.ReferenceQueue$Lock)
	at java.lang.ref.ReferenceQueue.remove(ReferenceQueue.java:164)
	at org.apache.cassandra.utils.concurrent.Ref$ReferenceReaper.run(Ref.java:339)
	at java.util.concurrent.ThreadPoolExecutor.runWorker(ThreadPoolExecutor.java:1142)
	at java.util.concurrent.ThreadPoolExecutor$Worker.run(ThreadPoolExecutor.java:617)
	at java.lang.Thread.run(Thread.java:745)

   Locked ownable synchronizers:
	- <0x00000000e3935b68> (a java.util.concurrent.ThreadPoolExecutor$Worker)

"IndexSummaryManager:1" #41 daemon prio=1 os_prio=4 tid=0x00007f7efca2a700 nid=0x53cd waiting on condition [0x00007f7ed8d15000]
   java.lang.Thread.State: TIMED_WAITING (parking)
	at sun.misc.Unsafe.park(Native Method)
	- parking to wait for  <0x00000000e394f388> (a java.util.concurrent.locks.AbstractQueuedSynchronizer$ConditionObject)
	at java.util.concurrent.locks.LockSupport.parkNanos(LockSupport.java:215)
	at java.util.concurrent.locks.AbstractQueuedSynchronizer$ConditionObject.awaitNanos(AbstractQueuedSynchronizer.java:2078)
	at java.util.concurrent.ScheduledThreadPoolExecutor$DelayedWorkQueue.take(ScheduledThreadPoolExecutor.java:1093)
	at java.util.concurrent.ScheduledThreadPoolExecutor$DelayedWorkQueue.take(ScheduledThreadPoolExecutor.java:809)
	at java.util.concurrent.ThreadPoolExecutor.getTask(ThreadPoolExecutor.java:1067)
	at java.util.concurrent.ThreadPoolExecutor.runWorker(ThreadPoolExecutor.java:1127)
	at java.util.concurrent.ThreadPoolExecutor$Worker.run(ThreadPoolExecutor.java:617)
	at java.lang.Thread.run(Thread.java:745)

   Locked ownable synchronizers:
	- None

"HintsDispatcher:1" #40 daemon prio=1 os_prio=4 tid=0x00007f7efca16c90 nid=0x53cc waiting on condition [0x00007f7ed8d56000]
   java.lang.Thread.State: TIMED_WAITING (parking)
	at sun.misc.Unsafe.park(Native Method)
	- parking to wait for  <0x00000000e3905720> (a java.util.concurrent.locks.AbstractQueuedSynchronizer$ConditionObject)
	at java.util.concurrent.locks.LockSupport.parkNanos(LockSupport.java:215)
	at java.util.concurrent.locks.AbstractQueuedSynchronizer$ConditionObject.awaitNanos(AbstractQueuedSynchronizer.java:2078)
	at java.util.concurrent.LinkedBlockingQueue.poll(LinkedBlockingQueue.java:467)
	at java.util.concurrent.ThreadPoolExecutor.getTask(ThreadPoolExecutor.java:1066)
	at java.util.concurrent.ThreadPoolExecutor.runWorker(ThreadPoolExecutor.java:1127)
	at java.util.concurrent.ThreadPoolExecutor$Worker.run(ThreadPoolExecutor.java:617)
	at java.lang.Thread.run(Thread.java:745)

   Locked ownable synchronizers:
	- None

"CacheCleanupExecutor:1" #39 daemon prio=1 os_prio=4 tid=0x00007f7efc9a0600 nid=0x53cb waiting on condition [0x00007f7ed8f97000]
   java.lang.Thread.State: TIMED_WAITING (parking)
	at sun.misc.Unsafe.park(Native Method)
	- parking to wait for  <0x00000000e3f50bc8> (a java.util.concurrent.locks.AbstractQueuedSynchronizer$ConditionObject)
	at java.util.concurrent.locks.LockSupport.parkNanos(LockSupport.java:215)
	at java.util.concurrent.locks.AbstractQueuedSynchronizer$ConditionObject.awaitNanos(AbstractQueuedSynchronizer.java:2078)
	at java.util.concurrent.LinkedBlockingQueue.poll(LinkedBlockingQueue.java:467)
	at java.util.concurrent.ThreadPoolExecutor.getTask(ThreadPoolExecutor.java:1066)
	at java.util.concurrent.ThreadPoolExecutor.runWorker(ThreadPoolExecutor.java:1127)
	at java.util.concurrent.ThreadPoolExecutor$Worker.run(ThreadPoolExecutor.java:617)
	at java.lang.Thread.run(Thread.java:745)

   Locked ownable synchronizers:
	- None

"ValidationExecutor:1" #38 daemon prio=1 os_prio=4 tid=0x00007f7efc99cd10 nid=0x53ca waiting on condition [0x00007f7ed8fd8000]
   java.lang.Thread.State: TIMED_WAITING (parking)
	at sun.misc.Unsafe.park(Native Method)
[...]
   java.lang.Thread.State: TIMED_WAITING (parking)
	at sun.misc.Unsafe.park(Native Method)
	- parking to wait for  <0x00000000e470d368> (a java.util.concurrent.locks.AbstractQueuedSynchronizer$ConditionObject)
	at java.util.concurrent.locks.LockSupport.parkNanos(LockSupport.java:215)
	at java.util.concurrent.locks.AbstractQueuedSynchronizer$ConditionObject.awaitNanos(AbstractQueuedSynchronizer.java:2078)
	at java.util.concurrent.LinkedBlockingQueue.poll(LinkedBlockingQueue.java:467)
	at java.util.concurrent.ThreadPoolExecutor.getTask(ThreadPoolExecutor.java:1066)
	at java.util.concurrent.ThreadPoolExecutor.runWorker(ThreadPoolExecutor.java:1127)
	at java.util.concurrent.ThreadPoolExecutor$Worker.run(ThreadPoolExecutor.java:617)
	at java.lang.Thread.run(Thread.java:745)

   Locked ownable synchronizers:
	- None

"MemtableReclaimMemory:1" #19 daemon prio=5 os_prio=0 tid=0x00007f22f48a3db0 nid=0x644f waiting on condition [0x00007f22d4bdc000]
   java.lang.Thread.State: TIMED_WAITING (parking)
	at sun.misc.Unsafe.park(Native Method)
	- parking to wait for  <0x00000000e470d3b0> (a java.util.concurrent.locks.AbstractQueuedSynchronizer$ConditionObject)
	at java.util.concurrent.locks.LockSupport.parkNanos(LockSupport.java:215)
	at java.util.concurrent.locks.AbstractQueuedSynchronizer$ConditionObject.awaitNanos(AbstractQueuedSynchronizer.java:2078)
	at java.util.concurrent.LinkedBlockingQueue.poll(LinkedBlockingQueue.java:467)
	at java.util.concurrent.ThreadPoolExecutor.getTask(ThreadPoolExecutor.java:1066)
	at java.util.concurrent.ThreadPoolExecutor.runWorker(ThreadPoolExecutor.java:1127)
	at java.util.concurrent.ThreadPoolExecutor$Worker.run(ThreadPoolExecutor.java:617)
	at java.lang.Thread.run(Thread.java:745)

   Locked ownable synchronizers:
	- None

"MemtablePostFlush:1" #18 daemon prio=5 os_prio=0 tid=0x00007f22f48a28b0 nid=0x644e waiting on condition [0x00007f22d4c1d000]
   java.lang.Thread.State: TIMED_WAITING (parking)
	at sun.misc.Unsafe.park(Native Method)
	- parking to wait for  <0x00000000e470d3f8> (a java.util.concurrent.locks.AbstractQueuedSynchronizer$ConditionObject)
	at java.util.concurrent.locks.LockSupport.parkNanos(LockSupport.java:215)
	at java.util.concurrent.locks.AbstractQueuedSynchronizer$ConditionObject.awaitNanos(AbstractQueuedSynchronizer.java:2078)
	at java.util.concurrent.LinkedBlockingQueue.poll(LinkedBlockingQueue.java:467)
	at java.util.concurrent.ThreadPoolExecutor.getTask(ThreadPoolExecutor.java:1066)
	at java.util.concurrent.ThreadPoolExecutor.runWorker(ThreadPoolExecutor.java:1127)
	at java.util.concurrent.ThreadPoolExecutor$Worker.run(ThreadPoolExecutor.java:617)
	at java.lang.Thread.run(Thread.java:745)

   Locked ownable synchronizers:
	- None

"MemtableFlushWriter:2" #17 daemon prio=5 os_prio=0 tid=0x00007f22f48a0ca0 nid=0x644d waiting on condition [0x00007f22d4c5e000]
   java.lang.Thread.State: TIMED_WAITING (parking)
	at sun.misc.Unsafe.park(Native Method)
	- parking to wait for  <0x00000000e426a458> (a java.util.concurrent.locks.AbstractQueuedSynchronizer$ConditionObject)
	at java.util.concurrent.locks.LockSupport.parkNanos(LockSupport.java:215)
	at java.util.concurrent.locks.AbstractQueuedSynchronizer$ConditionObject.awaitNanos(AbstractQueuedSynchronizer.java:2078)
	at java.util.concurrent.LinkedBlockingQueue.poll(LinkedBlockingQueue.java:467)
	at java.util.concurrent.ThreadPoolExecutor.getTask(ThreadPoolExecutor.java:1066)
	at java.util.concurrent.ThreadPoolExecutor.runWorker(ThreadPoolExecutor.java:1127)
	at java.util.concurrent.ThreadPoolExecutor$Worker.run(ThreadPoolExecutor.java:617)
	at java.lang.Thread.run(Thread.java:745)

   Locked ownable synchronizers:
	- None

"MemtableFlushWriter:1" #16 daemon prio=5 os_prio=0 tid=0x00007f22f489f2f0 nid=0x644c waiting on condition [0x00007f22d4c9f000]
   java.lang.Thread.State: TIMED_WAITING (parking)
	at sun.misc.Unsafe.park(Native Method)
	- parking to wait for  <0x00000000e426a458> (a java.util.concurrent.locks.AbstractQueuedSynchronizer$ConditionObject)
	at java.util.concurrent.locks.LockSupport.parkNanos(LockSupport.java:215)
	at java.util.concurrent.locks.AbstractQueuedSynchronizer$ConditionObject.awaitNanos(AbstractQueuedSynchronizer.java:2078)
	at java.util.concurrent.LinkedBlockingQueue.poll(LinkedBlockingQueue.java:467)
	at java.util.concurrent.ThreadPoolExecutor.getTask(ThreadPoolExecutor.java:1066)
	at java.util.concurrent.ThreadPoolExecutor.runWorker(ThreadPoolExecutor.java:1127)
	at java.util.concurrent.ThreadPoolExecutor$Worker.run(ThreadPoolExecutor.java:617)
	at java.lang.Thread.run(Thread.java:745)

   Locked ownable synchronizers:
	- None

"Background_Reporter:1" #15 daemon prio=5 os_prio=0 tid=0x00007f22e05464d0 nid=0x644b waiting on condition [0x00007f22d50ed000]
   java.lang.Thread.State: TIMED_WAITING (parking)
	at sun.misc.Unsafe.park(Native Method)
	- parking to wait for  <0x00000000e40d2630> (a java.util.concurrent.locks.AbstractQueuedSynchronizer$ConditionObject)
	at java.util.concurrent.locks.LockSupport.parkNanos(LockSupport.java:215)
	at java.util.concurrent.locks.AbstractQueuedSynchronizer$ConditionObject.awaitNanos(AbstractQueuedSynchronizer.java:2078)
	at java.util.concurrent.ScheduledThreadPoolExecutor$DelayedWorkQueue.take(ScheduledThreadPoolExecutor.java:1093)
	at java.util.concurrent.ScheduledThreadPoolExecutor$DelayedWorkQueue.take(ScheduledThreadPoolExecutor.java:809)
	at java.util.concurrent.ThreadPoolExecutor.getTask(ThreadPoolExecutor.java:1067)
	at java.util.concurrent.ThreadPoolExecutor.runWorker(ThreadPoolExecutor.java:1127)
	at java.util.concurrent.ThreadPoolExecutor$Worker.run(ThreadPoolExecutor.java:617)
	at java.lang.Thread.run(Thread.java:745)

   Locked ownable synchronizers:
	- None

"EXPIRING-MAP-REAPER:1" #14 daemon prio=5 os_prio=0 tid=0x00007f22e0537c10 nid=0x644a waiting on condition [0x00007f22d512e000]
   java.lang.Thread.State: TIMED_WAITING (parking)
	at sun.misc.Unsafe.park(Native Method)
	- parking to wait for  <0x00000000e40d2498> (a java.util.concurrent.locks.AbstractQueuedSynchronizer$ConditionObject)
	at java.util.concurrent.locks.LockSupport.parkNanos(LockSupport.java:215)
	at java.util.concurrent.locks.AbstractQueuedSynchronizer$ConditionObject.awaitNanos(AbstractQueuedSynchronizer.java:2078)
	at java.util.concurrent.ScheduledThreadPoolExecutor$DelayedWorkQueue.take(ScheduledThreadPoolExecutor.java:1093)
	at java.util.concurrent.ScheduledThreadPoolExecutor$DelayedWorkQueue.take(ScheduledThreadPoolExecutor.java:809)
	at java.util.concurrent.ThreadPoolExecutor.getTask(ThreadPoolExecutor.java:1067)
	at java.util.concurrent.ThreadPoolExecutor.runWorker(ThreadPoolExecutor.java:1127)
	at java.util.concurrent.ThreadPoolExecutor$Worker.run(ThreadPoolExecutor.java:617)
	at java.lang.Thread.run(Thread.java:745)

   Locked ownable synchronizers:
	- None

"ScheduledTasks:1" #13 daemon prio=5 os_prio=0 tid=0x00007f22f469cad0 nid=0x6449 waiting on condition [0x00007f22d57bf000]
   java.lang.Thread.State: TIMED_WAITING (parking)
	at sun.misc.Unsafe.park(Native Method)
	- parking to wait for  <0x00000000e3e47b18> (a java.util.concurrent.locks.AbstractQueuedSynchronizer$ConditionObject)
	at java.util.concurrent.locks.LockSupport.parkNanos(LockSupport.java:215)
	at java.util.concurrent.locks.AbstractQueuedSynchronizer$ConditionObject.awaitNanos(AbstractQueuedSynchronizer.java:2078)
	at java.util.concurrent.ScheduledThreadPoolExecutor$DelayedWorkQueue.take(ScheduledThreadPoolExecutor.java:1093)
	at java.util.concurrent.ScheduledThreadPoolExecutor$DelayedWorkQueue.take(ScheduledThreadPoolExecutor.java:809)
	at java.util.concurrent.ThreadPoolExecutor.getTask(ThreadPoolExecutor.java:1067)
	at java.util.concurrent.ThreadPoolExecutor.runWorker(ThreadPoolExecutor.java:1127)
	at java.util.concurrent.ThreadPoolExecutor$Worker.run(ThreadPoolExecutor.java:617)
	at java.lang.Thread.run(Thread.java:745)

   Locked ownable synchronizers:
	- None

"AsyncAppender-Worker-ASYNCDEBUGLOG" #12 daemon prio=5 os_prio=0 tid=0x00007f22f44f0a10 nid=0x6448 waiting on condition [0x00007f22d5c00000]
   java.lang.Thread.State: WAITING (parking)
	at sun.misc.Unsafe.park(Native Method)
	- parking to wait for  <0x00000000e3e21678> (a java.util.concurrent.locks.AbstractQueuedSynchronizer$ConditionObject)
	at java.util.concurrent.locks.LockSupport.park(LockSupport.java:175)
	at java.util.concurrent.locks.AbstractQueuedSynchronizer$ConditionObject.await(AbstractQueuedSynchronizer.java:2039)
	at java.util.concurrent.ArrayBlockingQueue.take(ArrayBlockingQueue.java:403)
	at ch.qos.logback.core.AsyncAppenderBase$Worker.run(AsyncAppenderBase.java:250)

   Locked ownable synchronizers:
	- None

"Service Thread" #9 daemon prio=9 os_prio=0 tid=0x00007f22f425e0e0 nid=0x6446 runnable [0x0000000000000000]
   java.lang.Thread.State: RUNNABLE

   Locked ownable synchronizers:
	- None

"C1 CompilerThread2" #8 daemon prio=9 os_prio=0 tid=0x00007f22f42395f0 nid=0x6445 waiting on condition [0x0000000000000000]
   java.lang.Thread.State: RUNNABLE

   Locked ownable synchronizers:
	- None

"C2 CompilerThread1" #7 daemon prio=9 os_prio=0 tid=0x00007f22f4237b80 nid=0x6444 waiting on condition [0x0000000000000000]
   java.lang.Thread.State: RUNNABLE

   Locked ownable synchronizers:
	- None

"C2 CompilerThread0" #6 daemon prio=9 os_prio=0 tid=0x00007f22f4230f40 nid=0x6443 waiting on condition [0x0000000000000000]
   java.lang.Thread.State: RUNNABLE

   Locked ownable synchronizers:
	- None

"Signal Dispatcher" #5 daemon prio=9 os_prio=0 tid=0x00007f22f413eff0 nid=0x6442 runnable [0x0000000000000000]
   java.lang.Thread.State: RUNNABLE

   Locked ownable synchronizers:
	- None

"Surrogate Locker Thread (Concurrent GC)" #4 daemon prio=9 os_prio=0 tid=0x00007f22f413b350 nid=0x6441 waiting on condition [0x0000000000000000]
   java.lang.Thread.State: RUNNABLE

   Locked ownable synchronizers:
	- None

"Finalizer" #3 daemon prio=8 os_prio=0 tid=0x00007f22f4104db0 nid=0x6440 in Object.wait() [0x00007f22e4045000]
   java.lang.Thread.State: WAITING (on object monitor)
	at java.lang.Object.wait(Native Method)
	- waiting on <0x00000000e3e2f110> (a java.lang.ref.ReferenceQueue$Lock)
	at java.lang.ref.ReferenceQueue.remove(ReferenceQueue.java:143)
	- locked <0x00000000e3e2f110> (a java.lang.ref.ReferenceQueue$Lock)
	at java.lang.ref.ReferenceQueue.remove(ReferenceQueue.java:164)
	at java.lang.ref.Finalizer$FinalizerThread.run(Finalizer.java:209)

   Locked ownable synchronizers:
	- None

"Reference Handler" #2 daemon prio=10 os_prio=0 tid=0x00007f22f4103490 nid=0x643f in Object.wait() [0x00007f22e4086000]
   java.lang.Thread.State: WAITING (on object monitor)
	at java.lang.Object.wait(Native Method)
	- waiting on <0x00000000e3e216c0> (a java.lang.ref.Reference$Lock)
	at java.lang.Object.wait(Object.java:502)
	at java.lang.ref.Reference$ReferenceHandler.run(Reference.java:157)
	- locked <0x00000000e3e216c0> (a java.lang.ref.Reference$Lock)

   Locked ownable synchronizers:
	- None

"VM Thread" os_prio=0 tid=0x00007f22f40fea80 nid=0x643e runnable 

"Gang worker#0 (Parallel GC Threads)" os_prio=0 tid=0x00007f22f401af80 nid=0x6439 runnable 

"Gang worker#1 (Parallel GC Threads)" os_prio=0 tid=0x00007f22f401c370 nid=0x643a runnable 

"Gang worker#2 (Parallel GC Threads)" os_prio=0 tid=0x00007f22f401d760 nid=0x643b runnable 

"Gang worker#3 (Parallel GC Threads)" os_prio=0 tid=0x00007f22f401eb50 nid=0x643c runnable 

"Concurrent Mark-Sweep GC Thread" os_prio=0 tid=0x00007f22f40610e0 nid=0x643d runnable 

"VM Periodic Task Thread" os_prio=0 tid=0x00007f22f4260890 nid=0x6447 waiting on condition 

JNI global references: 705


/usr/lib/jvm/jdk1.8.0_45/bin/jstack stderr:


/usr/lib/jvm/jdk1.8.0_45/bin/jmap stdout:
Attaching to process ID 25655, please wait...
Debugger attached successfully.
Server compiler detected.
JVM version is 25.45-b02

using parallel threads in the new generation.
using thread-local object allocation.
Concurrent Mark-Sweep GC

Heap Configuration:
   MinHeapFreeRatio         = 40
   MaxHeapFreeRatio         = 70
   MaxHeapSize              = 524288000 (500.0MB)
   NewSize                  = 52428800 (50.0MB)
   MaxNewSize               = 52428800 (50.0MB)
   OldSize                  = 471859200 (450.0MB)
   NewRatio                 = 2
   SurvivorRatio            = 8
   MetaspaceSize            = 21807104 (20.796875MB)
   CompressedClassSpaceSize = 1073741824 (1024.0MB)
   MaxMetaspaceSize         = 17592186044415 MB
   G1HeapRegionSize         = 0 (0.0MB)

Heap Usage:
New Generation (Eden + 1 Survivor Space):
   capacity = 47185920 (45.0MB)
   used     = 44539528 (42.47620391845703MB)
   free     = 2646392 (2.5237960815429688MB)
   94.39156426323785% used
Eden Space:
   capacity = 41943040 (40.0MB)
   used     = 39366336 (37.54266357421875MB)
   free     = 2576704 (2.45733642578125MB)
   93.85665893554688% used
From Space:
   capacity = 5242880 (5.0MB)
   used     = 5173192 (4.933540344238281MB)
   free     = 69688 (0.06645965576171875MB)
   98.67080688476562% used
To Space:
   capacity = 5242880 (5.0MB)
   used     = 0 (0.0MB)
   free     = 5242880 (5.0MB)
   0.0% used
concurrent mark-sweep generation:
   capacity = 471859200 (450.0MB)
   used     = 7300184557959051968 (6.961998517951062E12MB)
   free     = 10630187526914 MB
   1.5471107817669026E12% used

13680 interned Strings occupying 1890648 bytes.

/usr/lib/jvm/jdk1.8.0_45/bin/jmap stderr:


pidstat stdout:
Linux 3.16.0-4-amd64 (ip-172-31-10-51) 	12/07/2015 	_x86_64_	(4 CPU)

06:56:42 PM   UID       PID    %usr %system  %guest    %CPU   CPU  Command
06:56:43 PM     0        13    0.00    4.00    0.00    4.00     1  ksoftirqd/1
06:56:43 PM     0        18    0.00    1.00    0.00    1.00     2  ksoftirqd/2
06:56:43 PM     0        23    0.00    1.00    0.00    1.00     3  ksoftirqd/3
06:56:43 PM  1001     25655    1.00    0.00    0.00    1.00     1  java

06:56:43 PM   UID       PID    %usr %system  %guest    %CPU   CPU  Command
06:56:44 PM     0         7    0.00    2.00    0.00    2.00     3  rcu_sched
06:56:44 PM  1001     25760    0.00    1.00    0.00    1.00     2  pidstat

06:56:44 PM   UID       PID    %usr %system  %guest    %CPU   CPU  Command
06:56:45 PM     0        18    0.00    2.00    0.00    2.00     2  ksoftirqd/2
06:56:45 PM  1001     25655    1.00    0.00    0.00    1.00     1  java

06:56:45 PM   UID       PID    %usr %system  %guest    %CPU   CPU  Command
06:56:46 PM     0         7    0.00    1.00    0.00    1.00     2  rcu_sched
06:56:46 PM  1001     25655    1.00    0.00    0.00    1.00     1  java
06:56:46 PM  1001     25760    0.00    1.00    0.00    1.00     2  pidstat

06:56:46 PM   UID       PID    %usr %system  %guest    %CPU   CPU  Command
06:56:47 PM     0        18    0.00    3.00    0.00    3.00     2  ksoftirqd/2

Average:      UID       PID    %usr %system  %guest    %CPU   CPU  Command
Average:        0         7    0.00    0.60    0.00    0.60     -  rcu_sched
Average:        0        13    0.00    0.80    0.00    0.80     -  ksoftirqd/1
Average:        0        18    0.00    1.20    0.00    1.20     -  ksoftirqd/2
Average:        0        23    0.00    0.20    0.00    0.20     -  ksoftirqd/3
Average:     1001     25655    0.60    0.00    0.00    0.60     -  java
Average:     1001     25760    0.00    0.40    0.00    0.40     -  pidstat

pidstat stderr:


df stdout:
Filesystem     1K-blocks    Used Available Use% Mounted on
/dev/xvda1       8121784 2915124   4771052  38% /

df stderr:


attempting to connect to 127.0.0.1:9042 via TCP
recieved from socket:
�???????l???
?fInvalid or unsupported protocol version (115); the lowest supported version is 3 and the greatest is 4???????????????????????????????????????????????????????????????????????????????????????????????????????????????????????????????????????????????????????????????????????????????????????????????????????????????????????????????????????????????????????????????????????????????????????????????????????????????????????????????????????????????????????????????????????????????????????????????????????????????????????????????????????????????????????????????????????????????????????????????????????????????????????????????????????????????????????????????????????????????????????????????????????????????????????????????????????????????????????????????????????????????????????????????????????????????????????????????????????????????????????????????????????????????????????????????????????????????????????????????????????????????????????????????????????????????????????????????????????????????????????????????????????????????????????????????????????????????????????????????????????????????????????????????????????????????????????????????????????????????????????????????????????????????????????????????????????????????????????????????????????????????????????????????????????????????????????????????????????????????????????????????????????????????????????????????????????????????????????????????????????????????????????????????????????????????????????????????????????????????????????????????????????????????????????????????????????????????????????????????????????????????????????????????????????????????????????????????????????????????????????????????????????????????????????????????????????????????????????????????????????????????????????????????????????????????????????????????????????????????????????????????????????????????????????????????????????????????????????????????????????????????????????????????????????????????????????????????????????????????????????????????????????????????????????????????????????????????????????????????????????????????????????????????????????????????????????????????????????????????????????????????????????????????????????????????????????????????????????????????????????????????????????????????????????????????????????????????????????????????????????????????????????????????????????????????????????????????????????????????????????????????????????????????????????????????????????????????????????????????????????????????????????????????????????????????????????????????????????????????????????????????????????????????????????????????????????????????????????????????????????????????????????????????????????????????????????????????????????????????????????????????????????????????????????????????????????????????????????????????????????????????????????????????????????????????????????????????????????????????????????????????????????????????????????????????????????????????????????????????????????????????????????????????????????????????????????????????????????????????????????????????????????????????????????????????????????????????????????????????????????????????????????????????????????????????????????????????????????????????????????????????????????????????????????????????????????????????????????????????????????????????????????????????????????????????????????????????????????????????????????????????????????????????????????????????????????????????????????????????????????????????????????????????????????????????????????????????????????????????????????????????????????????????????????????????????????????????????????????????????????????????????????????????????????????????????????????????????????????????????????????????????????????????????????????????????????????????????????????????????????????????????????????????????????????????????????????????????????????????????????????????????????????????????????????????????????????????????????????????????????????????????????????????????????????????????????????????????????????????????????????????????????????????????????????????????????????????????????????????????????????????????????????????????????????????????????????printing from the socket blew up, but that's ok
attempting connection to 127.0.0.1
connected successfully.
removing ccm cluster test at: /mnt/tmp/dtest-UcfFSz
clearing ssl stores from [/mnt/tmp/dtest-UcfFSz] directory
]]></system-out></testcase></testsuite>