<?xml version="1.0" encoding="UTF-8"?><testsuite name="nosetests" tests="1" errors="0" failures="0" skip="0"><testcase classname="jmx_test.TestJMX" name="cfhistograms_test" time="11244.609"><system-out><![CDATA[cluster ccm directory: /mnt/tmp/dtest-NSMV1R
('keyspace1/standard1 histograms\nPercentile  SSTables     Write Latency      Read Latency    Partition Size        Cell Count\n                              (micros)          (micros)           (bytes)                  \n50%             0.00             20.50              0.00               258                 5\n75%             0.00             24.60              0.00               258                 5\n95%             0.00             35.43              0.00               258                 5\n98%             0.00             42.51              0.00               258                 5\n99%             0.00             73.46              0.00               258                 5\nMin             0.00              3.97              0.00               180                 5\nMax             0.00        7152383.77              0.00               258                 5\n\n', '')
attempting connection to 127.0.0.1
connected successfully.
('test/tab histograms\nPercentile  SSTables     Write Latency      Read Latency    Partition Size        Cell Count\n                              (micros)          (micros)           (bytes)                  \n50%             0.00              0.00              0.00               NaN               NaN\n75%             0.00              0.00              0.00               NaN               NaN\n95%             0.00              0.00              0.00               NaN               NaN\n98%             0.00              0.00              0.00               NaN               NaN\n99%             0.00              0.00              0.00               NaN               NaN\nMin             0.00              0.00              0.00               NaN               NaN\nMax             0.00              0.00              0.00               NaN               NaN\n\n', "No SSTables exists, unable to calculate 'Partition Size' and 'Cell Count' percentiles\n")
removing ccm cluster test at: /mnt/tmp/dtest-NSMV1R
clearing ssl stores from [/mnt/tmp/dtest-NSMV1R] directory
]]></system-out></testcase></testsuite>