<?xml version="1.0" encoding="UTF-8"?><testsuite name="nosetests" tests="64" errors="1" failures="0" skip="0"><testcase classname="materialized_views_test.TestMaterializedViews" name="add_dc_after_mv_network_replication_test" time="648.713"><error type="ccmlib.node.TimeoutError" message="07 Dec 2015 18:13:35 [node4] Missing: ['Starting listening for CQL clients']:&#10;INFO  [main] 2015-12-07 18:03:27,411 YamlConfigura.....&#10;See system.log for remainder&#10;-------------------- &gt;&gt; begin captured logging &lt;&lt; --------------------&#10;dtest: DEBUG: cluster ccm directory: /mnt/tmp/dtest-3yMMpW&#10;dtest: DEBUG: attempting connection to 127.0.0.1&#10;dtest: DEBUG: connected successfully.&#10;dtest: DEBUG: Creating schema&#10;dtest: DEBUG: Writing 1k to base&#10;dtest: DEBUG: Reading 1k from view&#10;dtest: DEBUG: Reading 1k from base&#10;dtest: DEBUG: Bootstrapping new node in another dc&#10;--------------------- &gt;&gt; end captured logging &lt;&lt; ---------------------"><![CDATA[  File "/usr/lib/python2.7/unittest/case.py", line 329, in run
    testMethod()
  File "/home/automaton/cassandra-dtest/materialized_views_test.py", line 373, in add_dc_after_mv_network_replication_test
    self._add_dc_after_mv_test({'dc1': 1, 'dc2': 1})
  File "/home/automaton/cassandra-dtest/materialized_views_test.py", line 337, in _add_dc_after_mv_test
    node4.start(wait_other_notice=True, wait_for_binary_proto=True)
  File "/home/automaton/ccm/ccmlib/node.py", line 584, in start
    self.wait_for_binary_interface(from_mark=self.mark)
  File "/home/automaton/ccm/ccmlib/node.py", line 452, in wait_for_binary_interface
    self.watch_log_for("Starting listening for CQL clients", **kwargs)
  File "/home/automaton/ccm/ccmlib/node.py", line 409, in watch_log_for
    raise TimeoutError(time.strftime("%d %b %Y %H:%M:%S", time.gmtime()) + " [" + self.name + "] Missing: " + str([e.pattern for e in tofind]) + ":\n" + reads[:50] + ".....\nSee {} for remainder".format(filename))
"07 Dec 2015 18:13:35 [node4] Missing: ['Starting listening for CQL clients']:\nINFO  [main] 2015-12-07 18:03:27,411 YamlConfigura.....\nSee system.log for remainder\n-------------------- >> begin captured logging << --------------------\ndtest: DEBUG: cluster ccm directory: /mnt/tmp/dtest-3yMMpW\ndtest: DEBUG: attempting connection to 127.0.0.1\ndtest: DEBUG: connected successfully.\ndtest: DEBUG: Creating schema\ndtest: DEBUG: Writing 1k to base\ndtest: DEBUG: Reading 1k from view\ndtest: DEBUG: Reading 1k from base\ndtest: DEBUG: Bootstrapping new node in another dc\n--------------------- >> end captured logging << ---------------------"]]></error><system-out><![CDATA[cluster ccm directory: /mnt/tmp/dtest-3yMMpW
attempting connection to 127.0.0.1
connected successfully.
Creating schema
Writing 1k to base
Reading 1k from view
Reading 1k from base
Bootstrapping new node in another dc
]]></system-out></testcase><testcase classname="materialized_views_test.TestMaterializedViews" name="insert_test" time="27.318"><system-out><![CDATA[cluster ccm directory: /mnt/tmp/dtest-L9ud98
attempting connection to 127.0.0.1
connected successfully.
removing ccm cluster test at: /mnt/tmp/dtest-L9ud98
clearing ssl stores from [/mnt/tmp/dtest-L9ud98] directory
]]></system-out></testcase><testcase classname="upgrade_tests.paging_test.TestPagingQueryIsolationNodes3RF3" name="test_query_isolation" time="142.528"><system-out><![CDATA[cluster ccm directory: /mnt/tmp/dtest-eBmiTz
getting default job version for 3.0.0
UpgradePath(starting_version='binary:2.2.3', upgrade_version=None)
starting from 2.2.3
attempting connection to 127.0.0.1
connected successfully.
upgrading to {'install_dir': '/home/automaton/cassandra'}
attempting connection to 127.0.0.1
connected successfully.
attempting connection to 127.0.0.2
connected successfully.
Querying upgraded node
Querying old node
removing ccm cluster test at: /mnt/tmp/dtest-eBmiTz
clearing ssl stores from [/mnt/tmp/dtest-eBmiTz] directory
]]></system-out></testcase><testcase classname="upgrade_tests.cql_tests.TestCQLNodes2RF1" name="large_count_test" time="61.881"><system-out><![CDATA[cluster ccm directory: /mnt/tmp/dtest-qYg2fw
getting default job version for 3.0.0
UpgradePath(starting_version='binary:2.2.3', upgrade_version=None)
starting from 2.2.3
attempting connection to 127.0.0.1
connected successfully.
upgrading to {'install_dir': '/home/automaton/cassandra'}
attempting connection to 127.0.0.1
connected successfully.
attempting connection to 127.0.0.2
connected successfully.
Querying upgraded node
Querying old node
removing ccm cluster test at: /mnt/tmp/dtest-qYg2fw
clearing ssl stores from [/mnt/tmp/dtest-qYg2fw] directory
]]></system-out></testcase><testcase classname="upgrade_tests.cql_tests.TestCQLNodes2RF1" name="range_tombstones_compaction_test" time="45.099"><system-out><![CDATA[cluster ccm directory: /mnt/tmp/dtest-i6G4iK
getting default job version for 3.0.0
UpgradePath(starting_version='binary:2.2.3', upgrade_version=None)
starting from 2.2.3
attempting connection to 127.0.0.1
connected successfully.
upgrading to {'install_dir': '/home/automaton/cassandra'}
attempting connection to 127.0.0.1
connected successfully.
attempting connection to 127.0.0.2
connected successfully.
Querying upgraded node
Querying old node
removing ccm cluster test at: /mnt/tmp/dtest-i6G4iK
clearing ssl stores from [/mnt/tmp/dtest-i6G4iK] directory
]]></system-out></testcase><testcase classname="upgrade_tests.cql_tests.TestCQLNodes2RF1" name="collection_indexing_test" time="42.217"><system-out><![CDATA[cluster ccm directory: /mnt/tmp/dtest-q4NNC_
getting default job version for 3.0.0
UpgradePath(starting_version='binary:2.2.3', upgrade_version=None)
starting from 2.2.3
attempting connection to 127.0.0.1
connected successfully.
upgrading to {'install_dir': '/home/automaton/cassandra'}
attempting connection to 127.0.0.1
connected successfully.
attempting connection to 127.0.0.2
connected successfully.
Querying upgraded node
Querying old node
removing ccm cluster test at: /mnt/tmp/dtest-q4NNC_
clearing ssl stores from [/mnt/tmp/dtest-q4NNC_] directory
]]></system-out></testcase><testcase classname="upgrade_tests.cql_tests.TestCQLNodes2RF1" name="order_by_test" time="35.727"><system-out><![CDATA[cluster ccm directory: /mnt/tmp/dtest-k9r5cS
getting default job version for 3.0.0
UpgradePath(starting_version='binary:2.2.3', upgrade_version=None)
starting from 2.2.3
attempting connection to 127.0.0.1
connected successfully.
upgrading to {'install_dir': '/home/automaton/cassandra'}
attempting connection to 127.0.0.1
connected successfully.
attempting connection to 127.0.0.2
connected successfully.
Querying upgraded node
Querying old node
removing ccm cluster test at: /mnt/tmp/dtest-k9r5cS
clearing ssl stores from [/mnt/tmp/dtest-k9r5cS] directory
]]></system-out></testcase><testcase classname="upgrade_tests.cql_tests.TestCQLNodes2RF1" name="bug_6069_test" time="32.724"><system-out><![CDATA[cluster ccm directory: /mnt/tmp/dtest-9T02Hh
getting default job version for 3.0.0
UpgradePath(starting_version='binary:2.2.3', upgrade_version=None)
starting from 2.2.3
attempting connection to 127.0.0.1
connected successfully.
upgrading to {'install_dir': '/home/automaton/cassandra'}
attempting connection to 127.0.0.1
connected successfully.
attempting connection to 127.0.0.2
connected successfully.
Querying upgraded node
Querying old node
removing ccm cluster test at: /mnt/tmp/dtest-9T02Hh
clearing ssl stores from [/mnt/tmp/dtest-9T02Hh] directory
]]></system-out></testcase><testcase classname="upgrade_tests.cql_tests.TestCQLNodes2RF1" name="date_test" time="33.581"><system-out><![CDATA[cluster ccm directory: /mnt/tmp/dtest-VIG6MJ
getting default job version for 3.0.0
UpgradePath(starting_version='binary:2.2.3', upgrade_version=None)
starting from 2.2.3
attempting connection to 127.0.0.1
connected successfully.
upgrading to {'install_dir': '/home/automaton/cassandra'}
attempting connection to 127.0.0.1
connected successfully.
attempting connection to 127.0.0.2
connected successfully.
Querying upgraded node
Querying old node
removing ccm cluster test at: /mnt/tmp/dtest-VIG6MJ
clearing ssl stores from [/mnt/tmp/dtest-VIG6MJ] directory
]]></system-out></testcase><testcase classname="upgrade_tests.cql_tests.TestCQLNodes2RF1" name="nonpure_function_collection_test" time="33.599"><system-out><![CDATA[cluster ccm directory: /mnt/tmp/dtest-d70tFF
getting default job version for 3.0.0
UpgradePath(starting_version='binary:2.2.3', upgrade_version=None)
starting from 2.2.3
attempting connection to 127.0.0.1
connected successfully.
upgrading to {'install_dir': '/home/automaton/cassandra'}
attempting connection to 127.0.0.1
connected successfully.
attempting connection to 127.0.0.2
connected successfully.
Querying upgraded node
Querying old node
removing ccm cluster test at: /mnt/tmp/dtest-d70tFF
clearing ssl stores from [/mnt/tmp/dtest-d70tFF] directory
]]></system-out></testcase><testcase classname="upgrade_tests.cql_tests.TestCQLNodes2RF1" name="bug_4882_test" time="33.402"><system-out><![CDATA[cluster ccm directory: /mnt/tmp/dtest-bIc4fH
getting default job version for 3.0.0
UpgradePath(starting_version='binary:2.2.3', upgrade_version=None)
starting from 2.2.3
attempting connection to 127.0.0.1
connected successfully.
upgrading to {'install_dir': '/home/automaton/cassandra'}
attempting connection to 127.0.0.1
connected successfully.
attempting connection to 127.0.0.2
connected successfully.
Querying upgraded node
Querying old node
removing ccm cluster test at: /mnt/tmp/dtest-bIc4fH
clearing ssl stores from [/mnt/tmp/dtest-bIc4fH] directory
]]></system-out></testcase><testcase classname="upgrade_tests.cql_tests.TestCQLNodes2RF1" name="multi_collection_test" time="33.891"><system-out><![CDATA[cluster ccm directory: /mnt/tmp/dtest-u8olkS
getting default job version for 3.0.0
UpgradePath(starting_version='binary:2.2.3', upgrade_version=None)
starting from 2.2.3
attempting connection to 127.0.0.1
connected successfully.
upgrading to {'install_dir': '/home/automaton/cassandra'}
attempting connection to 127.0.0.1
connected successfully.
attempting connection to 127.0.0.2
connected successfully.
Querying upgraded node
Querying old node
removing ccm cluster test at: /mnt/tmp/dtest-u8olkS
clearing ssl stores from [/mnt/tmp/dtest-u8olkS] directory
]]></system-out></testcase><testcase classname="upgrade_tests.cql_tests.TestCQLNodes2RF1" name="limit_bugs_test" time="35.149"><system-out><![CDATA[cluster ccm directory: /mnt/tmp/dtest-MOUnrw
removing ccm cluster test at: /mnt/tmp/dtest-MOUnrw
clearing ssl stores from [/mnt/tmp/dtest-MOUnrw] directory
cluster ccm directory: /mnt/tmp/dtest-TYR5xp
getting default job version for 3.0.0
UpgradePath(starting_version='binary:2.2.3', upgrade_version=None)
starting from 2.2.3
attempting connection to 127.0.0.1
connected successfully.
upgrading to {'install_dir': '/home/automaton/cassandra'}
attempting connection to 127.0.0.1
connected successfully.
attempting connection to 127.0.0.2
connected successfully.
Querying upgraded node
Querying old node
removing ccm cluster test at: /mnt/tmp/dtest-TYR5xp
clearing ssl stores from [/mnt/tmp/dtest-TYR5xp] directory
]]></system-out></testcase><testcase classname="upgrade_tests.cql_tests.TestCQLNodes2RF1" name="batch_and_list_test" time="33.850"><system-out><![CDATA[cluster ccm directory: /mnt/tmp/dtest-aQ_5Gi
getting default job version for 3.0.0
UpgradePath(starting_version='binary:2.2.3', upgrade_version=None)
starting from 2.2.3
attempting connection to 127.0.0.1
connected successfully.
upgrading to {'install_dir': '/home/automaton/cassandra'}
attempting connection to 127.0.0.1
connected successfully.
attempting connection to 127.0.0.2
connected successfully.
Querying upgraded node
Querying old node
removing ccm cluster test at: /mnt/tmp/dtest-aQ_5Gi
clearing ssl stores from [/mnt/tmp/dtest-aQ_5Gi] directory
]]></system-out></testcase><testcase classname="upgrade_tests.cql_tests.TestCQLNodes2RF1" name="map_test" time="34.237"><system-out><![CDATA[cluster ccm directory: /mnt/tmp/dtest-fZ_c5j
getting default job version for 3.0.0
UpgradePath(starting_version='binary:2.2.3', upgrade_version=None)
starting from 2.2.3
attempting connection to 127.0.0.1
connected successfully.
upgrading to {'install_dir': '/home/automaton/cassandra'}
attempting connection to 127.0.0.1
connected successfully.
attempting connection to 127.0.0.2
connected successfully.
Querying upgraded node
Querying old node
removing ccm cluster test at: /mnt/tmp/dtest-fZ_c5j
clearing ssl stores from [/mnt/tmp/dtest-fZ_c5j] directory
]]></system-out></testcase><testcase classname="upgrade_tests.cql_tests.TestCQLNodes3RF3" name="list_item_conditional_test" time="42.817"><system-out><![CDATA[cluster ccm directory: /mnt/tmp/dtest-Q9_3wj
getting default job version for 3.0.0
UpgradePath(starting_version='binary:2.2.3', upgrade_version=None)
starting from 2.2.3
attempting connection to 127.0.0.1
connected successfully.
upgrading to {'install_dir': '/home/automaton/cassandra'}
attempting connection to 127.0.0.1
connected successfully.
attempting connection to 127.0.0.2
connected successfully.
Querying upgraded node
Querying old node
removing ccm cluster test at: /mnt/tmp/dtest-Q9_3wj
clearing ssl stores from [/mnt/tmp/dtest-Q9_3wj] directory
]]></system-out></testcase><testcase classname="upgrade_tests.cql_tests.TestCQLNodes3RF3" name="blobAs_functions_test" time="41.486"><system-out><![CDATA[cluster ccm directory: /mnt/tmp/dtest-05GE8P
getting default job version for 3.0.0
UpgradePath(starting_version='binary:2.2.3', upgrade_version=None)
starting from 2.2.3
attempting connection to 127.0.0.1
connected successfully.
upgrading to {'install_dir': '/home/automaton/cassandra'}
attempting connection to 127.0.0.1
connected successfully.
attempting connection to 127.0.0.2
connected successfully.
Querying upgraded node
Querying old node
removing ccm cluster test at: /mnt/tmp/dtest-05GE8P
clearing ssl stores from [/mnt/tmp/dtest-05GE8P] directory
]]></system-out></testcase><testcase classname="upgrade_tests.cql_tests.TestCQLNodes3RF3" name="static_with_limit_test" time="43.098"><system-out><![CDATA[cluster ccm directory: /mnt/tmp/dtest-66DQMr
getting default job version for 3.0.0
UpgradePath(starting_version='binary:2.2.3', upgrade_version=None)
starting from 2.2.3
attempting connection to 127.0.0.1
connected successfully.
upgrading to {'install_dir': '/home/automaton/cassandra'}
attempting connection to 127.0.0.1
connected successfully.
attempting connection to 127.0.0.2
connected successfully.
Querying upgraded node
Querying old node
removing ccm cluster test at: /mnt/tmp/dtest-66DQMr
clearing ssl stores from [/mnt/tmp/dtest-66DQMr] directory
]]></system-out></testcase><testcase classname="upgrade_tests.cql_tests.TestCQLNodes3RF3" name="counters_test" time="40.735"><system-out><![CDATA[cluster ccm directory: /mnt/tmp/dtest-U9oEMO
getting default job version for 3.0.0
UpgradePath(starting_version='binary:2.2.3', upgrade_version=None)
starting from 2.2.3
attempting connection to 127.0.0.1
connected successfully.
upgrading to {'install_dir': '/home/automaton/cassandra'}
attempting connection to 127.0.0.1
connected successfully.
attempting connection to 127.0.0.2
connected successfully.
Querying upgraded node
Querying old node
removing ccm cluster test at: /mnt/tmp/dtest-U9oEMO
clearing ssl stores from [/mnt/tmp/dtest-U9oEMO] directory
]]></system-out></testcase><testcase classname="upgrade_tests.cql_tests.TestCQLNodes3RF3" name="tuple_notation_test" time="40.235"><system-out><![CDATA[cluster ccm directory: /mnt/tmp/dtest-ocAB9J
getting default job version for 3.0.0
UpgradePath(starting_version='binary:2.2.3', upgrade_version=None)
starting from 2.2.3
attempting connection to 127.0.0.1
connected successfully.
upgrading to {'install_dir': '/home/automaton/cassandra'}
attempting connection to 127.0.0.1
connected successfully.
attempting connection to 127.0.0.2
connected successfully.
Querying upgraded node
Querying old node
removing ccm cluster test at: /mnt/tmp/dtest-ocAB9J
clearing ssl stores from [/mnt/tmp/dtest-ocAB9J] directory
]]></system-out></testcase><testcase classname="upgrade_tests.cql_tests.TestCQLNodes3RF3" name="static_columns_with_2i_test" time="42.332"><system-out><![CDATA[cluster ccm directory: /mnt/tmp/dtest-d86YmF
getting default job version for 3.0.0
UpgradePath(starting_version='binary:2.2.3', upgrade_version=None)
starting from 2.2.3
attempting connection to 127.0.0.1
connected successfully.
upgrading to {'install_dir': '/home/automaton/cassandra'}
attempting connection to 127.0.0.1
connected successfully.
attempting connection to 127.0.0.2
connected successfully.
Querying upgraded node
Querying old node
removing ccm cluster test at: /mnt/tmp/dtest-d86YmF
clearing ssl stores from [/mnt/tmp/dtest-d86YmF] directory
]]></system-out></testcase><testcase classname="upgrade_tests.cql_tests.TestCQLNodes3RF3" name="row_existence_test" time="40.938"><system-out><![CDATA[cluster ccm directory: /mnt/tmp/dtest-fixkBF
getting default job version for 3.0.0
UpgradePath(starting_version='binary:2.2.3', upgrade_version=None)
starting from 2.2.3
attempting connection to 127.0.0.1
connected successfully.
upgrading to {'install_dir': '/home/automaton/cassandra'}
attempting connection to 127.0.0.1
connected successfully.
attempting connection to 127.0.0.2
connected successfully.
Querying upgraded node
Querying old node
removing ccm cluster test at: /mnt/tmp/dtest-fixkBF
clearing ssl stores from [/mnt/tmp/dtest-fixkBF] directory
]]></system-out></testcase><testcase classname="upgrade_tests.cql_tests.TestCQLNodes3RF3" name="order_by_multikey_test" time="40.787"><system-out><![CDATA[cluster ccm directory: /mnt/tmp/dtest-k8Tb_e
removing ccm cluster test at: /mnt/tmp/dtest-k8Tb_e
clearing ssl stores from [/mnt/tmp/dtest-k8Tb_e] directory
cluster ccm directory: /mnt/tmp/dtest-2VitUv
getting default job version for 3.0.0
UpgradePath(starting_version='binary:2.2.3', upgrade_version=None)
starting from 2.2.3
attempting connection to 127.0.0.1
connected successfully.
upgrading to {'install_dir': '/home/automaton/cassandra'}
attempting connection to 127.0.0.1
connected successfully.
attempting connection to 127.0.0.2
connected successfully.
Querying upgraded node
Querying old node
removing ccm cluster test at: /mnt/tmp/dtest-2VitUv
clearing ssl stores from [/mnt/tmp/dtest-2VitUv] directory
]]></system-out></testcase><testcase classname="upgrade_tests.paging_test.TestPagingDataNodes2RF1" name="test_paging_using_secondary_indexes_with_static_cols" time="37.813"><system-out><![CDATA[cluster ccm directory: /mnt/tmp/dtest-rbKsUk
getting default job version for 3.0.0
UpgradePath(starting_version='binary:2.2.3', upgrade_version=None)
starting from 2.2.3
attempting connection to 127.0.0.1
connected successfully.
upgrading to {'install_dir': '/home/automaton/cassandra'}
attempting connection to 127.0.0.1
connected successfully.
attempting connection to 127.0.0.2
connected successfully.
Querying upgraded node
Querying old node
removing ccm cluster test at: /mnt/tmp/dtest-rbKsUk
clearing ssl stores from [/mnt/tmp/dtest-rbKsUk] directory
]]></system-out></testcase><testcase classname="upgrade_tests.paging_test.TestPagingSizeNodes2RF1" name="test_with_no_results" time="33.578"><system-out><![CDATA[cluster ccm directory: /mnt/tmp/dtest-2QHjig
getting default job version for 3.0.0
UpgradePath(starting_version='binary:2.2.3', upgrade_version=None)
starting from 2.2.3
attempting connection to 127.0.0.1
connected successfully.
upgrading to {'install_dir': '/home/automaton/cassandra'}
attempting connection to 127.0.0.1
connected successfully.
attempting connection to 127.0.0.2
connected successfully.
Querying upgraded node
Querying old node
removing ccm cluster test at: /mnt/tmp/dtest-2QHjig
clearing ssl stores from [/mnt/tmp/dtest-2QHjig] directory
]]></system-out></testcase><testcase classname="upgrade_tests.paging_test.TestPagingWithModifiersNodes2RF1" name="test_with_limit" time="34.604"><system-out><![CDATA[cluster ccm directory: /mnt/tmp/dtest-T3APPo
getting default job version for 3.0.0
UpgradePath(starting_version='binary:2.2.3', upgrade_version=None)
starting from 2.2.3
attempting connection to 127.0.0.1
connected successfully.
upgrading to {'install_dir': '/home/automaton/cassandra'}
attempting connection to 127.0.0.1
connected successfully.
attempting connection to 127.0.0.2
connected successfully.
Querying upgraded node
running scenario 1/18: {'expect_pgcount': 1, 'data_size': 30, 'whereclause': 'WHERE id = 6', 'limit': 10, 'fetch': 20, 'expect_pgsizes': [10]}
running scenario 2/18: {'expect_pgcount': 1, 'data_size': 20, 'whereclause': 'WHERE id = 5', 'limit': 10, 'fetch': 30, 'expect_pgsizes': [10]}
running scenario 3/18: {'expect_pgcount': 2, 'data_size': 30, 'whereclause': 'WHERE id = 6', 'limit': 20, 'fetch': 10, 'expect_pgsizes': [10, 10]}
running scenario 4/18: {'expect_pgcount': 2, 'data_size': 20, 'whereclause': 'WHERE id = 5', 'limit': 30, 'fetch': 10, 'expect_pgsizes': [10, 10]}
running scenario 5/18: {'expect_pgcount': 1, 'data_size': 10, 'whereclause': 'WHERE id = 3', 'limit': 20, 'fetch': 30, 'expect_pgsizes': [10]}
running scenario 6/18: {'expect_pgcount': 1, 'data_size': 10, 'whereclause': 'WHERE id = 3', 'limit': 30, 'fetch': 20, 'expect_pgsizes': [10]}
running scenario 7/18: {'expect_pgcount': 1, 'data_size': 80, 'whereclause': 'WHERE id in (1,2,3,4,5,6)', 'limit': 9, 'fetch': 20, 'expect_pgsizes': [9]}
running scenario 8/18: {'expect_pgcount': 1, 'data_size': 20, 'whereclause': 'WHERE id in (3,4)', 'limit': 10, 'fetch': 30, 'expect_pgsizes': [10]}
running scenario 9/18: {'expect_pgcount': 2, 'data_size': 30, 'whereclause': 'WHERE id in (4,5)', 'limit': 20, 'fetch': 10, 'expect_pgsizes': [10, 10]}
running scenario 10/18: {'expect_pgcount': 2, 'data_size': 20, 'whereclause': 'WHERE id in (3,4)', 'limit': 30, 'fetch': 10, 'expect_pgsizes': [10, 10]}
running scenario 11/18: {'expect_pgcount': 1, 'data_size': 10, 'whereclause': 'WHERE id in (1,2)', 'limit': 20, 'fetch': 30, 'expect_pgsizes': [10]}
running scenario 12/18: {'expect_pgcount': 1, 'data_size': 10, 'whereclause': 'WHERE id in (1,2)', 'limit': 30, 'fetch': 20, 'expect_pgsizes': [10]}
running scenario 13/18: {'expect_pgcount': 4, 'data_size': 80, 'whereclause': 'WHERE id in (1,2,3,4,5,6)', 'limit': None, 'fetch': 20, 'expect_pgsizes': [20, 20, 20, 20]}
running scenario 14/18: {'expect_pgcount': 1, 'data_size': 20, 'whereclause': 'WHERE id in (3,4)', 'limit': None, 'fetch': 30, 'expect_pgsizes': [20]}
running scenario 15/18: {'expect_pgcount': 3, 'data_size': 30, 'whereclause': 'WHERE id in (4,5)', 'limit': None, 'fetch': 10, 'expect_pgsizes': [10, 10, 10]}
running scenario 16/18: {'expect_pgcount': 1, 'data_size': 10, 'whereclause': 'WHERE id in (1,2)', 'limit': None, 'fetch': 30, 'expect_pgsizes': [10]}
running scenario 17/18: {'expect_pgcount': 1, 'data_size': 80, 'whereclause': 'WHERE id in (1,2,3,4,5,6)', 'limit': 9, 'fetch': None, 'expect_pgsizes': [9]}
running scenario 18/18: {'expect_pgcount': 1, 'data_size': 10, 'whereclause': 'WHERE id in (1,2)', 'limit': 30, 'fetch': None, 'expect_pgsizes': [10]}
Querying old node
running scenario 1/18: {'expect_pgcount': 1, 'data_size': 30, 'whereclause': 'WHERE id = 6', 'limit': 10, 'fetch': 20, 'expect_pgsizes': [10]}
running scenario 2/18: {'expect_pgcount': 1, 'data_size': 20, 'whereclause': 'WHERE id = 5', 'limit': 10, 'fetch': 30, 'expect_pgsizes': [10]}
running scenario 3/18: {'expect_pgcount': 2, 'data_size': 30, 'whereclause': 'WHERE id = 6', 'limit': 20, 'fetch': 10, 'expect_pgsizes': [10, 10]}
running scenario 4/18: {'expect_pgcount': 2, 'data_size': 20, 'whereclause': 'WHERE id = 5', 'limit': 30, 'fetch': 10, 'expect_pgsizes': [10, 10]}
running scenario 5/18: {'expect_pgcount': 1, 'data_size': 10, 'whereclause': 'WHERE id = 3', 'limit': 20, 'fetch': 30, 'expect_pgsizes': [10]}
running scenario 6/18: {'expect_pgcount': 1, 'data_size': 10, 'whereclause': 'WHERE id = 3', 'limit': 30, 'fetch': 20, 'expect_pgsizes': [10]}
running scenario 7/18: {'expect_pgcount': 1, 'data_size': 80, 'whereclause': 'WHERE id in (1,2,3,4,5,6)', 'limit': 9, 'fetch': 20, 'expect_pgsizes': [9]}
running scenario 8/18: {'expect_pgcount': 1, 'data_size': 20, 'whereclause': 'WHERE id in (3,4)', 'limit': 10, 'fetch': 30, 'expect_pgsizes': [10]}
running scenario 9/18: {'expect_pgcount': 2, 'data_size': 30, 'whereclause': 'WHERE id in (4,5)', 'limit': 20, 'fetch': 10, 'expect_pgsizes': [10, 10]}
running scenario 10/18: {'expect_pgcount': 2, 'data_size': 20, 'whereclause': 'WHERE id in (3,4)', 'limit': 30, 'fetch': 10, 'expect_pgsizes': [10, 10]}
running scenario 11/18: {'expect_pgcount': 1, 'data_size': 10, 'whereclause': 'WHERE id in (1,2)', 'limit': 20, 'fetch': 30, 'expect_pgsizes': [10]}
running scenario 12/18: {'expect_pgcount': 1, 'data_size': 10, 'whereclause': 'WHERE id in (1,2)', 'limit': 30, 'fetch': 20, 'expect_pgsizes': [10]}
running scenario 13/18: {'expect_pgcount': 4, 'data_size': 80, 'whereclause': 'WHERE id in (1,2,3,4,5,6)', 'limit': None, 'fetch': 20, 'expect_pgsizes': [20, 20, 20, 20]}
running scenario 14/18: {'expect_pgcount': 1, 'data_size': 20, 'whereclause': 'WHERE id in (3,4)', 'limit': None, 'fetch': 30, 'expect_pgsizes': [20]}
running scenario 15/18: {'expect_pgcount': 3, 'data_size': 30, 'whereclause': 'WHERE id in (4,5)', 'limit': None, 'fetch': 10, 'expect_pgsizes': [10, 10, 10]}
running scenario 16/18: {'expect_pgcount': 1, 'data_size': 10, 'whereclause': 'WHERE id in (1,2)', 'limit': None, 'fetch': 30, 'expect_pgsizes': [10]}
running scenario 17/18: {'expect_pgcount': 1, 'data_size': 80, 'whereclause': 'WHERE id in (1,2,3,4,5,6)', 'limit': 9, 'fetch': None, 'expect_pgsizes': [9]}
running scenario 18/18: {'expect_pgcount': 1, 'data_size': 10, 'whereclause': 'WHERE id in (1,2)', 'limit': 30, 'fetch': None, 'expect_pgsizes': [10]}
removing ccm cluster test at: /mnt/tmp/dtest-T3APPo
clearing ssl stores from [/mnt/tmp/dtest-T3APPo] directory
]]></system-out></testcase><testcase classname="upgrade_tests.paging_test.TestPagingDatasetChangesNodes2RF1" name="test_row_TTL_expiry_during_paging" time="66.247"><system-out><![CDATA[cluster ccm directory: /mnt/tmp/dtest-_arVpV
getting default job version for 3.0.0
UpgradePath(starting_version='binary:2.2.3', upgrade_version=None)
starting from 2.2.3
attempting connection to 127.0.0.1
connected successfully.
upgrading to {'install_dir': '/home/automaton/cassandra'}
attempting connection to 127.0.0.1
connected successfully.
attempting connection to 127.0.0.2
connected successfully.
Querying upgraded node
Querying old node
removing ccm cluster test at: /mnt/tmp/dtest-_arVpV
clearing ssl stores from [/mnt/tmp/dtest-_arVpV] directory
]]></system-out></testcase><testcase classname="upgrade_tests.paging_test.TestPagingWithDeletionsNodes2RF1" name="test_multiple_cell_deletions" time="34.668"><system-out><![CDATA[cluster ccm directory: /mnt/tmp/dtest-sW9msm
getting default job version for 3.0.0
UpgradePath(starting_version='binary:2.2.3', upgrade_version=None)
starting from 2.2.3
attempting connection to 127.0.0.1
connected successfully.
upgrading to {'install_dir': '/home/automaton/cassandra'}
attempting connection to 127.0.0.1
connected successfully.
attempting connection to 127.0.0.2
connected successfully.
Querying upgraded node
Querying old node
removing ccm cluster test at: /mnt/tmp/dtest-sW9msm
clearing ssl stores from [/mnt/tmp/dtest-sW9msm] directory
]]></system-out></testcase><testcase classname="consistency_test.TestAvailability" name="test_network_topology_strategy_each_quorum" time="117.078"><system-out><![CDATA[cluster ccm directory: /mnt/tmp/dtest-Hn6VQ3
attempting connection to 127.0.0.1
connected successfully.
Testing dc 0 with rf 3 and [3, 3, 3] nodes alive
Testing node 0 in dc 0 with [3, 3, 3] nodes alive
attempting connection to 127.0.0.1
connected successfully.
Connected to ['127.0.0.1'] for LOCAL_QUORUM/EACH_QUORUM/-
Connected to ['127.0.0.1'] for EACH_QUORUM/EACH_QUORUM/-
Testing node 1 in dc 0 with [2, 3, 3] nodes alive
attempting connection to 127.0.0.2
connected successfully.
Connected to ['127.0.0.2'] for LOCAL_QUORUM/EACH_QUORUM/-
Connected to ['127.0.0.2'] for EACH_QUORUM/EACH_QUORUM/-
Testing node 2 in dc 0 with [1, 3, 3] nodes alive
attempting connection to 127.0.0.3
connected successfully.
Connected to ['127.0.0.3'] for LOCAL_QUORUM/EACH_QUORUM/-
Retrying request after UE. Attempt #0
Retrying request after UE. Attempt #1
Retrying request after UE. Attempt #2
Retrying request after UE. Attempt #3
Retrying request after UE. Attempt #4
Retrying request after UE. Attempt #0
Retrying request after UE. Attempt #1
Retrying request after UE. Attempt #2
Retrying request after UE. Attempt #3
Retrying request after UE. Attempt #4
Connected to ['127.0.0.3'] for EACH_QUORUM/EACH_QUORUM/-
Retrying request after UE. Attempt #0
Retrying request after UE. Attempt #1
Retrying request after UE. Attempt #2
Retrying request after UE. Attempt #3
Retrying request after UE. Attempt #4
Retrying request after UE. Attempt #0
Retrying request after UE. Attempt #1
Retrying request after UE. Attempt #2
Retrying request after UE. Attempt #3
Retrying request after UE. Attempt #4
Testing dc 1 with rf 3 and [0, 3, 3] nodes alive
Testing node 0 in dc 1 with [0, 3, 3] nodes alive
attempting connection to 127.0.0.4
connected successfully.
Connected to ['127.0.0.4'] for LOCAL_QUORUM/EACH_QUORUM/-
Retrying request after UE. Attempt #0
Retrying request after UE. Attempt #1
Retrying request after UE. Attempt #2
Retrying request after UE. Attempt #3
Retrying request after UE. Attempt #4
Connected to ['127.0.0.4'] for EACH_QUORUM/EACH_QUORUM/-
Retrying request after UE. Attempt #0
Retrying request after UE. Attempt #1
Retrying request after UE. Attempt #2
Retrying request after UE. Attempt #3
Retrying request after UE. Attempt #4
Retrying request after UE. Attempt #0
Retrying request after UE. Attempt #1
Retrying request after UE. Attempt #2
Retrying request after UE. Attempt #3
Retrying request after UE. Attempt #4
Testing node 1 in dc 1 with [0, 2, 3] nodes alive
attempting connection to 127.0.0.5
connected successfully.
Connected to ['127.0.0.5'] for LOCAL_QUORUM/EACH_QUORUM/-
Retrying request after UE. Attempt #0
Retrying request after UE. Attempt #1
Retrying request after UE. Attempt #2
Retrying request after UE. Attempt #3
Retrying request after UE. Attempt #4
Connected to ['127.0.0.5'] for EACH_QUORUM/EACH_QUORUM/-
Retrying request after UE. Attempt #0
Retrying request after UE. Attempt #1
Retrying request after UE. Attempt #2
Retrying request after UE. Attempt #3
Retrying request after UE. Attempt #4
Retrying request after UE. Attempt #0
Retrying request after UE. Attempt #1
Retrying request after UE. Attempt #2
Retrying request after UE. Attempt #3
Retrying request after UE. Attempt #4
Testing node 2 in dc 1 with [0, 1, 3] nodes alive
attempting connection to 127.0.0.6
connected successfully.
Connected to ['127.0.0.6'] for LOCAL_QUORUM/EACH_QUORUM/-
Retrying request after UE. Attempt #0
Retrying request after UE. Attempt #1
Retrying request after UE. Attempt #2
Retrying request after UE. Attempt #3
Retrying request after UE. Attempt #4
Retrying request after UE. Attempt #0
Retrying request after UE. Attempt #1
Retrying request after UE. Attempt #2
Retrying request after UE. Attempt #3
Retrying request after UE. Attempt #4
Connected to ['127.0.0.6'] for EACH_QUORUM/EACH_QUORUM/-
Retrying request after UE. Attempt #0
Retrying request after UE. Attempt #1
Retrying request after UE. Attempt #2
Retrying request after UE. Attempt #3
Retrying request after UE. Attempt #4
Retrying request after UE. Attempt #0
Retrying request after UE. Attempt #1
Retrying request after UE. Attempt #2
Retrying request after UE. Attempt #3
Retrying request after UE. Attempt #4
Testing dc 2 with rf 3 and [0, 0, 3] nodes alive
Testing node 0 in dc 2 with [0, 0, 3] nodes alive
attempting connection to 127.0.0.7
connected successfully.
Connected to ['127.0.0.7'] for LOCAL_QUORUM/EACH_QUORUM/-
Retrying request after UE. Attempt #0
Retrying request after UE. Attempt #1
Retrying request after UE. Attempt #2
Retrying request after UE. Attempt #3
Retrying request after UE. Attempt #4
Connected to ['127.0.0.7'] for EACH_QUORUM/EACH_QUORUM/-
Retrying request after UE. Attempt #0
Retrying request after UE. Attempt #1
Retrying request after UE. Attempt #2
Retrying request after UE. Attempt #3
Retrying request after UE. Attempt #4
Retrying request after UE. Attempt #0
Retrying request after UE. Attempt #1
Retrying request after UE. Attempt #2
Retrying request after UE. Attempt #3
Retrying request after UE. Attempt #4
Testing node 1 in dc 2 with [0, 0, 2] nodes alive
attempting connection to 127.0.0.8
connected successfully.
Connected to ['127.0.0.8'] for LOCAL_QUORUM/EACH_QUORUM/-
Retrying request after UE. Attempt #0
Retrying request after UE. Attempt #1
Retrying request after UE. Attempt #2
Retrying request after UE. Attempt #3
Retrying request after UE. Attempt #4
Connected to ['127.0.0.8'] for EACH_QUORUM/EACH_QUORUM/-
Retrying request after UE. Attempt #0
Retrying request after UE. Attempt #1
Retrying request after UE. Attempt #2
Retrying request after UE. Attempt #3
Retrying request after UE. Attempt #4
Retrying request after UE. Attempt #0
Retrying request after UE. Attempt #1
Retrying request after UE. Attempt #2
Retrying request after UE. Attempt #3
Retrying request after UE. Attempt #4
Testing node 2 in dc 2 with [0, 0, 1] nodes alive
attempting connection to 127.0.0.9
connected successfully.
Connected to ['127.0.0.9'] for LOCAL_QUORUM/EACH_QUORUM/-
Retrying request after UE. Attempt #0
Retrying request after UE. Attempt #1
Retrying request after UE. Attempt #2
Retrying request after UE. Attempt #3
Retrying request after UE. Attempt #4
Retrying request after UE. Attempt #0
Retrying request after UE. Attempt #1
Retrying request after UE. Attempt #2
Retrying request after UE. Attempt #3
Retrying request after UE. Attempt #4
Connected to ['127.0.0.9'] for EACH_QUORUM/EACH_QUORUM/-
Retrying request after UE. Attempt #0
Retrying request after UE. Attempt #1
Retrying request after UE. Attempt #2
Retrying request after UE. Attempt #3
Retrying request after UE. Attempt #4
Retrying request after UE. Attempt #0
Retrying request after UE. Attempt #1
Retrying request after UE. Attempt #2
Retrying request after UE. Attempt #3
Retrying request after UE. Attempt #4
removing ccm cluster test at: /mnt/tmp/dtest-Hn6VQ3
clearing ssl stores from [/mnt/tmp/dtest-Hn6VQ3] directory
]]></system-out></testcase><testcase classname="consistency_test.TestAccuracy" name="test_network_topology_strategy_each_quorum_counters" time="75.928"><system-out><![CDATA[cluster ccm directory: /mnt/tmp/dtest-LSCj36
Testing multiple dcs, counters, each quorum reads
attempting connection to 127.0.0.1
connected successfully.
attempting connection to 127.0.0.2
connected successfully.
attempting connection to 127.0.0.3
connected successfully.
attempting connection to 127.0.0.4
connected successfully.
attempting connection to 127.0.0.5
connected successfully.
attempting connection to 127.0.0.6
connected successfully.
Testing accuracy for LOCAL_QUORUM/EACH_QUORUM/- (keys : 0 to 50)
Testing accuracy for EACH_QUORUM/EACH_QUORUM/- (keys : 50 to 100)
Waiting for workers to complete
removing ccm cluster test at: /mnt/tmp/dtest-LSCj36
clearing ssl stores from [/mnt/tmp/dtest-LSCj36] directory
]]></system-out></testcase><testcase classname="incremental_repair_test.TestIncRepair" name="sstable_repairedset_test" time="109.598"><system-out><![CDATA[cluster ccm directory: /mnt/tmp/dtest-I_2871
[' 1449513466701', ' 1449513466701', ' 1449513466701', ' 1449513466701', ' 1449513415000']
removing ccm cluster test at: /mnt/tmp/dtest-I_2871
clearing ssl stores from [/mnt/tmp/dtest-I_2871] directory
]]></system-out></testcase><testcase classname="replace_address_test.TestReplaceAddress" name="replace_active_node_test" time="95.021"><system-out><![CDATA[cluster ccm directory: /mnt/tmp/dtest-n4v9I1
Starting cluster with 3 nodes.
Starting node 4 to replace active node 3
removing ccm cluster test at: /mnt/tmp/dtest-n4v9I1
clearing ssl stores from [/mnt/tmp/dtest-n4v9I1] directory
]]></system-out></testcase><testcase classname="sstable_generation_loading_test.TestSSTableGenerationAndLoading" name="sstableloader_compression_deflate_to_none_test" time="88.363"><system-out><![CDATA[cluster ccm directory: /mnt/tmp/dtest-J3VhmC
Testing sstableloader with pre_compression=Deflate and post_compression=None
creating keyspace and inserting
attempting connection to 127.0.0.1
connected successfully.
Making a copy of the sstables
Wiping out the data and restarting cluster
re-creating the keyspace and column families.
attempting connection to 127.0.0.1
connected successfully.
Calling sstableloader
Reading data back
scrubbing, compacting, and repairing
Reading data back one more time
removing ccm cluster test at: /mnt/tmp/dtest-J3VhmC
clearing ssl stores from [/mnt/tmp/dtest-J3VhmC] directory
]]></system-out></testcase><testcase classname="jmx_test.TestJMX" name="table_metric_mbeans_test" time="52.776"><system-out><![CDATA[cluster ccm directory: /mnt/tmp/dtest-g5LSrn
Version 3.0.0 typeName Table
removing ccm cluster test at: /mnt/tmp/dtest-g5LSrn
clearing ssl stores from [/mnt/tmp/dtest-g5LSrn] directory
]]></system-out></testcase><testcase classname="cqlsh_tests.cqlsh_copy_tests.CqlshCopyTest" name="test_round_trip_byte_ordered" time="48.037"><system-out><![CDATA[cluster ccm directory: /mnt/tmp/dtest-Lkqstq
removing ccm cluster test at: /mnt/tmp/dtest-Lkqstq
clearing ssl stores from [/mnt/tmp/dtest-Lkqstq] directory
cluster ccm directory: /mnt/tmp/dtest-70D2NH
attempting connection to 127.0.0.1
connected successfully.
Exporting to csv file: /mnt/tmp/tmp6hKpQM
(EE)  ("\nStarting copy of ks.testcopyto with columns ['a', 'b', 'c', 'd'].\nProcessed 10000 rows; Written: 7435.120688 rows/s\nProcessed 10000 rows; Written: 3717.560344 rows/s\n10000 rows exported in 1.425 seconds.\n", '')
Importing from csv file: /mnt/tmp/tmp6hKpQM
(EE)  ("\nStarting copy of ks.testcopyto with columns ['a', 'b', 'c', 'd'].\nProcessed 10000 rows; Written: 4809.946901 rows/s\n10000 rows imported in 5.851 seconds.\n", '')
removing ccm cluster test at: /mnt/tmp/dtest-70D2NH
clearing ssl stores from [/mnt/tmp/dtest-70D2NH] directory
]]></system-out></testcase><testcase classname="cqlsh_tests.cqlsh_copy_tests.CqlshCopyTest" name="test_copy_to_with_child_process_crashing" time="79.678"><system-out><![CDATA[cluster ccm directory: /mnt/tmp/dtest-5iLl7l
removing ccm cluster test at: /mnt/tmp/dtest-5iLl7l
clearing ssl stores from [/mnt/tmp/dtest-5iLl7l] directory
cluster ccm directory: /mnt/tmp/dtest-wcp87t
attempting connection to 127.0.0.1
connected successfully.
Running stress
Exporting to csv file: /mnt/tmp/tmp01Up4F with {"exit_range": {"start": 0, "end": 1000000000000000000}}
(EE)  <stdin>:2:Child process 15332 died with exit code 1(EE)  <stdin>:2:Child process 15333 died with exit code 1(EE)  <stdin>:2:Exported 0 ranges out of 33 total ranges, some records might be missing(EE)  
Starting copy of keyspace1.standard1 with columns ['key', 'C0', 'C1', 'C2', 'C3', 'C4'].
Processed 209 rows; Written: 391.043801 rows/s
209 rows exported in 0.545 seconds.

<stdin>:2:Child process 15332 died with exit code 1
<stdin>:2:Child process 15333 died with exit code 1
<stdin>:2:Exported 0 ranges out of 33 total ranges, some records might be missing

removing ccm cluster test at: /mnt/tmp/dtest-wcp87t
clearing ssl stores from [/mnt/tmp/dtest-wcp87t] directory
]]></system-out></testcase><testcase classname="cqlsh_tests.cqlsh_tests.TestCqlsh" name="select_element_inside_udt_test" time="15.824"><system-out><![CDATA[cluster ccm directory: /mnt/tmp/dtest-szeMtw
attempting connection to 127.0.0.1
cassandra PID: 15437
/usr/lib/jvm/jdk1.8.0_45/bin/jstack stdout:
2015-12-07 18:44:13
Full thread dump Java HotSpot(TM) 64-Bit Server VM (25.45-b02 mixed mode):

"Attach Listener" #73 daemon prio=9 os_prio=0 tid=0x00007f0c7cc2d5e0 nid=0x3ca4 runnable [0x0000000000000000]
   java.lang.Thread.State: RUNNABLE

   Locked ownable synchronizers:
	- None

"DestroyJavaVM" #72 prio=5 os_prio=0 tid=0x00007f0c7c40ae50 nid=0x3c4e waiting on condition [0x0000000000000000]
   java.lang.Thread.State: RUNNABLE

   Locked ownable synchronizers:
	- None

"epollEventLoopGroup-2-1" #63 prio=10 os_prio=0 tid=0x00007f0c7cc28d70 nid=0x3ca3 runnable [0x00007f0c57d07000]
   java.lang.Thread.State: RUNNABLE
	at io.netty.channel.epoll.Native.epollWait(Native Method)
	at io.netty.channel.epoll.EpollEventLoop.epollWait(EpollEventLoop.java:194)
	at io.netty.channel.epoll.EpollEventLoop.run(EpollEventLoop.java:219)
	at io.netty.util.concurrent.SingleThreadEventExecutor$2.run(SingleThreadEventExecutor.java:116)
	at io.netty.util.concurrent.DefaultThreadFactory$DefaultRunnableDecorator.run(DefaultThreadFactory.java:137)
	at java.lang.Thread.run(Thread.java:745)

   Locked ownable synchronizers:
	- None

"process reaper" #62 daemon prio=10 os_prio=0 tid=0x00007f0c7cbd09e0 nid=0x3c92 waiting on condition [0x00007f0c57d40000]
   java.lang.Thread.State: TIMED_WAITING (parking)
	at sun.misc.Unsafe.park(Native Method)
	- parking to wait for  <0x00000000e19ce400> (a java.util.concurrent.SynchronousQueue$TransferStack)
	at java.util.concurrent.locks.LockSupport.parkNanos(LockSupport.java:215)
	at java.util.concurrent.SynchronousQueue$TransferStack.awaitFulfill(SynchronousQueue.java:460)
	at java.util.concurrent.SynchronousQueue$TransferStack.transfer(SynchronousQueue.java:362)
	at java.util.concurrent.SynchronousQueue.poll(SynchronousQueue.java:941)
	at java.util.concurrent.ThreadPoolExecutor.getTask(ThreadPoolExecutor.java:1066)
	at java.util.concurrent.ThreadPoolExecutor.runWorker(ThreadPoolExecutor.java:1127)
	at java.util.concurrent.ThreadPoolExecutor$Worker.run(ThreadPoolExecutor.java:617)
	at java.lang.Thread.run(Thread.java:745)

   Locked ownable synchronizers:
	- None

"PendingRangeCalculator:1" #61 daemon prio=5 os_prio=0 tid=0x00007f0c7cba84c0 nid=0x3c8e waiting on condition [0x00007f0c57d87000]
   java.lang.Thread.State: TIMED_WAITING (parking)
	at sun.misc.Unsafe.park(Native Method)
	- parking to wait for  <0x00000000e399d1b0> (a java.util.concurrent.locks.AbstractQueuedSynchronizer$ConditionObject)
	at java.util.concurrent.locks.LockSupport.parkNanos(LockSupport.java:215)
	at java.util.concurrent.locks.AbstractQueuedSynchronizer$ConditionObject.awaitNanos(AbstractQueuedSynchronizer.java:2078)
	at java.util.concurrent.LinkedBlockingQueue.poll(LinkedBlockingQueue.java:467)
	at java.util.concurrent.ThreadPoolExecutor.getTask(ThreadPoolExecutor.java:1066)
	at java.util.concurrent.ThreadPoolExecutor.runWorker(ThreadPoolExecutor.java:1127)
	at java.util.concurrent.ThreadPoolExecutor$Worker.run(ThreadPoolExecutor.java:617)
	at java.lang.Thread.run(Thread.java:745)

   Locked ownable synchronizers:
	- None

"ReadRepairStage:4" #60 daemon prio=5 os_prio=0 tid=0x00007f0c7cb74550 nid=0x3c8d waiting on condition [0x00007f0c57de1000]
   java.lang.Thread.State: TIMED_WAITING (parking)
	at sun.misc.Unsafe.park(Native Method)
	- parking to wait for  <0x00000000e3a3a1e8> (a java.util.concurrent.locks.AbstractQueuedSynchronizer$ConditionObject)
	at java.util.concurrent.locks.LockSupport.parkNanos(LockSupport.java:215)
	at java.util.concurrent.locks.AbstractQueuedSynchronizer$ConditionObject.awaitNanos(AbstractQueuedSynchronizer.java:2078)
	at java.util.concurrent.LinkedBlockingQueue.poll(LinkedBlockingQueue.java:467)
	at java.util.concurrent.ThreadPoolExecutor.getTask(ThreadPoolExecutor.java:1066)
	at java.util.concurrent.ThreadPoolExecutor.runWorker(ThreadPoolExecutor.java:1127)
	at java.util.concurrent.ThreadPoolExecutor$Worker.run(ThreadPoolExecutor.java:617)
	at java.lang.Thread.run(Thread.java:745)

   Locked ownable synchronizers:
	- None

"ReadRepairStage:3" #59 daemon prio=5 os_prio=0 tid=0x00007f0c7cb72b30 nid=0x3c8c waiting on condition [0x00007f0c57e22000]
   java.lang.Thread.State: TIMED_WAITING (parking)
	at sun.misc.Unsafe.park(Native Method)
	- parking to wait for  <0x00000000e3a3a1e8> (a java.util.concurrent.locks.AbstractQueuedSynchronizer$ConditionObject)
	at java.util.concurrent.locks.LockSupport.parkNanos(LockSupport.java:215)
	at java.util.concurrent.locks.AbstractQueuedSynchronizer$ConditionObject.awaitNanos(AbstractQueuedSynchronizer.java:2078)
	at java.util.concurrent.LinkedBlockingQueue.poll(LinkedBlockingQueue.java:467)
	at java.util.concurrent.ThreadPoolExecutor.getTask(ThreadPoolExecutor.java:1066)
	at java.util.concurrent.ThreadPoolExecutor.runWorker(ThreadPoolExecutor.java:1127)
	at java.util.concurrent.ThreadPoolExecutor$Worker.run(ThreadPoolExecutor.java:617)
	at java.lang.Thread.run(Thread.java:745)

   Locked ownable synchronizers:
	- None

"ReadRepairStage:2" #58 daemon prio=5 os_prio=0 tid=0x00007f0c7cb713c0 nid=0x3c8b waiting on condition [0x00007f0c57e63000]
   java.lang.Thread.State: TIMED_WAITING (parking)
	at sun.misc.Unsafe.park(Native Method)
	- parking to wait for  <0x00000000e3a3a1e8> (a java.util.concurrent.locks.AbstractQueuedSynchronizer$ConditionObject)
	at java.util.concurrent.locks.LockSupport.parkNanos(LockSupport.java:215)
	at java.util.concurrent.locks.AbstractQueuedSynchronizer$ConditionObject.awaitNanos(AbstractQueuedSynchronizer.java:2078)
	at java.util.concurrent.LinkedBlockingQueue.poll(LinkedBlockingQueue.java:467)
	at java.util.concurrent.ThreadPoolExecutor.getTask(ThreadPoolExecutor.java:1066)
	at java.util.concurrent.ThreadPoolExecutor.runWorker(ThreadPoolExecutor.java:1127)
	at java.util.concurrent.ThreadPoolExecutor$Worker.run(ThreadPoolExecutor.java:617)
	at java.lang.Thread.run(Thread.java:745)

   Locked ownable synchronizers:
	- None

"ReadRepairStage:1" #57 daemon prio=5 os_prio=0 tid=0x00007f0c7cb6fc50 nid=0x3c8a waiting on condition [0x00007f0c57ea4000]
   java.lang.Thread.State: TIMED_WAITING (parking)
	at sun.misc.Unsafe.park(Native Method)
	- parking to wait for  <0x00000000e3a3a1e8> (a java.util.concurrent.locks.AbstractQueuedSynchronizer$ConditionObject)
	at java.util.concurrent.locks.LockSupport.parkNanos(LockSupport.java:215)
	at java.util.concurrent.locks.AbstractQueuedSynchronizer$ConditionObject.awaitNanos(AbstractQueuedSynchronizer.java:2078)
	at java.util.concurrent.LinkedBlockingQueue.poll(LinkedBlockingQueue.java:467)
	at java.util.concurrent.ThreadPoolExecutor.getTask(ThreadPoolExecutor.java:1066)
	at java.util.concurrent.ThreadPoolExecutor.runWorker(ThreadPoolExecutor.java:1127)
	at java.util.concurrent.ThreadPoolExecutor$Worker.run(ThreadPoolExecutor.java:617)
	at java.lang.Thread.run(Thread.java:745)

   Locked ownable synchronizers:
	- None

"MiscStage:1" #56 daemon prio=5 os_prio=0 tid=0x00007f0c7cb6e290 nid=0x3c89 waiting on condition [0x00007f0c57ee5000]
   java.lang.Thread.State: TIMED_WAITING (parking)
	at sun.misc.Unsafe.park(Native Method)
	- parking to wait for  <0x00000000e399d810> (a java.util.concurrent.locks.AbstractQueuedSynchronizer$ConditionObject)
	at java.util.concurrent.locks.LockSupport.parkNanos(LockSupport.java:215)
	at java.util.concurrent.locks.AbstractQueuedSynchronizer$ConditionObject.awaitNanos(AbstractQueuedSynchronizer.java:2078)
	at java.util.concurrent.LinkedBlockingQueue.poll(LinkedBlockingQueue.java:467)
	at java.util.concurrent.ThreadPoolExecutor.getTask(ThreadPoolExecutor.java:1066)
	at java.util.concurrent.ThreadPoolExecutor.runWorker(ThreadPoolExecutor.java:1127)
	at java.util.concurrent.ThreadPoolExecutor$Worker.run(ThreadPoolExecutor.java:617)
	at java.lang.Thread.run(Thread.java:745)

   Locked ownable synchronizers:
	- None

"MigrationStage:1" #55 daemon prio=5 os_prio=0 tid=0x00007f0c7cb6caf0 nid=0x3c88 waiting on condition [0x00007f0c57f26000]
   java.lang.Thread.State: TIMED_WAITING (parking)
	at sun.misc.Unsafe.park(Native Method)
	- parking to wait for  <0x00000000e3a123d0> (a java.util.concurrent.locks.AbstractQueuedSynchronizer$ConditionObject)
	at java.util.concurrent.locks.LockSupport.parkNanos(LockSupport.java:215)
	at java.util.concurrent.locks.AbstractQueuedSynchronizer$ConditionObject.awaitNanos(AbstractQueuedSynchronizer.java:2078)
	at java.util.concurrent.LinkedBlockingQueue.poll(LinkedBlockingQueue.java:467)
	at java.util.concurrent.ThreadPoolExecutor.getTask(ThreadPoolExecutor.java:1066)
	at java.util.concurrent.ThreadPoolExecutor.runWorker(ThreadPoolExecutor.java:1127)
	at java.util.concurrent.ThreadPoolExecutor$Worker.run(ThreadPoolExecutor.java:617)
	at java.lang.Thread.run(Thread.java:745)

   Locked ownable synchronizers:
	- None

"AntiEntropyStage:1" #54 daemon prio=5 os_prio=0 tid=0x00007f0c7cb6b770 nid=0x3c87 waiting on condition [0x00007f0c57f67000]
   java.lang.Thread.State: TIMED_WAITING (parking)
	at sun.misc.Unsafe.park(Native Method)
	- parking to wait for  <0x00000000e399da90> (a java.util.concurrent.locks.AbstractQueuedSynchronizer$ConditionObject)
	at java.util.concurrent.locks.LockSupport.parkNanos(LockSupport.java:215)
	at java.util.concurrent.locks.AbstractQueuedSynchronizer$ConditionObject.awaitNanos(AbstractQueuedSynchronizer.java:2078)
	at java.util.concurrent.LinkedBlockingQueue.poll(LinkedBlockingQueue.java:467)
	at java.util.concurrent.ThreadPoolExecutor.getTask(ThreadPoolExecutor.java:1066)
	at java.util.concurrent.ThreadPoolExecutor.runWorker(ThreadPoolExecutor.java:1127)
	at java.util.concurrent.ThreadPoolExecutor$Worker.run(ThreadPoolExecutor.java:617)
	at java.lang.Thread.run(Thread.java:745)

   Locked ownable synchronizers:
	- None

"GossipStage:1" #53 daemon prio=5 os_prio=0 tid=0x00007f0c7cb69d80 nid=0x3c86 waiting on condition [0x00007f0c57fa8000]
   java.lang.Thread.State: TIMED_WAITING (parking)
	at sun.misc.Unsafe.park(Native Method)
	- parking to wait for  <0x00000000e399dd10> (a java.util.concurrent.locks.AbstractQueuedSynchronizer$ConditionObject)
	at java.util.concurrent.locks.LockSupport.parkNanos(LockSupport.java:215)
	at java.util.concurrent.locks.AbstractQueuedSynchronizer$ConditionObject.awaitNanos(AbstractQueuedSynchronizer.java:2078)
	at java.util.concurrent.LinkedBlockingQueue.poll(LinkedBlockingQueue.java:467)
	at java.util.concurrent.ThreadPoolExecutor.getTask(ThreadPoolExecutor.java:1066)
	at java.util.concurrent.ThreadPoolExecutor.runWorker(ThreadPoolExecutor.java:1127)
	at java.util.concurrent.ThreadPoolExecutor$Worker.run(ThreadPoolExecutor.java:617)
	at java.lang.Thread.run(Thread.java:745)

   Locked ownable synchronizers:
	- None

"InternalResponseStage:4" #52 daemon prio=5 os_prio=0 tid=0x00007f0c7cb68a00 nid=0x3c85 waiting on condition [0x00007f0c57fe9000]
   java.lang.Thread.State: TIMED_WAITING (parking)
	at sun.misc.Unsafe.park(Native Method)
	- parking to wait for  <0x00000000e399df90> (a java.util.concurrent.locks.AbstractQueuedSynchronizer$ConditionObject)
	at java.util.concurrent.locks.LockSupport.parkNanos(LockSupport.java:215)
	at java.util.concurrent.locks.AbstractQueuedSynchronizer$ConditionObject.awaitNanos(AbstractQueuedSynchronizer.java:2078)
	at java.util.concurrent.LinkedBlockingQueue.poll(LinkedBlockingQueue.java:467)
	at java.util.concurrent.ThreadPoolExecutor.getTask(ThreadPoolExecutor.java:1066)
	at java.util.concurrent.ThreadPoolExecutor.runWorker(ThreadPoolExecutor.java:1127)
	at java.util.concurrent.ThreadPoolExecutor$Worker.run(ThreadPoolExecutor.java:617)
	at java.lang.Thread.run(Thread.java:745)

   Locked ownable synchronizers:
	- None

"InternalResponseStage:3" #51 daemon prio=5 os_prio=0 tid=0x00007f0c7cb676a0 nid=0x3c84 waiting on condition [0x00007f0c5802a000]
   java.lang.Thread.State: TIMED_WAITING (parking)
	at sun.misc.Unsafe.park(Native Method)
	- parking to wait for  <0x00000000e399df90> (a java.util.concurrent.locks.AbstractQueuedSynchronizer$ConditionObject)
	at java.util.concurrent.locks.LockSupport.parkNanos(LockSupport.java:215)
	at java.util.concurrent.locks.AbstractQueuedSynchronizer$ConditionObject.awaitNanos(AbstractQueuedSynchronizer.java:2078)
	at java.util.concurrent.LinkedBlockingQueue.poll(LinkedBlockingQueue.java:467)
	at java.util.concurrent.ThreadPoolExecutor.getTask(ThreadPoolExecutor.java:1066)
	at java.util.concurrent.ThreadPoolExecutor.runWorker(ThreadPoolExecutor.java:1127)
	at java.util.concurrent.ThreadPoolExecutor$Worker.run(ThreadPoolExecutor.java:617)
	at java.lang.Thread.run(Thread.java:745)

   Locked ownable synchronizers:
	- None

"InternalResponseStage:2" #50 daemon prio=5 os_prio=0 tid=0x00007f0c7cb65fc0 nid=0x3c83 waiting on condition [0x00007f0c5806b000]
   java.lang.Thread.State: TIMED_WAITING (parking)
	at sun.misc.Unsafe.park(Native Method)
	- parking to wait for  <0x00000000e399df90> (a java.util.concurrent.locks.AbstractQueuedSynchronizer$ConditionObject)
	at java.util.concurrent.locks.LockSupport.parkNanos(LockSupport.java:215)
	at java.util.concurrent.locks.AbstractQueuedSynchronizer$ConditionObject.awaitNanos(AbstractQueuedSynchronizer.java:2078)
	at java.util.concurrent.LinkedBlockingQueue.poll(LinkedBlockingQueue.java:467)
	at java.util.concurrent.ThreadPoolExecutor.getTask(ThreadPoolExecutor.java:1066)
	at java.util.concurrent.ThreadPoolExecutor.runWorker(ThreadPoolExecutor.java:1127)
	at java.util.concurrent.ThreadPoolExecutor$Worker.run(ThreadPoolExecutor.java:617)
	at java.lang.Thread.run(Thread.java:745)

   Locked ownable synchronizers:
	- None

"InternalResponseStage:1" #49 daemon prio=5 os_prio=0 tid=0x00007f0c7cb64620 nid=0x3c82 waiting on condition [0x00007f0c580ac000]
   java.lang.Thread.State: TIMED_WAITING (parking)
	at sun.misc.Unsafe.park(Native Method)
	- parking to wait for  <0x00000000e399df90> (a java.util.concurrent.locks.AbstractQueuedSynchronizer$ConditionObject)
	at java.util.concurrent.locks.LockSupport.parkNanos(LockSupport.java:215)
	at java.util.concurrent.locks.AbstractQueuedSynchronizer$ConditionObject.awaitNanos(AbstractQueuedSynchronizer.java:2078)
	at java.util.concurrent.LinkedBlockingQueue.poll(LinkedBlockingQueue.java:467)
	at java.util.concurrent.ThreadPoolExecutor.getTask(ThreadPoolExecutor.java:1066)
	at java.util.concurrent.ThreadPoolExecutor.runWorker(ThreadPoolExecutor.java:1127)
	at java.util.concurrent.ThreadPoolExecutor$Worker.run(ThreadPoolExecutor.java:617)
	at java.lang.Thread.run(Thread.java:745)

   Locked ownable synchronizers:
	- None

"LocalPool-Cleaner:1" #48 daemon prio=5 os_prio=0 tid=0x00007f0c7ca4e150 nid=0x3c81 in Object.wait() [0x00007f0c580ed000]
   java.lang.Thread.State: WAITING (on object monitor)
	at java.lang.Object.wait(Native Method)
	- waiting on <0x00000000e399f2c0> (a java.lang.ref.ReferenceQueue$Lock)
	at java.lang.ref.ReferenceQueue.remove(ReferenceQueue.java:143)
	- locked <0x00000000e399f2c0> (a java.lang.ref.ReferenceQueue$Lock)
	at java.lang.ref.ReferenceQueue.remove(ReferenceQueue.java:164)
	at org.apache.cassandra.utils.memory.BufferPool$2.run(BufferPool.java:490)
	at java.util.concurrent.ThreadPoolExecutor.runWorker(ThreadPoolExecutor.java:1142)
	at java.util.concurrent.ThreadPoolExecutor$Worker.run(ThreadPoolExecutor.java:617)
	at java.lang.Thread.run(Thread.java:745)

   Locked ownable synchronizers:
	- <0x00000000e399ef00> (a java.util.concurrent.ThreadPoolExecutor$Worker)

"BatchlogTasks:1" #46 daemon prio=5 os_prio=0 tid=0x00007f0c7ca47e50 nid=0x3c7f waiting on condition [0x00007f0c5812e000]
   java.lang.Thread.State: TIMED_WAITING (parking)
	at sun.misc.Unsafe.park(Native Method)
	- parking to wait for  <0x00000000e399f518> (a java.util.concurrent.locks.AbstractQueuedSynchronizer$ConditionObject)
	at java.util.concurrent.locks.LockSupport.parkNanos(LockSupport.java:215)
	at java.util.concurrent.locks.AbstractQueuedSynchronizer$ConditionObject.awaitNanos(AbstractQueuedSynchronizer.java:2078)
	at java.util.concurrent.ScheduledThreadPoolExecutor$DelayedWorkQueue.take(ScheduledThreadPoolExecutor.java:1093)
	at java.util.concurrent.ScheduledThreadPoolExecutor$DelayedWorkQueue.take(ScheduledThreadPoolExecutor.java:809)
	at java.util.concurrent.ThreadPoolExecutor.getTask(ThreadPoolExecutor.java:1067)
	at java.util.concurrent.ThreadPoolExecutor.runWorker(ThreadPoolExecutor.java:1127)
	at java.util.concurrent.ThreadPoolExecutor$Worker.run(ThreadPoolExecutor.java:617)
	at java.lang.Thread.run(Thread.java:745)

   Locked ownable synchronizers:
	- None

"ACCEPT-/127.0.0.1" #45 prio=5 os_prio=0 tid=0x00007f0c7ca44c50 nid=0x3c7e runnable [0x00007f0c5836f000]
   java.lang.Thread.State: RUNNABLE
	at sun.nio.ch.ServerSocketChannelImpl.accept0(Native Method)
	at sun.nio.ch.ServerSocketChannelImpl.accept(ServerSocketChannelImpl.java:422)
	at sun.nio.ch.ServerSocketChannelImpl.accept(ServerSocketChannelImpl.java:250)
	- locked <0x00000000e399fd00> (a java.lang.Object)
	at sun.nio.ch.ServerSocketAdaptor.accept(ServerSocketAdaptor.java:100)
	- locked <0x00000000e399fcd0> (a java.lang.Object)
	at org.apache.cassandra.net.MessagingService$SocketThread.run(MessagingService.java:1014)

   Locked ownable synchronizers:
	- None

"GossipTasks:1" #44 daemon prio=5 os_prio=0 tid=0x00007f0c7ca38d50 nid=0x3c7d waiting on condition [0x00007f0c583b0000]
   java.lang.Thread.State: TIMED_WAITING (parking)
	at sun.misc.Unsafe.park(Native Method)
	- parking to wait for  <0x00000000e47e76e0> (a java.util.concurrent.locks.AbstractQueuedSynchronizer$ConditionObject)
	at java.util.concurrent.locks.LockSupport.parkNanos(LockSupport.java:215)
	at java.util.concurrent.locks.AbstractQueuedSynchronizer$ConditionObject.awaitNanos(AbstractQueuedSynchronizer.java:2078)
	at java.util.concurrent.ScheduledThreadPoolExecutor$DelayedWorkQueue.take(ScheduledThreadPoolExecutor.java:1093)
	at java.util.concurrent.ScheduledThreadPoolExecutor$DelayedWorkQueue.take(ScheduledThreadPoolExecutor.java:809)
	at java.util.concurrent.ThreadPoolExecutor.getTask(ThreadPoolExecutor.java:1067)
	at java.util.concurrent.ThreadPoolExecutor.runWorker(ThreadPoolExecutor.java:1127)
	at java.util.concurrent.ThreadPoolExecutor$Worker.run(ThreadPoolExecutor.java:617)
	at java.lang.Thread.run(Thread.java:745)

   Locked ownable synchronizers:
	- None

"Reference-Reaper:1" #43 daemon prio=5 os_prio=0 tid=0x00007f0c6013ec90 nid=0x3c7c in Object.wait() [0x00007f0c583f3000]
   java.lang.Thread.State: WAITING (on object monitor)
	at java.lang.Object.wait(Native Method)
	- waiting on <0x00000000e39a0690> (a java.lang.ref.ReferenceQueue$Lock)
	at java.lang.ref.ReferenceQueue.remove(ReferenceQueue.java:143)
	- locked <0x00000000e39a0690> (a java.lang.ref.ReferenceQueue$Lock)
	at java.lang.ref.ReferenceQueue.remove(ReferenceQueue.java:164)
	at org.apache.cassandra.utils.concurrent.Ref$ReferenceReaper.run(Ref.java:339)
	at java.util.concurrent.ThreadPoolExecutor.runWorker(ThreadPoolExecutor.java:1142)
	at java.util.concurrent.ThreadPoolExecutor$Worker.run(ThreadPoolExecutor.java:617)
	at java.lang.Thread.run(Thread.java:745)

   Locked ownable synchronizers:
	- <0x00000000e39a02d8> (a java.util.concurrent.ThreadPoolExecutor$Worker)

"IndexSummaryManager:1" #41 daemon prio=1 os_prio=4 tid=0x00007f0c7ca3c060 nid=0x3c7b waiting on condition [0x00007f0c58434000]
   java.lang.Thread.State: TIMED_WAITING (parking)
	at sun.misc.Unsafe.park(Native Method)
	- parking to wait for  <0x00000000e39a08f8> (a java.util.concurrent.locks.AbstractQueuedSynchronizer$ConditionObject)
	at java.util.concurrent.locks.LockSupport.parkNanos(LockSupport.java:215)
	at java.util.concurrent.locks.AbstractQueuedSynchronizer$ConditionObject.awaitNanos(AbstractQueuedSynchronizer.java:2078)
	at java.util.concurrent.ScheduledThreadPoolExecutor$DelayedWorkQueue.take(ScheduledThreadPoolExecutor.java:1093)
	at java.util.concurrent.ScheduledThreadPoolExecutor$DelayedWorkQueue.take(ScheduledThreadPoolExecutor.java:809)
	at java.util.concurrent.ThreadPoolExecutor.getTask(ThreadPoolExecutor.java:1067)
	at java.util.concurrent.ThreadPoolExecutor.runWorker(ThreadPoolExecutor.java:1127)
	at java.util.concurrent.ThreadPoolExecutor$Worker.run(ThreadPoolExecutor.java:617)
	at java.lang.Thread.run(Thread.java:745)

   Locked ownable synchronizers:
	- None

"HintsDispatcher:1" #40 daemon prio=1 os_prio=4 tid=0x00007f0c7c9d3a70 nid=0x3c7a waiting on condition [0x00007f0c58475000]
   java.lang.Thread.State: TIMED_WAITING (parking)
	at sun.misc.Unsafe.park(Native Method)
	- parking to wait for  <0x00000000e473fe28> (a java.util.concurrent.locks.AbstractQueuedSynchronizer$ConditionObject)
	at java.util.concurrent.locks.LockSupport.parkNanos(LockSupport.java:215)
	at java.util.concurrent.locks.AbstractQueuedSynchronizer$ConditionObject.awaitNanos(AbstractQueuedSynchronizer.java:2078)
	at java.util.concurrent.LinkedBlockingQueue.poll(LinkedBlockingQueue.java:467)
	at java.util.concurrent.ThreadPoolExecutor.getTask(ThreadPoolExecutor.java:1066)
	at java.util.concurrent.ThreadPoolExecutor.runWorker(ThreadPoolExecutor.java:1127)
	at java.util.concurrent.ThreadPoolExecutor$Worker.run(ThreadPoolExecutor.java:617)
	at java.lang.Thread.run(Thread.java:745)

   Locked ownable synchronizers:
	- None

"CacheCleanupExecutor:1" #39 daemon prio=1 os_prio=4 tid=0x00007f0c7c9af7b0 nid=0x3c79 waiting on condition [0x00007f0c586b6000]
   java.lang.Thread.State: TIMED_WAITING (parking)
	at sun.misc.Unsafe.park(Native Method)
	- parking to wait for  <0x00000000e5ac3608> (a java.util.concurrent.locks.AbstractQueuedSynchronizer$ConditionObject)
	at java.util.concurrent.locks.LockSupport.parkNanos(LockSupport.java:215)
	at java.util.concurrent.locks.AbstractQueuedSynchronizer$ConditionObject.awaitNanos(AbstractQueuedSynchronizer.java:2078)
	at java.util.concurrent.LinkedBlockingQueue.poll(LinkedBlockingQueue.java:467)
	at java.util.concurrent.ThreadPoolExecutor.getTask(ThreadPoolExecutor.java:1066)
	at java.util.concurrent.ThreadPoolExecutor.runWorker(ThreadPoolExecutor.java:1127)
	at java.util.concurrent.ThreadPoolExecutor$Worker.run(ThreadPoolExecutor.java:617)
	at java.lang.Thread.run(Thread.java:745)

   Locked ownable synchronizers:
	- None

"ValidationExecutor:1" #38 daemon prio=1 os_prio=4 tid=0x00007f0c7c9ae360 nid=0x3c78 waiting on condition [0x00007f0c586f7000]
   java.lang.Thread.State: TIMED_WAITING (parking)
	at sun.misc.Unsafe.park(Native Method)
	- parking to wait for  <0x00000000e473fd98> (a java.util.concurrent.SynchronousQueue$TransferStack)
	at java.util.concurrent.locks.LockSupport.parkNanos(LockSupport.java:215)
	at java.util.concurrent.SynchronousQueue$TransferStack.awaitFulfill(SynchronousQueue.java:460)
	at java.util.concurrent.SynchronousQueue$TransferStack.transfer(SynchronousQueue.java:362)
	at java.util.concurrent.SynchronousQueue.poll(SynchronousQueue.java:941)
	at java.util.concurrent.ThreadPoolExecutor.getTask(ThreadPoolExecutor.java:1066)
	at java.util.concurrent.ThreadPoolExecutor.runWorker(ThreadPoolExecutor.java:1127)
	at java.util.concurrent.ThreadPoolExecutor$Worker.run(ThreadPoolExecutor.java:617)
	at java.lang.Thread.run(Thread.java:745)

   Locked ownable synchronizers:
	- None

"CompactionExecutor:2" #37 daemon prio=1 os_prio=4 tid=0x00007f0c7c9ab910 nid=0x3c77 waiting on condition [0x00007f0c5a779000]
   java.lang.Thread.State: TIMED_WAITING (parking)
	at sun.misc.Unsafe.park(Native Method)
	- parking to wait for  <0x00000000e5ac33f8> (a java.util.concurrent.locks.AbstractQueuedSynchronizer$ConditionObject)
	at java.util.concurrent.locks.LockSupport.parkNanos(LockSupport.java:215)
	at java.util.concurrent.locks.AbstractQueuedSynchronizer$ConditionObject.awaitNanos(AbstractQueuedSynchronizer.java:2078)
	at java.util.concurrent.LinkedBlockingQueue.poll(LinkedBlockingQueue.java:467)
	at java.util.concurrent.ThreadPoolExecutor.getTask(ThreadPoolExecutor.java:1066)
	at java.util.concurrent.ThreadPoolExecutor.runWorker(ThreadPoolExecutor.java:1127)
	at java.util.concurrent.ThreadPoolExecutor$Worker.run(ThreadPoolExecutor.java:617)
	at java.lang.Thread.run(Thread.java:745)

   Locked ownable synchronizers:
	- None

"CompactionExecutor:1" #36 daemon prio=1 os_prio=4 tid=0x00007f0c7c9a8e60 nid=0x3c76 waiting on condition [0x00007f0c5a738000]
   java.lang.Thread.State: TIMED_WAITING (parking)
	at sun.misc.Unsafe.park(Native Method)
	- parking to wait for  <0x00000000e5ac33f8> (a java.util.concurrent.locks.AbstractQueuedSynchronizer$ConditionObject)
	at java.util.concurrent.locks.LockSupport.parkNanos(LockSupport.java:215)
	at java.util.concurrent.locks.AbstractQueuedSynchronizer$ConditionObject.awaitNanos(AbstractQueuedSynchronizer.java:2078)
	at java.util.concurrent.LinkedBlockingQueue.poll(LinkedBlockingQueue.java:467)
	at java.util.concurrent.ThreadPoolExecutor.getTask(ThreadPoolExecutor.java:1066)
	at java.util.concurrent.ThreadPoolExecutor.runWorker(ThreadPoolExecutor.java:1127)
	at java.util.concurrent.ThreadPoolExecutor$Worker.run(ThreadPoolExecutor.java:617)
	at java.lang.Thread.run(Thread.java:745)

   Locked ownable synchronizers:
	- None

"RMI TCP Connection(2)-127.0.0.1" #33 daemon prio=5 os_prio=0 tid=0x00007f0c7c9523f0 nid=0x3c73 runnable [0x00007f0c5a7b9000]
   java.lang.Thread.State: RUNNABLE
	at java.net.SocketInputStream.socketRead0(Native Method)
	at java.net.SocketInputStream.socketRead(SocketInputStream.java:116)
	at java.net.SocketInputStream.read(SocketInputStream.java:170)
	at java.net.SocketInputStream.read(SocketInputStream.java:141)
	at java.io.BufferedInputStream.fill(BufferedInputStream.java:246)
	at java.io.BufferedInputStream.read(BufferedInputStream.java:265)
	- locked <0x00000000e5abb438> (a java.io.BufferedInputStream)
	at java.io.FilterInputStream.read(FilterInputStream.java:83)
	at sun.rmi.transport.tcp.TCPTransport.handleMessages(TCPTransport.java:550)
	at sun.rmi.transport.tcp.TCPTransport$ConnectionHandler.run0(TCPTransport.java:826)
	at sun.rmi.transport.tcp.TCPTransport$ConnectionHandler.lambda$run$241(TCPTransport.java:683)
	at sun.rmi.transport.tcp.TCPTransport$ConnectionHandler$$Lambda$47/1104372209.run(Unknown Source)
	at java.security.AccessController.doPrivileged(Native Method)
	at sun.rmi.transport.tcp.TCPTransport$ConnectionHandler.run(TCPTransport.java:682)
	at java.util.concurrent.ThreadPoolExecutor.runWorker(ThreadPoolExecutor.java:1142)
	at java.util.concurrent.ThreadPoolExecutor$Worker.run(ThreadPoolExecutor.java:617)
	at java.lang.Thread.run(Thread.java:745)

   Locked ownable synchronizers:
	- <0x00000000e417c600> (a java.util.concurrent.ThreadPoolExecutor$Worker)

"RMI RenewClean-[127.0.0.1:42325]" #32 daemon prio=5 os_prio=0 tid=0x00007f0c6853fb00 nid=0x3c72 in Object.wait() [0x00007f0c5a7fb000]
   java.lang.Thread.State: TIMED_WAITING (on object monitor)
	at java.lang.Object.wait(Native Method)
	- waiting on <0x00000000e5ac30f8> (a java.lang.ref.ReferenceQueue$Lock)
	at java.lang.ref.ReferenceQueue.remove(ReferenceQueue.java:143)
	- locked <0x00000000e5ac30f8> (a java.lang.ref.ReferenceQueue$Lock)
	at sun.rmi.transport.DGCClient$EndpointEntry$RenewCleanThread.run(DGCClient.java:536)
	at java.lang.Thread.run(Thread.java:745)

   Locked ownable synchronizers:
	- None

"RMI Scheduler(0)" #31 daemon prio=5 os_prio=0 tid=0x00007f0c7c950f00 nid=0x3c71 waiting on condition [0x00007f0c5a83c000]
   java.lang.Thread.State: TIMED_WAITING (parking)
	at sun.misc.Unsafe.park(Native Method)
	- parking to wait for  <0x00000000e5ac2f78> (a java.util.concurrent.locks.AbstractQueuedSynchronizer$ConditionObject)
	at java.util.concurrent.locks.LockSupport.parkNanos(LockSupport.java:215)
	at java.util.concurrent.locks.AbstractQueuedSynchronizer$ConditionObject.awaitNanos(AbstractQueuedSynchronizer.java:2078)
	at java.util.concurrent.ScheduledThreadPoolExecutor$DelayedWorkQueue.take(ScheduledThreadPoolExecutor.java:1093)
	at java.util.concurrent.ScheduledThreadPoolExecutor$DelayedWorkQueue.take(ScheduledThreadPoolExecutor.java:809)
	at java.util.concurrent.ThreadPoolExecutor.getTask(ThreadPoolExecutor.java:1067)
	at java.util.concurrent.ThreadPoolExecutor.runWorker(ThreadPoolExecutor.java:1127)
	at java.util.concurrent.ThreadPoolExecutor$Worker.run(ThreadPoolExecutor.java:617)
	at java.lang.Thread.run(Thread.java:745)

   Locked ownable synchronizers:
	- None

"RMI TCP Connection(1)-127.0.0.1" #30 daemon prio=5 os_prio=0 tid=0x00007f0c68538970 nid=0x3c70 runnable [0x00007f0c5a87c000]
   java.lang.Thread.State: RUNNABLE
	at java.net.SocketInputStream.socketRead0(Native Method)
	at java.net.SocketInputStream.socketRead(SocketInputStream.java:116)
	at java.net.SocketInputStream.read(SocketInputStream.java:170)
	at java.net.SocketInputStream.read(SocketInputStream.java:141)
	at java.io.BufferedInputStream.fill(BufferedInputStream.java:246)
	at java.io.BufferedInputStream.read(BufferedInputStream.java:265)
	- locked <0x00000000e5abb4d8> (a java.io.BufferedInputStream)
	at java.io.FilterInputStream.read(FilterInputStream.java:83)
	at sun.rmi.transport.tcp.TCPTransport.handleMessages(TCPTransport.java:550)
	at sun.rmi.transport.tcp.TCPTransport$ConnectionHandler.run0(TCPTransport.java:826)
	at sun.rmi.transport.tcp.TCPTransport$ConnectionHandler.lambda$run$241(TCPTransport.java:683)
	at sun.rmi.transport.tcp.TCPTransport$ConnectionHandler$$Lambda$47/1104372209.run(Unknown Source)
	at java.security.AccessController.doPrivileged(Native Method)
	at sun.rmi.transport.tcp.TCPTransport$ConnectionHandler.run(TCPTransport.java:682)
	at java.util.concurrent.ThreadPoolExecutor.runWorker(ThreadPoolExecutor.java:1142)
	at java.util.concurrent.ThreadPoolExecutor$Worker.run(ThreadPoolExecutor.java:617)
	at java.lang.Thread.run(Thread.java:745)

   Locked ownable synchronizers:
	- <0x00000000e417c4e0> (a java.util.concurrent.ThreadPoolExecutor$Worker)

"GC Daemon" #29 daemon prio=2 os_prio=3 tid=0x00007f0c7c935e70 nid=0x3c6f in Object.wait() [0x00007f0c5a8d1000]
   java.lang.Thread.State: TIMED_WAITING (on object monitor)
	at java.lang.Object.wait(Native Method)
	- waiting on <0x00000000e42cce30> (a sun.misc.GC$LatencyLock)
	at sun.misc.GC$Daemon.run(GC.java:117)
	- locked <0x00000000e42cce30> (a sun.misc.GC$LatencyLock)

   Locked ownable synchronizers:
	- None

"RMI Reaper" #28 prio=5 os_prio=0 tid=0x00007f0c7c934880 nid=0x3c6e in Object.wait() [0x00007f0c5a912000]
   java.lang.Thread.State: WAITING (on object monitor)
	at java.lang.Object.wait(Native Method)
	- waiting on <0x00000000e5b2efb0> (a java.lang.ref.ReferenceQueue$Lock)
	at java.lang.ref.ReferenceQueue.remove(ReferenceQueue.java:143)
	- locked <0x00000000e5b2efb0> (a java.lang.ref.ReferenceQueue$Lock)
	at java.lang.ref.ReferenceQueue.remove(ReferenceQueue.java:164)
	at sun.rmi.transport.ObjectTable$Reaper.run(ObjectTable.java:351)
	at java.lang.Thread.run(Thread.java:745)

   Locked ownable synchronizers:
	- None

"RMI TCP Accept-0" #27 daemon prio=5 os_prio=0 tid=0x00007f0c7c933150 nid=0x3c6d runnable [0x00007f0c5a953000]
   java.lang.Thread.State: RUNNABLE
	at java.net.PlainSocketImpl.socketAccept(Native Method)
	at java.net.AbstractPlainSocketImpl.accept(AbstractPlainSocketImpl.java:404)
	at java.net.ServerSocket.implAccept(ServerSocket.java:545)
	at java.net.ServerSocket.accept(ServerSocket.java:513)
	at sun.rmi.transport.tcp.TCPTransport$AcceptLoop.executeAcceptLoop(TCPTransport.java:400)
	at sun.rmi.transport.tcp.TCPTransport$AcceptLoop.run(TCPTransport.java:372)
	at java.lang.Thread.run(Thread.java:745)

   Locked ownable synchronizers:
	- None

"RMI TCP Accept-7100" #26 daemon prio=5 os_prio=0 tid=0x00007f0c7c932050 nid=0x3c6c runnable [0x00007f0c5ce98000]
   java.lang.Thread.State: RUNNABLE
	at java.net.PlainSocketImpl.socketAccept(Native Method)
	at java.net.AbstractPlainSocketImpl.accept(AbstractPlainSocketImpl.java:404)
	at java.net.ServerSocket.implAccept(ServerSocket.java:545)
	at java.net.ServerSocket.accept(ServerSocket.java:513)
	at sun.rmi.transport.tcp.TCPTransport$AcceptLoop.executeAcceptLoop(TCPTransport.java:400)
	at sun.rmi.transport.tcp.TCPTransport$AcceptLoop.run(TCPTransport.java:372)
	at java.lang.Thread.run(Thread.java:745)

   Locked ownable synchronizers:
	- None

"OptionalTasks:1" #25 daemon prio=5 os_prio=0 tid=0x00007f0c7c8d53b0 nid=0x3c6b waiting on condition [0x00007f0c5ab94000]
   java.lang.Thread.State: TIMED_WAITING (parking)
	at sun.misc.Unsafe.park(Native Method)
	- parking to wait for  <0x00000000e4156d68> (a java.util.concurrent.locks.AbstractQueuedSynchronizer$ConditionObject)
	at java.util.concurrent.locks.LockSupport.parkNanos(LockSupport.java:215)
	at java.util.concurrent.locks.AbstractQueuedSynchronizer$ConditionObject.awaitNanos(AbstractQueuedSynchronizer.java:2078)
	at java.util.concurrent.ScheduledThreadPoolExecutor$DelayedWorkQueue.take(ScheduledThreadPoolExecutor.java:1093)
	at java.util.concurrent.ScheduledThreadPoolExecutor$DelayedWorkQueue.take(ScheduledThreadPoolExecutor.java:809)
	at java.util.concurrent.ThreadPoolExecutor.getTask(ThreadPoolExecutor.java:1067)
	at java.util.concurrent.ThreadPoolExecutor.runWorker(ThreadPoolExecutor.java:1127)
	at java.util.concurrent.ThreadPoolExecutor$Worker.run(ThreadPoolExecutor.java:617)
	at java.lang.Thread.run(Thread.java:745)

   Locked ownable synchronizers:
	- None

"COMMIT-LOG-ALLOCATOR" #24 prio=5 os_prio=0 tid=0x00007f0c7c8bfcd0 nid=0x3c6a waiting on condition [0x00007f0c5cbd5000]
   java.lang.Thread.State: WAITING (parking)
	at sun.misc.Unsafe.park(Native Method)
	- parking to wait for  <0x00000000e4cb66c0> (a java.util.concurrent.locks.AbstractQueuedSynchronizer$ConditionObject)
	at java.util.concurrent.locks.LockSupport.park(LockSupport.java:175)
	at java.util.concurrent.locks.AbstractQueuedSynchronizer$ConditionObject.await(AbstractQueuedSynchronizer.java:2039)
	at java.util.concurrent.LinkedBlockingQueue.take(LinkedBlockingQueue.java:442)
	at org.apache.cassandra.db.commitlog.CommitLogSegmentManager$1.runMayThrow(CommitLogSegmentManager.java:146)
	at org.apache.cassandra.utils.WrappedRunnable.run(WrappedRunnable.java:28)
	at java.lang.Thread.run(Thread.java:745)

   Locked ownable synchronizers:
	- None

"PERIODIC-COMMIT-LOG-SYNCER" #23 prio=5 os_prio=0 tid=0x00007f0c7c8be970 nid=0x3c69 waiting on condition [0x00007f0c5cc16000]
   java.lang.Thread.State: TIMED_WAITING (parking)
	at sun.misc.Unsafe.park(Native Method)
	- parking to wait for  <0x00000000e4c7fdf0> (a java.util.concurrent.Semaphore$NonfairSync)
	at java.util.concurrent.locks.LockSupport.parkNanos(LockSupport.java:215)
	at java.util.concurrent.locks.AbstractQueuedSynchronizer.doAcquireSharedNanos(AbstractQueuedSynchronizer.java:1037)
	at java.util.concurrent.locks.AbstractQueuedSynchronizer.tryAcquireSharedNanos(AbstractQueuedSynchronizer.java:1328)
	at java.util.concurrent.Semaphore.tryAcquire(Semaphore.java:409)
	at org.apache.cassandra.db.commitlog.AbstractCommitLogService$1.run(AbstractCommitLogService.java:134)
	at java.lang.Thread.run(Thread.java:745)

   Locked ownable synchronizers:
	- None

"SlabPoolCleaner" #22 daemon prio=5 os_prio=0 tid=0x00007f0c7c8a63f0 nid=0x3c68 waiting on condition [0x00007f0c5ce57000]
   java.lang.Thread.State: WAITING (parking)
	at sun.misc.Unsafe.park(Native Method)
	at java.util.concurrent.locks.LockSupport.park(LockSupport.java:304)
	at org.apache.cassandra.utils.concurrent.WaitQueue$AbstractSignal.awaitUninterruptibly(WaitQueue.java:279)
	at org.apache.cassandra.utils.memory.MemtableCleanerThread.run(MemtableCleanerThread.java:66)

   Locked ownable synchronizers:
	- None

"SecondaryIndexManagement:1" #20 daemon prio=5 os_prio=0 tid=0x00007f0c7c897350 nid=0x3c66 waiting on condition [0x00007f0c5ced9000]
   java.lang.Thread.State: TIMED_WAITING (parking)
	at sun.misc.Unsafe.park(Native Method)
	- parking to wait for  <0x00000000e4711d28> (a java.util.concurrent.locks.AbstractQueuedSynchronizer$ConditionObject)
	at java.util.concurrent.locks.LockSupport.parkNanos(LockSupport.java:215)
	at java.util.concurrent.locks.AbstractQueuedSynchronizer$ConditionObject.awaitNanos(AbstractQueuedSynchronizer.java:2078)
	at java.util.concurrent.LinkedBlockingQueue.poll(LinkedBlockingQueue.java:467)
	at java.util.concurrent.ThreadPoolExecutor.getTask(ThreadPoolExecutor.java:1066)
	at java.util.concurrent.ThreadPoolExecutor.runWorker(ThreadPoolExecutor.java:1127)
	at java.util.concurrent.ThreadPoolExecutor$Worker.run(ThreadPoolExecutor.java:617)
	at java.lang.Thread.run(Thread.java:745)

   Locked ownable synchronizers:
	- None

"MemtableReclaimMemory:1" #19 daemon prio=5 os_prio=0 tid=0x00007f0c7c863de0 nid=0x3c65 waiting on condition [0x00007f0c5cf1a000]
   java.lang.Thread.State: TIMED_WAITING (parking)
	at sun.misc.Unsafe.park(Native Method)
	- parking to wait for  <0x00000000e425eab8> (a java.util.concurrent.locks.AbstractQueuedSynchronizer$ConditionObject)
	at java.util.concurrent.locks.LockSupport.parkNanos(LockSupport.java:215)
	at java.util.concurrent.locks.AbstractQueuedSynchronizer$ConditionObject.awaitNanos(AbstractQueuedSynchronizer.java:2078)
	at java.util.concurrent.LinkedBlockingQueue.poll(LinkedBlockingQueue.java:467)
	at java.util.concurrent.ThreadPoolExecutor.getTask(ThreadPoolExecutor.java:1066)
	at java.util.concurrent.ThreadPoolExecutor.runWorker(ThreadPoolExecutor.java:1127)
	at java.util.concurrent.ThreadPoolExecutor$Worker.run(ThreadPoolExecutor.java:617)
	at java.lang.Thread.run(Thread.java:745)

   Locked ownable synchronizers:
	- None

"MemtablePostFlush:1" #18 daemon prio=5 os_prio=0 tid=0x00007f0c7c8628e0 nid=0x3c64 waiting on condition [0x00007f0c5cf5b000]
   java.lang.Thread.State: TIMED_WAITING (parking)
	at sun.misc.Unsafe.park(Native Method)
	- parking to wait for  <0x00000000e4711d70> (a java.util.concurrent.locks.AbstractQueuedSynchronizer$ConditionObject)
	at java.util.concurrent.locks.LockSupport.parkNanos(LockSupport.java:215)
	at java.util.concurrent.locks.AbstractQueuedSynchronizer$ConditionObject.awaitNanos(AbstractQueuedSynchronizer.java:2078)
	at java.util.concurrent.LinkedBlockingQueue.poll(LinkedBlockingQueue.java:467)
	at java.util.concurrent.ThreadPoolExecutor.getTask(ThreadPoolExecutor.java:1066)
	at java.util.concurrent.ThreadPoolExecutor.runWorker(ThreadPoolExecutor.java:1127)
	at java.util.concurrent.ThreadPoolExecutor$Worker.run(ThreadPoolExecutor.java:617)
	at java.lang.Thread.run(Thread.java:745)

   Locked ownable synchronizers:
	- None

"MemtableFlushWriter:2" #17 daemon prio=5 os_prio=0 tid=0x00007f0c7c860cd0 nid=0x3c63 waiting on condition [0x00007f0c5cf9c000]
   java.lang.Thread.State: TIMED_WAITING (parking)
	at sun.misc.Unsafe.park(Native Method)
	- parking to wait for  <0x00000000e4711db8> (a java.util.concurrent.locks.AbstractQueuedSynchronizer$ConditionObject)
	at java.util.concurrent.locks.LockSupport.parkNanos(LockSupport.java:215)
	at java.util.concurrent.locks.AbstractQueuedSynchronizer$ConditionObject.awaitNanos(AbstractQueuedSynchronizer.java:2078)
	at java.util.concurrent.LinkedBlockingQueue.poll(LinkedBlockingQueue.java:467)
	at java.util.concurrent.ThreadPoolExecutor.getTask(ThreadPoolExecutor.java:1066)
	at java.util.concurrent.ThreadPoolExecutor.runWorker(ThreadPoolExecutor.java:1127)
	at java.util.concurrent.ThreadPoolExecutor$Worker.run(ThreadPoolExecutor.java:617)
	at java.lang.Thread.run(Thread.java:745)

   Locked ownable synchronizers:
	- None

"MemtableFlushWriter:1" #16 daemon prio=5 os_prio=0 tid=0x00007f0c7c85f340 nid=0x3c62 waiting on condition [0x00007f0c5cfdd000]
   java.lang.Thread.State: TIMED_WAITING (parking)
	at sun.misc.Unsafe.park(Native Method)
	- parking to wait for  <0x00000000e4711db8> (a java.util.concurrent.locks.AbstractQueuedSynchronizer$ConditionObject)
	at java.util.concurrent.locks.LockSupport.parkNanos(LockSupport.java:215)
	at java.util.concurrent.locks.AbstractQueuedSynchronizer$ConditionObject.awaitNanos(AbstractQueuedSynchronizer.java:2078)
	at java.util.concurrent.LinkedBlockingQueue.poll(LinkedBlockingQueue.java:467)
	at java.util.concurrent.ThreadPoolExecutor.getTask(ThreadPoolExecutor.java:1066)
[...]
	at java.util.concurrent.ThreadPoolExecutor$Worker.run(ThreadPoolExecutor.java:617)
	at java.lang.Thread.run(Thread.java:745)

   Locked ownable synchronizers:
	- None

"MemtableFlushWriter:2" #17 daemon prio=5 os_prio=0 tid=0x00007f4160834ba0 nid=0x5646 waiting on condition [0x00007f4142a6d000]
   java.lang.Thread.State: TIMED_WAITING (parking)
	at sun.misc.Unsafe.park(Native Method)
	- parking to wait for  <0x00000000e40813f8> (a java.util.concurrent.locks.AbstractQueuedSynchronizer$ConditionObject)
	at java.util.concurrent.locks.LockSupport.parkNanos(LockSupport.java:215)
	at java.util.concurrent.locks.AbstractQueuedSynchronizer$ConditionObject.awaitNanos(AbstractQueuedSynchronizer.java:2078)
	at java.util.concurrent.LinkedBlockingQueue.poll(LinkedBlockingQueue.java:467)
	at java.util.concurrent.ThreadPoolExecutor.getTask(ThreadPoolExecutor.java:1066)
	at java.util.concurrent.ThreadPoolExecutor.runWorker(ThreadPoolExecutor.java:1127)
	at java.util.concurrent.ThreadPoolExecutor$Worker.run(ThreadPoolExecutor.java:617)
	at java.lang.Thread.run(Thread.java:745)

   Locked ownable synchronizers:
	- None

"MemtableFlushWriter:1" #16 daemon prio=5 os_prio=0 tid=0x00007f41608331f0 nid=0x5645 waiting on condition [0x00007f4142aae000]
   java.lang.Thread.State: TIMED_WAITING (parking)
	at sun.misc.Unsafe.park(Native Method)
	- parking to wait for  <0x00000000e40813f8> (a java.util.concurrent.locks.AbstractQueuedSynchronizer$ConditionObject)
	at java.util.concurrent.locks.LockSupport.parkNanos(LockSupport.java:215)
	at java.util.concurrent.locks.AbstractQueuedSynchronizer$ConditionObject.awaitNanos(AbstractQueuedSynchronizer.java:2078)
	at java.util.concurrent.LinkedBlockingQueue.poll(LinkedBlockingQueue.java:467)
	at java.util.concurrent.ThreadPoolExecutor.getTask(ThreadPoolExecutor.java:1066)
	at java.util.concurrent.ThreadPoolExecutor.runWorker(ThreadPoolExecutor.java:1127)
	at java.util.concurrent.ThreadPoolExecutor$Worker.run(ThreadPoolExecutor.java:617)
	at java.lang.Thread.run(Thread.java:745)

   Locked ownable synchronizers:
	- None

"Background_Reporter:1" #15 daemon prio=5 os_prio=0 tid=0x00007f414c469ec0 nid=0x5644 waiting on condition [0x00007f4142efc000]
   java.lang.Thread.State: TIMED_WAITING (parking)
	at sun.misc.Unsafe.park(Native Method)
	- parking to wait for  <0x00000000e40d3df8> (a java.util.concurrent.locks.AbstractQueuedSynchronizer$ConditionObject)
	at java.util.concurrent.locks.LockSupport.parkNanos(LockSupport.java:215)
	at java.util.concurrent.locks.AbstractQueuedSynchronizer$ConditionObject.awaitNanos(AbstractQueuedSynchronizer.java:2078)
	at java.util.concurrent.ScheduledThreadPoolExecutor$DelayedWorkQueue.take(ScheduledThreadPoolExecutor.java:1093)
	at java.util.concurrent.ScheduledThreadPoolExecutor$DelayedWorkQueue.take(ScheduledThreadPoolExecutor.java:809)
	at java.util.concurrent.ThreadPoolExecutor.getTask(ThreadPoolExecutor.java:1067)
	at java.util.concurrent.ThreadPoolExecutor.runWorker(ThreadPoolExecutor.java:1127)
	at java.util.concurrent.ThreadPoolExecutor$Worker.run(ThreadPoolExecutor.java:617)
	at java.lang.Thread.run(Thread.java:745)

   Locked ownable synchronizers:
	- None

"EXPIRING-MAP-REAPER:1" #14 daemon prio=5 os_prio=0 tid=0x00007f414c45b5d0 nid=0x5643 waiting on condition [0x00007f4142f3d000]
   java.lang.Thread.State: TIMED_WAITING (parking)
	at sun.misc.Unsafe.park(Native Method)
	- parking to wait for  <0x00000000e40d3c60> (a java.util.concurrent.locks.AbstractQueuedSynchronizer$ConditionObject)
	at java.util.concurrent.locks.LockSupport.parkNanos(LockSupport.java:215)
	at java.util.concurrent.locks.AbstractQueuedSynchronizer$ConditionObject.awaitNanos(AbstractQueuedSynchronizer.java:2078)
	at java.util.concurrent.ScheduledThreadPoolExecutor$DelayedWorkQueue.take(ScheduledThreadPoolExecutor.java:1093)
	at java.util.concurrent.ScheduledThreadPoolExecutor$DelayedWorkQueue.take(ScheduledThreadPoolExecutor.java:809)
	at java.util.concurrent.ThreadPoolExecutor.getTask(ThreadPoolExecutor.java:1067)
	at java.util.concurrent.ThreadPoolExecutor.runWorker(ThreadPoolExecutor.java:1127)
	at java.util.concurrent.ThreadPoolExecutor$Worker.run(ThreadPoolExecutor.java:617)
	at java.lang.Thread.run(Thread.java:745)

   Locked ownable synchronizers:
	- None

"ScheduledTasks:1" #13 daemon prio=5 os_prio=0 tid=0x00007f4160670e60 nid=0x5642 runnable [0x00007f41435cd000]
   java.lang.Thread.State: TIMED_WAITING (parking)
	at sun.misc.Unsafe.park(Native Method)
	- parking to wait for  <0x00000000e3e69870> (a java.util.concurrent.locks.AbstractQueuedSynchronizer$ConditionObject)
	at java.util.concurrent.locks.LockSupport.parkNanos(LockSupport.java:215)
	at java.util.concurrent.locks.AbstractQueuedSynchronizer$ConditionObject.awaitNanos(AbstractQueuedSynchronizer.java:2078)
	at java.util.concurrent.ScheduledThreadPoolExecutor$DelayedWorkQueue.take(ScheduledThreadPoolExecutor.java:1093)
	at java.util.concurrent.ScheduledThreadPoolExecutor$DelayedWorkQueue.take(ScheduledThreadPoolExecutor.java:809)
	at java.util.concurrent.ThreadPoolExecutor.getTask(ThreadPoolExecutor.java:1067)
	at java.util.concurrent.ThreadPoolExecutor.runWorker(ThreadPoolExecutor.java:1127)
	at java.util.concurrent.ThreadPoolExecutor$Worker.run(ThreadPoolExecutor.java:617)
	at java.lang.Thread.run(Thread.java:745)

   Locked ownable synchronizers:
	- None

"AsyncAppender-Worker-ASYNCDEBUGLOG" #12 daemon prio=5 os_prio=0 tid=0x00007f41604b6bc0 nid=0x5641 waiting on condition [0x00007f4148056000]
   java.lang.Thread.State: WAITING (parking)
	at sun.misc.Unsafe.park(Native Method)
	- parking to wait for  <0x00000000e3e21e78> (a java.util.concurrent.locks.AbstractQueuedSynchronizer$ConditionObject)
	at java.util.concurrent.locks.LockSupport.park(LockSupport.java:175)
	at java.util.concurrent.locks.AbstractQueuedSynchronizer$ConditionObject.await(AbstractQueuedSynchronizer.java:2039)
	at java.util.concurrent.ArrayBlockingQueue.take(ArrayBlockingQueue.java:403)
	at ch.qos.logback.core.AsyncAppenderBase$Worker.run(AsyncAppenderBase.java:250)

   Locked ownable synchronizers:
	- None

"Service Thread" #9 daemon prio=9 os_prio=0 tid=0x00007f4160241dc0 nid=0x563f runnable [0x0000000000000000]
   java.lang.Thread.State: RUNNABLE

   Locked ownable synchronizers:
	- None

"C1 CompilerThread2" #8 daemon prio=9 os_prio=0 tid=0x00007f41602372f0 nid=0x563e waiting on condition [0x0000000000000000]
   java.lang.Thread.State: RUNNABLE

   Locked ownable synchronizers:
	- None

"C2 CompilerThread1" #7 daemon prio=9 os_prio=0 tid=0x00007f4160235880 nid=0x563d waiting on condition [0x0000000000000000]
   java.lang.Thread.State: RUNNABLE

   Locked ownable synchronizers:
	- None

"C2 CompilerThread0" #6 daemon prio=9 os_prio=0 tid=0x00007f416022ed00 nid=0x563c waiting on condition [0x0000000000000000]
   java.lang.Thread.State: RUNNABLE

   Locked ownable synchronizers:
	- None

"Signal Dispatcher" #5 daemon prio=9 os_prio=0 tid=0x00007f416013cd10 nid=0x563b runnable [0x0000000000000000]
   java.lang.Thread.State: RUNNABLE

   Locked ownable synchronizers:
	- None

"Surrogate Locker Thread (Concurrent GC)" #4 daemon prio=9 os_prio=0 tid=0x00007f4160138fa0 nid=0x563a waiting on condition [0x0000000000000000]
   java.lang.Thread.State: RUNNABLE

   Locked ownable synchronizers:
	- None

"Finalizer" #3 daemon prio=8 os_prio=0 tid=0x00007f4160104db0 nid=0x5639 in Object.wait() [0x00007f4150090000]
   java.lang.Thread.State: WAITING (on object monitor)
	at java.lang.Object.wait(Native Method)
	- waiting on <0x00000000e3e35710> (a java.lang.ref.ReferenceQueue$Lock)
	at java.lang.ref.ReferenceQueue.remove(ReferenceQueue.java:143)
	- locked <0x00000000e3e35710> (a java.lang.ref.ReferenceQueue$Lock)
	at java.lang.ref.ReferenceQueue.remove(ReferenceQueue.java:164)
	at java.lang.ref.Finalizer$FinalizerThread.run(Finalizer.java:209)

   Locked ownable synchronizers:
	- None

"Reference Handler" #2 daemon prio=10 os_prio=0 tid=0x00007f4160103490 nid=0x5638 in Object.wait() [0x00007f41500d1000]
   java.lang.Thread.State: WAITING (on object monitor)
	at java.lang.Object.wait(Native Method)
	- waiting on <0x00000000e3e21ec0> (a java.lang.ref.Reference$Lock)
	at java.lang.Object.wait(Object.java:502)
	at java.lang.ref.Reference$ReferenceHandler.run(Reference.java:157)
	- locked <0x00000000e3e21ec0> (a java.lang.ref.Reference$Lock)

   Locked ownable synchronizers:
	- None

"VM Thread" os_prio=0 tid=0x00007f41600fea80 nid=0x5637 runnable 

"Gang worker#0 (Parallel GC Threads)" os_prio=0 tid=0x00007f416001af80 nid=0x5632 runnable 

"Gang worker#1 (Parallel GC Threads)" os_prio=0 tid=0x00007f416001c370 nid=0x5633 runnable 

"Gang worker#2 (Parallel GC Threads)" os_prio=0 tid=0x00007f416001d760 nid=0x5634 runnable 

"Gang worker#3 (Parallel GC Threads)" os_prio=0 tid=0x00007f416001eb50 nid=0x5635 runnable 

"Concurrent Mark-Sweep GC Thread" os_prio=0 tid=0x00007f41600610e0 nid=0x5636 runnable 

"VM Periodic Task Thread" os_prio=0 tid=0x00007f4160244520 nid=0x5640 waiting on condition 

JNI global references: 719


/usr/lib/jvm/jdk1.8.0_45/bin/jstack stderr:


/usr/lib/jvm/jdk1.8.0_45/bin/jmap stdout:
Attaching to process ID 22064, please wait...
Debugger attached successfully.
Server compiler detected.
JVM version is 25.45-b02

using parallel threads in the new generation.
using thread-local object allocation.
Concurrent Mark-Sweep GC

Heap Configuration:
   MinHeapFreeRatio         = 40
   MaxHeapFreeRatio         = 70
   MaxHeapSize              = 524288000 (500.0MB)
   NewSize                  = 52428800 (50.0MB)
   MaxNewSize               = 52428800 (50.0MB)
   OldSize                  = 471859200 (450.0MB)
   NewRatio                 = 2
   SurvivorRatio            = 8
   MetaspaceSize            = 21807104 (20.796875MB)
   CompressedClassSpaceSize = 1073741824 (1024.0MB)
   MaxMetaspaceSize         = 17592186044415 MB
   G1HeapRegionSize         = 0 (0.0MB)

Heap Usage:
New Generation (Eden + 1 Survivor Space):
   capacity = 47185920 (45.0MB)
   used     = 40656968 (38.77350616455078MB)
   free     = 6528952 (6.226493835449219MB)
   86.16334703233507% used
Eden Space:
   capacity = 41943040 (40.0MB)
   used     = 35507232 (33.862335205078125MB)
   free     = 6435808 (6.137664794921875MB)
   84.65583801269531% used
From Space:
   capacity = 5242880 (5.0MB)
   used     = 5149736 (4.911170959472656MB)
   free     = 93144 (0.08882904052734375MB)
   98.22341918945312% used
To Space:
   capacity = 5242880 (5.0MB)
   used     = 0 (0.0MB)
   free     = 5242880 (5.0MB)
   0.0% used
concurrent mark-sweep generation:
   capacity = 471859200 (450.0MB)
   used     = 12772140919818 MB
   free     = 5054183637041657088 (4.820045125047356E12MB)
   -1.0711211387994125E12% used

13715 interned Strings occupying 1893512 bytes.

/usr/lib/jvm/jdk1.8.0_45/bin/jmap stderr:


pidstat stdout:
Linux 3.16.0-4-amd64 (ip-172-31-10-42) 	12/07/2015 	_x86_64_	(4 CPU)

06:51:13 PM   UID       PID    %usr %system  %guest    %CPU   CPU  Command
06:51:14 PM     0         3    0.00    2.00    0.00    2.00     0  ksoftirqd/0
06:51:14 PM     0        18    0.00    3.00    0.00    3.00     2  ksoftirqd/2

06:51:14 PM   UID       PID    %usr %system  %guest    %CPU   CPU  Command
06:51:15 PM     0         7    0.00    2.00    0.00    2.00     2  rcu_sched

06:51:15 PM   UID       PID    %usr %system  %guest    %CPU   CPU  Command
06:51:16 PM     0        18    0.00    1.00    0.00    1.00     2  ksoftirqd/2
06:51:16 PM  1001     22064    1.00    0.00    0.00    1.00     1  java

06:51:16 PM   UID       PID    %usr %system  %guest    %CPU   CPU  Command
06:51:17 PM     0         7    0.00    2.00    0.00    2.00     2  rcu_sched
06:51:17 PM  1001     22064    1.00    0.00    0.00    1.00     1  java
06:51:17 PM  1001     22169    1.00    0.00    0.00    1.00     2  pidstat

06:51:17 PM   UID       PID    %usr %system  %guest    %CPU   CPU  Command
06:51:18 PM     0        18    0.00    2.00    0.00    2.00     2  ksoftirqd/2

Average:      UID       PID    %usr %system  %guest    %CPU   CPU  Command
Average:        0         3    0.00    0.40    0.00    0.40     -  ksoftirqd/0
Average:        0         7    0.00    0.80    0.00    0.80     -  rcu_sched
Average:        0        18    0.00    1.20    0.00    1.20     -  ksoftirqd/2
Average:     1001     22064    0.40    0.00    0.00    0.40     -  java
Average:     1001     22169    0.20    0.00    0.00    0.20     -  pidstat

pidstat stderr:


df stdout:
Filesystem     1K-blocks    Used Available Use% Mounted on
/dev/xvda1       8121784 2584188   5101988  34% /

df stderr:


attempting to connect to 127.0.0.1:9042 via TCP
recieved from socket:
�???????l???
?fInvalid or unsupported protocol version (115); the lowest supported version is 3 and the greatest is 4???????????????????????????????????????????????????????????????????????????????????????????????????????????????????????????????????????????????????????????????????????????????????????????????????????????????????????????????????????????????????????????????????????????????????????????????????????????????????????????????????????????????????????????????????????????????????????????????????????????????????????????????????????????????????????????????????????????????????????????????????????????????????????????????????????????????????????????????????????????????????????????????????????????????????????????????????????????????????????????????????????????????????????????????????????????????????????????????????????????????????????????????????????????????????????????????????????????????????????????????????????????????????????????????????????????????????????????????????????????????????????????????????????????????????????????????????????????????????????????????????????????????????????????????????????????????????????????????????????????????????????????????????????????????????????????????????????????????????????????????????????????????????????????????????????????????????????????????????????????????????????????????????????????????????????????????????????????????????????????????????????????????????????????????????????????????????????????????????????????????????????????????????????????????????????????????????????????????????????????????????????????????????????????????????????????????????????????????????????????????????????????????????????????????????????????????????????????????????????????????????????????????????????????????????????????????????????????????????????????????????????????????????????????????????????????????????????????????????????????????????????????????????????????????????????????????????????????????????????????????????????????????????????????????????????????????????????????????????????????????????????????????????????????????????????????????????????????????????????????????????????????????????????????????????????????????????????????????????????????????????????????????????????????????????????????????????????????????????????????????????????????????????????????????????????????????????????????????????????????????????????????????????????????????????????????????????????????????????????????????????????????????????????????????????????????????????????????????????????????????????????????????????????????????????????????????????????????????????????????????????????????????????????????????????????????????????????????????????????????????????????????????????????????????????????????????????????????????????????????????????????????????????????????????????????????????????????????????????????????????????????????????????????????????????????????????????????????????????????????????????????????????????????????????????????????????????????????????????????????????????????????????????????????????????????????????????????????????????????????????????????????????????????????????????????????????????????????????????????????????????????????????????????????????????????????????????????????????????????????????????????????????????????????????????????????????????????????????????????????????????????????????????????????????????????????????????????????????????????????????????????????????????????????????????????????????????????????????????????????????????????????????????????????????????????????????????????????????????????????????????????????????????????????????????????????????????????????????????????????????????????????????????????????????????????????????????????????????????????????????????????????????????????????????????????????????????????????????????????????????????????????????????????????????????????????????????????????????????????????????????????????????????????????????????????????????????????????????????????????????????????????????????????????????????????????????????????????????????????????????????????????????????????????????????????????????????????????printing from the socket blew up, but that's ok
attempting connection to 127.0.0.1
connected successfully.
removing ccm cluster test at: /mnt/tmp/dtest-gFhBHX
clearing ssl stores from [/mnt/tmp/dtest-gFhBHX] directory
]]></system-out></testcase><testcase classname="cql_tests.StorageProxyCQLTester" name="batch_test" time="7.437"><system-out><![CDATA[cluster ccm directory: /mnt/tmp/dtest-oUNcS5
attempting connection to 127.0.0.1
connected successfully.
removing ccm cluster test at: /mnt/tmp/dtest-oUNcS5
clearing ssl stores from [/mnt/tmp/dtest-oUNcS5] directory
]]></system-out></testcase><testcase classname="bootstrap_test.TestBootstrap" name="decommissioned_wiped_node_can_join_test" time="205.584"><system-out><![CDATA[cluster ccm directory: /mnt/tmp/dtest-k_lXsw
attempting connection to 127.0.0.1
connected successfully.
attempting connection to 127.0.0.4
connected successfully.
Deleting /mnt/tmp/dtest-k_lXsw/test/node4/data
removing ccm cluster test at: /mnt/tmp/dtest-k_lXsw
clearing ssl stores from [/mnt/tmp/dtest-k_lXsw] directory
]]></system-out></testcase><testcase classname="repair_test.TestRepair" name="no_anticompaction_after_hostspecific_repair_test" time="134.598"><system-out><![CDATA[cluster ccm directory: /mnt/tmp/dtest-8SCdz6
Starting cluster..
removing ccm cluster test at: /mnt/tmp/dtest-8SCdz6
clearing ssl stores from [/mnt/tmp/dtest-8SCdz6] directory
]]></system-out></testcase><testcase classname="compaction_test.TestCompaction_with_DateTieredCompactionStrategy" name="compaction_strategy_switching_test" time="39.637"><system-out><![CDATA[cluster ccm directory: /mnt/tmp/dtest-4vIeKM
attempting connection to 127.0.0.1
connected successfully.
attempting connection to 127.0.0.1
connected successfully.
removing ccm cluster test at: /mnt/tmp/dtest-4vIeKM
clearing ssl stores from [/mnt/tmp/dtest-4vIeKM] directory
]]></system-out></testcase><testcase classname="sstablesplit_test.TestSSTableSplit" name="split_test" time="1363.099"><system-out><![CDATA[cluster ccm directory: /mnt/tmp/dtest-SIY9J_
Run stress to insert data
Compact sstables.
Number of sstables after compaction: 1
Run sstablesplit
Original sstable and sizes before split: [('/mnt/tmp/dtest-SIY9J_/test/node1/data/keyspace1/standard1-6d1c0dd09d1411e580852f3df7552741/ma-26-big-Data.db', 231452555)]
-- ma-26-big-Data.db-----
stdout: 
stderr: WARN  19:07:29 Only 37054 MB free across all data volumes. Consider adding more capacity to your cluster or removing obsolete snapshots

rc: 0
Number of sstables after split: 23. expected 22.0
Compact sstables.
Number of sstables after compaction: 1
Run sstablesplit
Original sstable and sizes before split: [('/mnt/tmp/dtest-SIY9J_/test/node1/data/keyspace1/standard1-6d1c0dd09d1411e580852f3df7552741/ma-51-big-Data.db', 231452555)]
-- ma-51-big-Data.db-----
stdout: 
stderr: WARN  19:12:24 Only 37262 MB free across all data volumes. Consider adding more capacity to your cluster or removing obsolete snapshots

rc: 0
Number of sstables after split: 23. expected 22.0
Run stress to ensure data is readable
removing ccm cluster test at: /mnt/tmp/dtest-SIY9J_
clearing ssl stores from [/mnt/tmp/dtest-SIY9J_] directory
]]></system-out></testcase></testsuite>