<?xml version="1.0" encoding="UTF-8"?><testsuite name="nosetests" tests="81" errors="0" failures="1" skip="13"><testcase classname="offline_tools_test.TestOfflineTools" name="sstableverify_test" time="313.833"><system-out><![CDATA[cluster ccm directory: /mnt/tmp/dtest-Pwq5bf
True
True
/mnt/tmp/dtest-Pwq5bf/test/node1/data/keyspace1/standard1-c385c8c09ea711e58d225b7fff57edf1/ma-7-big-Data.db
True
True
/mnt/tmp/dtest-Pwq5bf/test/node1/data/keyspace1/standard1-c385c8c09ea711e58d225b7fff57edf1/ma-6-big-Data.db
True
True
/mnt/tmp/dtest-Pwq5bf/test/node1/data/keyspace1/standard1-c385c8c09ea711e58d225b7fff57edf1/ma-5-big-Data.db
removing ccm cluster test at: /mnt/tmp/dtest-Pwq5bf
clearing ssl stores from [/mnt/tmp/dtest-Pwq5bf] directory
]]></system-out></testcase><testcase classname="offline_tools_test.TestOfflineTools" name="sstableofflinerelevel_test" time="256.583"><system-out><![CDATA[cluster ccm directory: /mnt/tmp/dtest-B8osM9
attempting connection to 127.0.0.1
connected successfully.
[0, 0, 0, 0, 0, 0, 0, 0, 0, 0, 0, 0, 0, 0, 0, 0, 0, 0, 0, 0, 0, 0, 0]
[1, 2, 2, 2, 2, 2, 2, 2, 2, 2, 2, 2, 2, 2, 2, 2, 2, 2, 2, 2, 2, 2, 2]
removing ccm cluster test at: /mnt/tmp/dtest-B8osM9
clearing ssl stores from [/mnt/tmp/dtest-B8osM9] directory
]]></system-out></testcase><testcase classname="repair_test.TestRepair" name="dc_repair_test" time="205.954"><system-out><![CDATA[cluster ccm directory: /mnt/tmp/dtest-_FjW2X
Starting cluster..
attempting connection to 127.0.0.1
connected successfully.
Inserting data...
Checking data...
attempting connection to 127.0.0.2
connected successfully.
attempting connection to 127.0.0.1
connected successfully.
attempting connection to 127.0.0.3
connected successfully.
attempting connection to 127.0.0.4
connected successfully.
starting repair...
attempting connection to 127.0.0.2
connected successfully.
removing ccm cluster test at: /mnt/tmp/dtest-_FjW2X
clearing ssl stores from [/mnt/tmp/dtest-_FjW2X] directory
]]></system-out></testcase><testcase classname="upgrade_tests.paging_test.TestPagingQueryIsolationNodes3RF3" name="test_query_isolation" time="266.127"><system-out><![CDATA[cluster ccm directory: /mnt/tmp/dtest-j6jnEe
getting default job version for 3.0.0
UpgradePath(starting_version='binary:2.2.3', upgrade_version=None)
Exception while downloading binary:2.2.3; falling back to source
Source identifier: git:cassandra-2.2.3
http://git-wip-us.apache.org/repos/asf/cassandra.git git:cassandra-2.2.3
starting from 2.2.3
attempting connection to 127.0.0.1
connected successfully.
upgrading to {'install_dir': '/home/automaton/cassandra'}
attempting connection to 127.0.0.1
connected successfully.
attempting connection to 127.0.0.2
connected successfully.
Querying upgraded node
Querying old node
removing ccm cluster test at: /mnt/tmp/dtest-j6jnEe
clearing ssl stores from [/mnt/tmp/dtest-j6jnEe] directory
]]></system-out></testcase><testcase classname="upgrade_tests.cql_tests.TestCQLNodes3RF3" name="reversed_compact_multikey_test" time="45.048"><system-out><![CDATA[cluster ccm directory: /mnt/tmp/dtest-0G9lbh
getting default job version for 3.0.0
UpgradePath(starting_version='binary:2.2.3', upgrade_version=None)
starting from 2.2.3
attempting connection to 127.0.0.1
connected successfully.
upgrading to {'install_dir': '/home/automaton/cassandra'}
attempting connection to 127.0.0.1
connected successfully.
attempting connection to 127.0.0.2
connected successfully.
Querying upgraded node
Querying old node
removing ccm cluster test at: /mnt/tmp/dtest-0G9lbh
clearing ssl stores from [/mnt/tmp/dtest-0G9lbh] directory
]]></system-out></testcase><testcase classname="upgrade_tests.cql_tests.TestCQLNodes3RF3" name="whole_map_conditional_test" time="44.894"><system-out><![CDATA[cluster ccm directory: /mnt/tmp/dtest-JslbE9
getting default job version for 3.0.0
UpgradePath(starting_version='binary:2.2.3', upgrade_version=None)
starting from 2.2.3
attempting connection to 127.0.0.1
connected successfully.
upgrading to {'install_dir': '/home/automaton/cassandra'}
attempting connection to 127.0.0.1
connected successfully.
attempting connection to 127.0.0.2
connected successfully.
Querying upgraded node
Testing normal maps
Testing frozen maps
Querying old node
Testing normal maps
Testing frozen maps
removing ccm cluster test at: /mnt/tmp/dtest-JslbE9
clearing ssl stores from [/mnt/tmp/dtest-JslbE9] directory
]]></system-out></testcase><testcase classname="upgrade_tests.cql_tests.TestCQLNodes3RF3" name="whole_set_conditional_test" time="45.567"><system-out><![CDATA[cluster ccm directory: /mnt/tmp/dtest-Iq_V0r
getting default job version for 3.0.0
UpgradePath(starting_version='binary:2.2.3', upgrade_version=None)
starting from 2.2.3
attempting connection to 127.0.0.1
connected successfully.
upgrading to {'install_dir': '/home/automaton/cassandra'}
attempting connection to 127.0.0.1
connected successfully.
attempting connection to 127.0.0.2
connected successfully.
Querying upgraded node
Querying old node
removing ccm cluster test at: /mnt/tmp/dtest-Iq_V0r
clearing ssl stores from [/mnt/tmp/dtest-Iq_V0r] directory
]]></system-out></testcase><testcase classname="upgrade_tests.cql_tests.TestCQLNodes3RF3" name="cas_and_list_index_test" time="40.968"><system-out><![CDATA[cluster ccm directory: /mnt/tmp/dtest-1KAuGg
getting default job version for 3.0.0
UpgradePath(starting_version='binary:2.2.3', upgrade_version=None)
starting from 2.2.3
attempting connection to 127.0.0.1
connected successfully.
upgrading to {'install_dir': '/home/automaton/cassandra'}
attempting connection to 127.0.0.1
connected successfully.
attempting connection to 127.0.0.2
connected successfully.
Querying upgraded node
Querying old node
removing ccm cluster test at: /mnt/tmp/dtest-1KAuGg
clearing ssl stores from [/mnt/tmp/dtest-1KAuGg] directory
]]></system-out></testcase><testcase classname="upgrade_tests.cql_tests.TestCQLNodes3RF3" name="conversion_functions_test" time="40.825"><system-out><![CDATA[cluster ccm directory: /mnt/tmp/dtest-g1uAtD
getting default job version for 3.0.0
UpgradePath(starting_version='binary:2.2.3', upgrade_version=None)
starting from 2.2.3
attempting connection to 127.0.0.1
connected successfully.
upgrading to {'install_dir': '/home/automaton/cassandra'}
attempting connection to 127.0.0.1
connected successfully.
attempting connection to 127.0.0.2
connected successfully.
Querying upgraded node
Querying old node
removing ccm cluster test at: /mnt/tmp/dtest-g1uAtD
clearing ssl stores from [/mnt/tmp/dtest-g1uAtD] directory
]]></system-out></testcase><testcase classname="upgrade_tests.cql_tests.TestCQLNodes3RF3" name="invalid_string_literals_test" time="41.086"><system-out><![CDATA[cluster ccm directory: /mnt/tmp/dtest-Lvip6n
getting default job version for 3.0.0
UpgradePath(starting_version='binary:2.2.3', upgrade_version=None)
starting from 2.2.3
attempting connection to 127.0.0.1
connected successfully.
upgrading to {'install_dir': '/home/automaton/cassandra'}
attempting connection to 127.0.0.1
connected successfully.
attempting connection to 127.0.0.2
connected successfully.
Querying upgraded node
Querying old node
removing ccm cluster test at: /mnt/tmp/dtest-Lvip6n
clearing ssl stores from [/mnt/tmp/dtest-Lvip6n] directory
]]></system-out></testcase><testcase classname="upgrade_tests.cql_tests.TestCQLNodes3RF3" name="row_existence_test" time="41.957"><system-out><![CDATA[cluster ccm directory: /mnt/tmp/dtest-8NAgQg
getting default job version for 3.0.0
UpgradePath(starting_version='binary:2.2.3', upgrade_version=None)
starting from 2.2.3
attempting connection to 127.0.0.1
connected successfully.
upgrading to {'install_dir': '/home/automaton/cassandra'}
attempting connection to 127.0.0.1
connected successfully.
attempting connection to 127.0.0.2
connected successfully.
Querying upgraded node
Querying old node
removing ccm cluster test at: /mnt/tmp/dtest-8NAgQg
clearing ssl stores from [/mnt/tmp/dtest-8NAgQg] directory
]]></system-out></testcase><testcase classname="upgrade_tests.cql_tests.TestCQLNodes3RF3" name="dense_cf_test" time="40.136"><system-out><![CDATA[cluster ccm directory: /mnt/tmp/dtest-a6OAyi
getting default job version for 3.0.0
UpgradePath(starting_version='binary:2.2.3', upgrade_version=None)
starting from 2.2.3
attempting connection to 127.0.0.1
connected successfully.
upgrading to {'install_dir': '/home/automaton/cassandra'}
attempting connection to 127.0.0.1
connected successfully.
attempting connection to 127.0.0.2
connected successfully.
Querying upgraded node
Querying old node
removing ccm cluster test at: /mnt/tmp/dtest-a6OAyi
clearing ssl stores from [/mnt/tmp/dtest-a6OAyi] directory
]]></system-out></testcase><testcase classname="upgrade_tests.cql_tests.TestCQLNodes3RF3" name="bug_10652_test" time="49.216"><system-out><![CDATA[cluster ccm directory: /mnt/tmp/dtest-kKe0oP
getting default job version for 3.0.0
UpgradePath(starting_version='binary:2.2.3', upgrade_version=None)
starting from 2.2.3
attempting connection to 127.0.0.1
connected successfully.
upgrading to {'install_dir': '/home/automaton/cassandra'}
attempting connection to 127.0.0.1
connected successfully.
attempting connection to 127.0.0.2
connected successfully.
Querying upgraded node
Querying old node
removing ccm cluster test at: /mnt/tmp/dtest-kKe0oP
clearing ssl stores from [/mnt/tmp/dtest-kKe0oP] directory
]]></system-out></testcase><testcase classname="upgrade_tests.cql_tests.TestCQLNodes3RF3" name="collection_indexing_test" time="49.084"><system-out><![CDATA[cluster ccm directory: /mnt/tmp/dtest-lK6Mwm
getting default job version for 3.0.0
UpgradePath(starting_version='binary:2.2.3', upgrade_version=None)
starting from 2.2.3
attempting connection to 127.0.0.1
connected successfully.
upgrading to {'install_dir': '/home/automaton/cassandra'}
attempting connection to 127.0.0.1
connected successfully.
attempting connection to 127.0.0.2
connected successfully.
Querying upgraded node
Querying old node
removing ccm cluster test at: /mnt/tmp/dtest-lK6Mwm
clearing ssl stores from [/mnt/tmp/dtest-lK6Mwm] directory
]]></system-out></testcase><testcase classname="upgrade_tests.cql_tests.TestCQLNodes3RF3" name="edge_2i_on_complex_pk_test" time="46.596"><system-out><![CDATA[cluster ccm directory: /mnt/tmp/dtest-157K8d
getting default job version for 3.0.0
UpgradePath(starting_version='binary:2.2.3', upgrade_version=None)
starting from 2.2.3
attempting connection to 127.0.0.1
connected successfully.
upgrading to {'install_dir': '/home/automaton/cassandra'}
attempting connection to 127.0.0.1
connected successfully.
attempting connection to 127.0.0.2
connected successfully.
Querying upgraded node
Querying old node
removing ccm cluster test at: /mnt/tmp/dtest-157K8d
clearing ssl stores from [/mnt/tmp/dtest-157K8d] directory
]]></system-out></testcase><testcase classname="upgrade_tests.cql_tests.TestCQLNodes3RF3" name="test_v2_protocol_IN_with_tuples" time="0.062"><skipped type="unittest.case.SkipTest" message="3.0.0 &gt; 2.2.X"><![CDATA[SkipTest: 3.0.0 > 2.2.X
]]></skipped><system-out><![CDATA[cluster ccm directory: /mnt/tmp/dtest-s4tiuy
]]></system-out></testcase><testcase classname="upgrade_tests.paging_test.TestPagingWithDeletionsNodes2RF1" name="test_failure_threshold_deletions" time="43.730"><system-out><![CDATA[cluster ccm directory: /mnt/tmp/dtest-3wsbyS
getting default job version for 3.0.0
UpgradePath(starting_version='binary:2.2.3', upgrade_version=None)
starting from 2.2.3
attempting connection to 127.0.0.1
connected successfully.
upgrading to {'install_dir': '/home/automaton/cassandra'}
attempting connection to 127.0.0.1
connected successfully.
attempting connection to 127.0.0.2
connected successfully.
Querying upgraded node
Querying old node
removing ccm cluster test at: /mnt/tmp/dtest-3wsbyS
clearing ssl stores from [/mnt/tmp/dtest-3wsbyS] directory
]]></system-out></testcase><testcase classname="upgrade_tests.paging_test.TestPagingWithDeletionsNodes2RF1" name="test_single_row_deletions" time="36.744"><system-out><![CDATA[cluster ccm directory: /mnt/tmp/dtest-c0Mt6x
getting default job version for 3.0.0
UpgradePath(starting_version='binary:2.2.3', upgrade_version=None)
starting from 2.2.3
attempting connection to 127.0.0.1
connected successfully.
upgrading to {'install_dir': '/home/automaton/cassandra'}
attempting connection to 127.0.0.1
connected successfully.
attempting connection to 127.0.0.2
connected successfully.
Querying upgraded node
Querying old node
removing ccm cluster test at: /mnt/tmp/dtest-c0Mt6x
clearing ssl stores from [/mnt/tmp/dtest-c0Mt6x] directory
]]></system-out></testcase><testcase classname="upgrade_tests.paging_test.TestPagingWithModifiersNodes3RF3" name="test_with_allow_filtering" time="41.279"><system-out><![CDATA[cluster ccm directory: /mnt/tmp/dtest-zVIFt2
getting default job version for 3.0.0
UpgradePath(starting_version='binary:2.2.3', upgrade_version=None)
starting from 2.2.3
attempting connection to 127.0.0.1
connected successfully.
upgrading to {'install_dir': '/home/automaton/cassandra'}
attempting connection to 127.0.0.1
connected successfully.
attempting connection to 127.0.0.2
connected successfully.
Querying upgraded node
Querying old node
removing ccm cluster test at: /mnt/tmp/dtest-zVIFt2
clearing ssl stores from [/mnt/tmp/dtest-zVIFt2] directory
]]></system-out></testcase><testcase classname="upgrade_tests.cql_tests.TestCQLNodes2RF1" name="clustering_indexing_test" time="36.314"><system-out><![CDATA[cluster ccm directory: /mnt/tmp/dtest-QwmRMX
getting default job version for 3.0.0
UpgradePath(starting_version='binary:2.2.3', upgrade_version=None)
starting from 2.2.3
attempting connection to 127.0.0.1
connected successfully.
upgrading to {'install_dir': '/home/automaton/cassandra'}
attempting connection to 127.0.0.1
connected successfully.
attempting connection to 127.0.0.2
connected successfully.
Querying upgraded node
Querying old node
removing ccm cluster test at: /mnt/tmp/dtest-QwmRMX
clearing ssl stores from [/mnt/tmp/dtest-QwmRMX] directory
]]></system-out></testcase><testcase classname="upgrade_tests.cql_tests.TestCQLNodes2RF1" name="large_clustering_in_test" time="37.202"><system-out><![CDATA[cluster ccm directory: /mnt/tmp/dtest-6ToJFw
getting default job version for 3.0.0
UpgradePath(starting_version='binary:2.2.3', upgrade_version=None)
starting from 2.2.3
attempting connection to 127.0.0.1
connected successfully.
upgrading to {'install_dir': '/home/automaton/cassandra'}
attempting connection to 127.0.0.1
connected successfully.
attempting connection to 127.0.0.2
connected successfully.
Querying upgraded node
Querying old node
removing ccm cluster test at: /mnt/tmp/dtest-6ToJFw
clearing ssl stores from [/mnt/tmp/dtest-6ToJFw] directory
]]></system-out></testcase><testcase classname="upgrade_tests.cql_tests.TestCQLNodes2RF1" name="reversed_compact_test" time="36.181"><system-out><![CDATA[cluster ccm directory: /mnt/tmp/dtest-M4Y93u
getting default job version for 3.0.0
UpgradePath(starting_version='binary:2.2.3', upgrade_version=None)
starting from 2.2.3
attempting connection to 127.0.0.1
connected successfully.
upgrading to {'install_dir': '/home/automaton/cassandra'}
attempting connection to 127.0.0.1
connected successfully.
attempting connection to 127.0.0.2
connected successfully.
Querying upgraded node
Querying old node
removing ccm cluster test at: /mnt/tmp/dtest-M4Y93u
clearing ssl stores from [/mnt/tmp/dtest-M4Y93u] directory
]]></system-out></testcase><testcase classname="upgrade_tests.cql_tests.TestCQLNodes2RF1" name="reversed_compact_multikey_test" time="34.182"><system-out><![CDATA[cluster ccm directory: /mnt/tmp/dtest-3CXlCa
getting default job version for 3.0.0
UpgradePath(starting_version='binary:2.2.3', upgrade_version=None)
starting from 2.2.3
attempting connection to 127.0.0.1
connected successfully.
upgrading to {'install_dir': '/home/automaton/cassandra'}
attempting connection to 127.0.0.1
connected successfully.
attempting connection to 127.0.0.2
connected successfully.
Querying upgraded node
Querying old node
removing ccm cluster test at: /mnt/tmp/dtest-3CXlCa
clearing ssl stores from [/mnt/tmp/dtest-3CXlCa] directory
]]></system-out></testcase><testcase classname="upgrade_tests.cql_tests.TestCQLNodes2RF1" name="compact_metadata_test" time="33.671"><system-out><![CDATA[cluster ccm directory: /mnt/tmp/dtest-or64HM
getting default job version for 3.0.0
UpgradePath(starting_version='binary:2.2.3', upgrade_version=None)
starting from 2.2.3
attempting connection to 127.0.0.1
connected successfully.
upgrading to {'install_dir': '/home/automaton/cassandra'}
attempting connection to 127.0.0.1
connected successfully.
attempting connection to 127.0.0.2
connected successfully.
Querying upgraded node
Querying old node
removing ccm cluster test at: /mnt/tmp/dtest-or64HM
clearing ssl stores from [/mnt/tmp/dtest-or64HM] directory
]]></system-out></testcase><testcase classname="upgrade_tests.cql_tests.TestCQLNodes2RF1" name="cas_and_compact_test" time="33.579"><system-out><![CDATA[cluster ccm directory: /mnt/tmp/dtest-kmVwZW
getting default job version for 3.0.0
UpgradePath(starting_version='binary:2.2.3', upgrade_version=None)
starting from 2.2.3
attempting connection to 127.0.0.1
connected successfully.
upgrading to {'install_dir': '/home/automaton/cassandra'}
attempting connection to 127.0.0.1
connected successfully.
attempting connection to 127.0.0.2
connected successfully.
Querying upgraded node
Querying old node
removing ccm cluster test at: /mnt/tmp/dtest-kmVwZW
clearing ssl stores from [/mnt/tmp/dtest-kmVwZW] directory
]]></system-out></testcase><testcase classname="upgrade_tests.cql_tests.TestCQLNodes2RF1" name="conditional_delete_test" time="44.287"><system-out><![CDATA[cluster ccm directory: /mnt/tmp/dtest-08ImB9
getting default job version for 3.0.0
UpgradePath(starting_version='binary:2.2.3', upgrade_version=None)
starting from 2.2.3
attempting connection to 127.0.0.1
connected successfully.
upgrading to {'install_dir': '/home/automaton/cassandra'}
attempting connection to 127.0.0.1
connected successfully.
attempting connection to 127.0.0.2
connected successfully.
Querying upgraded node
Querying old node
removing ccm cluster test at: /mnt/tmp/dtest-08ImB9
clearing ssl stores from [/mnt/tmp/dtest-08ImB9] directory
]]></system-out></testcase><testcase classname="upgrade_tests.cql_tests.TestCQLNodes2RF1" name="delete_row_test" time="34.000"><system-out><![CDATA[cluster ccm directory: /mnt/tmp/dtest-ue5HRK
getting default job version for 3.0.0
UpgradePath(starting_version='binary:2.2.3', upgrade_version=None)
starting from 2.2.3
attempting connection to 127.0.0.1
connected successfully.
upgrading to {'install_dir': '/home/automaton/cassandra'}
attempting connection to 127.0.0.1
connected successfully.
attempting connection to 127.0.0.2
connected successfully.
Querying upgraded node
Querying old node
removing ccm cluster test at: /mnt/tmp/dtest-ue5HRK
clearing ssl stores from [/mnt/tmp/dtest-ue5HRK] directory
]]></system-out></testcase><testcase classname="upgrade_tests.paging_test.TestPagingSizeNodes2RF1" name="test_with_less_results_than_page_size" time="33.776"><system-out><![CDATA[cluster ccm directory: /mnt/tmp/dtest-mRRD4c
getting default job version for 3.0.0
UpgradePath(starting_version='binary:2.2.3', upgrade_version=None)
starting from 2.2.3
attempting connection to 127.0.0.1
connected successfully.
upgrading to {'install_dir': '/home/automaton/cassandra'}
attempting connection to 127.0.0.1
connected successfully.
attempting connection to 127.0.0.2
connected successfully.
Querying upgraded node
Querying old node
removing ccm cluster test at: /mnt/tmp/dtest-mRRD4c
clearing ssl stores from [/mnt/tmp/dtest-mRRD4c] directory
]]></system-out></testcase><testcase classname="upgrade_tests.paging_test.TestPagingSizeNodes3RF3" name="test_with_no_results" time="43.799"><system-out><![CDATA[cluster ccm directory: /mnt/tmp/dtest-bQn67r
getting default job version for 3.0.0
UpgradePath(starting_version='binary:2.2.3', upgrade_version=None)
starting from 2.2.3
attempting connection to 127.0.0.1
connected successfully.
upgrading to {'install_dir': '/home/automaton/cassandra'}
attempting connection to 127.0.0.1
connected successfully.
attempting connection to 127.0.0.2
connected successfully.
Querying upgraded node
Querying old node
removing ccm cluster test at: /mnt/tmp/dtest-bQn67r
clearing ssl stores from [/mnt/tmp/dtest-bQn67r] directory
]]></system-out></testcase><testcase classname="sstableutil_test.SSTableUtilTest" name="compaction_test" time="126.723"><system-out><![CDATA[cluster ccm directory: /mnt/tmp/dtest-e3QNoL
About to invoke sstableutil...
Listing files...
/mnt/tmp/dtest-e3QNoL/test/node1/data/keyspace1/standard1-69d309f09eac11e5965a5b7fff57edf1/ma-1-big-CRC.db
/mnt/tmp/dtest-e3QNoL/test/node1/data/keyspace1/standard1-69d309f09eac11e5965a5b7fff57edf1/ma-1-big-Data.db
/mnt/tmp/dtest-e3QNoL/test/node1/data/keyspace1/standard1-69d309f09eac11e5965a5b7fff57edf1/ma-1-big-Digest.crc32
/mnt/tmp/dtest-e3QNoL/test/node1/data/keyspace1/standard1-69d309f09eac11e5965a5b7fff57edf1/ma-1-big-Filter.db
/mnt/tmp/dtest-e3QNoL/test/node1/data/keyspace1/standard1-69d309f09eac11e5965a5b7fff57edf1/ma-1-big-Index.db
/mnt/tmp/dtest-e3QNoL/test/node1/data/keyspace1/standard1-69d309f09eac11e5965a5b7fff57edf1/ma-1-big-Statistics.db
/mnt/tmp/dtest-e3QNoL/test/node1/data/keyspace1/standard1-69d309f09eac11e5965a5b7fff57edf1/ma-1-big-Summary.db
/mnt/tmp/dtest-e3QNoL/test/node1/data/keyspace1/standard1-69d309f09eac11e5965a5b7fff57edf1/ma-1-big-TOC.txt
/mnt/tmp/dtest-e3QNoL/test/node1/data/keyspace1/standard1-69d309f09eac11e5965a5b7fff57edf1/ma-2-big-CRC.db
/mnt/tmp/dtest-e3QNoL/test/node1/data/keyspace1/standard1-69d309f09eac11e5965a5b7fff57edf1/ma-2-big-Data.db
/mnt/tmp/dtest-e3QNoL/test/node1/data/keyspace1/standard1-69d309f09eac11e5965a5b7fff57edf1/ma-2-big-Digest.crc32
/mnt/tmp/dtest-e3QNoL/test/node1/data/keyspace1/standard1-69d309f09eac11e5965a5b7fff57edf1/ma-2-big-Filter.db
/mnt/tmp/dtest-e3QNoL/test/node1/data/keyspace1/standard1-69d309f09eac11e5965a5b7fff57edf1/ma-2-big-Index.db
/mnt/tmp/dtest-e3QNoL/test/node1/data/keyspace1/standard1-69d309f09eac11e5965a5b7fff57edf1/ma-2-big-Statistics.db
/mnt/tmp/dtest-e3QNoL/test/node1/data/keyspace1/standard1-69d309f09eac11e5965a5b7fff57edf1/ma-2-big-Summary.db
/mnt/tmp/dtest-e3QNoL/test/node1/data/keyspace1/standard1-69d309f09eac11e5965a5b7fff57edf1/ma-2-big-TOC.txt
/mnt/tmp/dtest-e3QNoL/test/node1/data/keyspace1/standard1-69d309f09eac11e5965a5b7fff57edf1/ma-3-big-CRC.db
/mnt/tmp/dtest-e3QNoL/test/node1/data/keyspace1/standard1-69d309f09eac11e5965a5b7fff57edf1/ma-3-big-Data.db
/mnt/tmp/dtest-e3QNoL/test/node1/data/keyspace1/standard1-69d309f09eac11e5965a5b7fff57edf1/ma-3-big-Digest.crc32
/mnt/tmp/dtest-e3QNoL/test/node1/data/keyspace1/standard1-69d309f09eac11e5965a5b7fff57edf1/ma-3-big-Filter.db
/mnt/tmp/dtest-e3QNoL/test/node1/data/keyspace1/standard1-69d309f09eac11e5965a5b7fff57edf1/ma-3-big-Index.db
/mnt/tmp/dtest-e3QNoL/test/node1/data/keyspace1/standard1-69d309f09eac11e5965a5b7fff57edf1/ma-3-big-Statistics.db
/mnt/tmp/dtest-e3QNoL/test/node1/data/keyspace1/standard1-69d309f09eac11e5965a5b7fff57edf1/ma-3-big-Summary.db
/mnt/tmp/dtest-e3QNoL/test/node1/data/keyspace1/standard1-69d309f09eac11e5965a5b7fff57edf1/ma-3-big-TOC.txt

Got 24 files
About to invoke sstableutil...
Listing files...
/mnt/tmp/dtest-e3QNoL/test/node1/data/keyspace1/standard1-69d309f09eac11e5965a5b7fff57edf1/ma-1-big-CRC.db
/mnt/tmp/dtest-e3QNoL/test/node1/data/keyspace1/standard1-69d309f09eac11e5965a5b7fff57edf1/ma-1-big-Data.db
/mnt/tmp/dtest-e3QNoL/test/node1/data/keyspace1/standard1-69d309f09eac11e5965a5b7fff57edf1/ma-1-big-Digest.crc32
/mnt/tmp/dtest-e3QNoL/test/node1/data/keyspace1/standard1-69d309f09eac11e5965a5b7fff57edf1/ma-1-big-Filter.db
/mnt/tmp/dtest-e3QNoL/test/node1/data/keyspace1/standard1-69d309f09eac11e5965a5b7fff57edf1/ma-1-big-Index.db
/mnt/tmp/dtest-e3QNoL/test/node1/data/keyspace1/standard1-69d309f09eac11e5965a5b7fff57edf1/ma-1-big-Statistics.db
/mnt/tmp/dtest-e3QNoL/test/node1/data/keyspace1/standard1-69d309f09eac11e5965a5b7fff57edf1/ma-1-big-Summary.db
/mnt/tmp/dtest-e3QNoL/test/node1/data/keyspace1/standard1-69d309f09eac11e5965a5b7fff57edf1/ma-1-big-TOC.txt
/mnt/tmp/dtest-e3QNoL/test/node1/data/keyspace1/standard1-69d309f09eac11e5965a5b7fff57edf1/ma-2-big-CRC.db
/mnt/tmp/dtest-e3QNoL/test/node1/data/keyspace1/standard1-69d309f09eac11e5965a5b7fff57edf1/ma-2-big-Data.db
/mnt/tmp/dtest-e3QNoL/test/node1/data/keyspace1/standard1-69d309f09eac11e5965a5b7fff57edf1/ma-2-big-Digest.crc32
/mnt/tmp/dtest-e3QNoL/test/node1/data/keyspace1/standard1-69d309f09eac11e5965a5b7fff57edf1/ma-2-big-Filter.db
/mnt/tmp/dtest-e3QNoL/test/node1/data/keyspace1/standard1-69d309f09eac11e5965a5b7fff57edf1/ma-2-big-Index.db
/mnt/tmp/dtest-e3QNoL/test/node1/data/keyspace1/standard1-69d309f09eac11e5965a5b7fff57edf1/ma-2-big-Statistics.db
/mnt/tmp/dtest-e3QNoL/test/node1/data/keyspace1/standard1-69d309f09eac11e5965a5b7fff57edf1/ma-2-big-Summary.db
/mnt/tmp/dtest-e3QNoL/test/node1/data/keyspace1/standard1-69d309f09eac11e5965a5b7fff57edf1/ma-2-big-TOC.txt
/mnt/tmp/dtest-e3QNoL/test/node1/data/keyspace1/standard1-69d309f09eac11e5965a5b7fff57edf1/ma-3-big-CRC.db
/mnt/tmp/dtest-e3QNoL/test/node1/data/keyspace1/standard1-69d309f09eac11e5965a5b7fff57edf1/ma-3-big-Data.db
/mnt/tmp/dtest-e3QNoL/test/node1/data/keyspace1/standard1-69d309f09eac11e5965a5b7fff57edf1/ma-3-big-Digest.crc32
/mnt/tmp/dtest-e3QNoL/test/node1/data/keyspace1/standard1-69d309f09eac11e5965a5b7fff57edf1/ma-3-big-Filter.db
/mnt/tmp/dtest-e3QNoL/test/node1/data/keyspace1/standard1-69d309f09eac11e5965a5b7fff57edf1/ma-3-big-Index.db
/mnt/tmp/dtest-e3QNoL/test/node1/data/keyspace1/standard1-69d309f09eac11e5965a5b7fff57edf1/ma-3-big-Statistics.db
/mnt/tmp/dtest-e3QNoL/test/node1/data/keyspace1/standard1-69d309f09eac11e5965a5b7fff57edf1/ma-3-big-Summary.db
/mnt/tmp/dtest-e3QNoL/test/node1/data/keyspace1/standard1-69d309f09eac11e5965a5b7fff57edf1/ma-3-big-TOC.txt

Got 24 files
About to invoke sstableutil...
Listing files...

Got 0 files
About to invoke sstableutil...
Listing files...

Got 0 files
Comparing all files...
Comparing final files...
Comparing tmp files...
Comparing op logs...
About to invoke sstableutil...
Listing files...
/mnt/tmp/dtest-e3QNoL/test/node1/data/keyspace1/standard1-69d309f09eac11e5965a5b7fff57edf1/ma-4-big-CRC.db
/mnt/tmp/dtest-e3QNoL/test/node1/data/keyspace1/standard1-69d309f09eac11e5965a5b7fff57edf1/ma-4-big-Data.db
/mnt/tmp/dtest-e3QNoL/test/node1/data/keyspace1/standard1-69d309f09eac11e5965a5b7fff57edf1/ma-4-big-Digest.crc32
/mnt/tmp/dtest-e3QNoL/test/node1/data/keyspace1/standard1-69d309f09eac11e5965a5b7fff57edf1/ma-4-big-Filter.db
/mnt/tmp/dtest-e3QNoL/test/node1/data/keyspace1/standard1-69d309f09eac11e5965a5b7fff57edf1/ma-4-big-Index.db
/mnt/tmp/dtest-e3QNoL/test/node1/data/keyspace1/standard1-69d309f09eac11e5965a5b7fff57edf1/ma-4-big-Statistics.db
/mnt/tmp/dtest-e3QNoL/test/node1/data/keyspace1/standard1-69d309f09eac11e5965a5b7fff57edf1/ma-4-big-Summary.db
/mnt/tmp/dtest-e3QNoL/test/node1/data/keyspace1/standard1-69d309f09eac11e5965a5b7fff57edf1/ma-4-big-TOC.txt

Got 8 files
About to invoke sstableutil...
Listing files...
/mnt/tmp/dtest-e3QNoL/test/node1/data/keyspace1/standard1-69d309f09eac11e5965a5b7fff57edf1/ma-4-big-CRC.db
/mnt/tmp/dtest-e3QNoL/test/node1/data/keyspace1/standard1-69d309f09eac11e5965a5b7fff57edf1/ma-4-big-Data.db
/mnt/tmp/dtest-e3QNoL/test/node1/data/keyspace1/standard1-69d309f09eac11e5965a5b7fff57edf1/ma-4-big-Digest.crc32
/mnt/tmp/dtest-e3QNoL/test/node1/data/keyspace1/standard1-69d309f09eac11e5965a5b7fff57edf1/ma-4-big-Filter.db
/mnt/tmp/dtest-e3QNoL/test/node1/data/keyspace1/standard1-69d309f09eac11e5965a5b7fff57edf1/ma-4-big-Index.db
/mnt/tmp/dtest-e3QNoL/test/node1/data/keyspace1/standard1-69d309f09eac11e5965a5b7fff57edf1/ma-4-big-Statistics.db
/mnt/tmp/dtest-e3QNoL/test/node1/data/keyspace1/standard1-69d309f09eac11e5965a5b7fff57edf1/ma-4-big-Summary.db
/mnt/tmp/dtest-e3QNoL/test/node1/data/keyspace1/standard1-69d309f09eac11e5965a5b7fff57edf1/ma-4-big-TOC.txt

Got 8 files
About to invoke sstableutil...
Listing files...

Got 0 files
About to invoke sstableutil...
Listing files...

Got 0 files
Comparing all files...
Comparing final files...
Comparing tmp files...
Comparing op logs...
removing ccm cluster test at: /mnt/tmp/dtest-e3QNoL
clearing ssl stores from [/mnt/tmp/dtest-e3QNoL] directory
]]></system-out></testcase><testcase classname="commitlog_test.TestCommitLog" name="default_segment_size_test" time="100.046"><system-out><![CDATA[cluster ccm directory: /mnt/tmp/dtest-JRKa1l
attempting connection to 127.0.0.1
netstat stdout:
Active Internet connections (only servers)
Proto Recv-Q Send-Q Local Address           Foreign Address         State       PID/Program name
tcp        0      0 127.0.0.1:37653         0.0.0.0:*               LISTEN      17708/java      
tcp        0      0 0.0.0.0:22              0.0.0.0:*               LISTEN      -               
tcp        0      0 127.0.0.1:7000          0.0.0.0:*               LISTEN      17708/java      
tcp        0      0 127.0.0.1:7100          0.0.0.0:*               LISTEN      17708/java      
tcp6       0      0 :::22                   :::*                    LISTEN      -               

netstat stderr:
(Not all processes could be identified, non-owned process info
 will not be shown, you would have to be root to see it all.)


cassandra PID: 17708
/usr/lib/jvm/jdk1.8.0_45/bin/jstack stdout:
2015-12-09 19:40:29
Full thread dump Java HotSpot(TM) 64-Bit Server VM (25.45-b02 mixed mode):

"DestroyJavaVM" #74 prio=5 os_prio=0 tid=0x00007f41243e2d60 nid=0x452d waiting on condition [0x0000000000000000]
   java.lang.Thread.State: RUNNABLE

   Locked ownable synchronizers:
	- None

"Thread-2" #73 prio=5 os_prio=0 tid=0x00007f4124d69dc0 nid=0x4584 runnable [0x00007f4102ee2000]
   java.lang.Thread.State: RUNNABLE
	at java.net.PlainSocketImpl.socketAccept(Native Method)
	at java.net.AbstractPlainSocketImpl.accept(AbstractPlainSocketImpl.java:404)
	at java.net.ServerSocket.implAccept(ServerSocket.java:545)
	at java.net.ServerSocket.accept(ServerSocket.java:513)
	at org.apache.cassandra.thrift.TCustomServerSocket.acceptImpl(TCustomServerSocket.java:103)
	at org.apache.cassandra.thrift.TCustomServerSocket.acceptImpl(TCustomServerSocket.java:36)
	at org.apache.thrift.transport.TServerTransport.accept(TServerTransport.java:60)
	at org.apache.cassandra.thrift.CustomTThreadPoolServer.serve(CustomTThreadPoolServer.java:111)
	at org.apache.cassandra.thrift.ThriftServer$ThriftServerThread.run(ThriftServer.java:137)

   Locked ownable synchronizers:
	- None

"epollEventLoopGroup-2-1" #63 prio=10 os_prio=0 tid=0x00007f4124d2f770 nid=0x4583 runnable [0x00007f4102f23000]
   java.lang.Thread.State: RUNNABLE
	at io.netty.channel.epoll.Native.epollWait(Native Method)
	at io.netty.channel.epoll.EpollEventLoop.epollWait(EpollEventLoop.java:194)
	at io.netty.channel.epoll.EpollEventLoop.run(EpollEventLoop.java:219)
	at io.netty.util.concurrent.SingleThreadEventExecutor$2.run(SingleThreadEventExecutor.java:116)
	at io.netty.util.concurrent.DefaultThreadFactory$DefaultRunnableDecorator.run(DefaultThreadFactory.java:137)
	at java.lang.Thread.run(Thread.java:745)

   Locked ownable synchronizers:
	- None

"Attach Listener" #71 daemon prio=9 os_prio=0 tid=0x00007f4124d1cf90 nid=0x4581 waiting on condition [0x0000000000000000]
   java.lang.Thread.State: RUNNABLE

   Locked ownable synchronizers:
	- None

"process reaper" #62 daemon prio=10 os_prio=0 tid=0x00007f4124cd9110 nid=0x4572 waiting on condition [0x00007f41033a4000]
   java.lang.Thread.State: TIMED_WAITING (parking)
	at sun.misc.Unsafe.park(Native Method)
	- parking to wait for  <0x00000000e23c47c0> (a java.util.concurrent.SynchronousQueue$TransferStack)
	at java.util.concurrent.locks.LockSupport.parkNanos(LockSupport.java:215)
	at java.util.concurrent.SynchronousQueue$TransferStack.awaitFulfill(SynchronousQueue.java:460)
	at java.util.concurrent.SynchronousQueue$TransferStack.transfer(SynchronousQueue.java:362)
	at java.util.concurrent.SynchronousQueue.poll(SynchronousQueue.java:941)
	at java.util.concurrent.ThreadPoolExecutor.getTask(ThreadPoolExecutor.java:1066)
	at java.util.concurrent.ThreadPoolExecutor.runWorker(ThreadPoolExecutor.java:1127)
	at java.util.concurrent.ThreadPoolExecutor$Worker.run(ThreadPoolExecutor.java:617)
	at java.lang.Thread.run(Thread.java:745)

   Locked ownable synchronizers:
	- None

"PendingRangeCalculator:1" #61 daemon prio=5 os_prio=0 tid=0x00007f4124ca96a0 nid=0x456d waiting on condition [0x00007f41033e5000]
   java.lang.Thread.State: TIMED_WAITING (parking)
	at sun.misc.Unsafe.park(Native Method)
	- parking to wait for  <0x00000000e15516b0> (a java.util.concurrent.locks.AbstractQueuedSynchronizer$ConditionObject)
	at java.util.concurrent.locks.LockSupport.parkNanos(LockSupport.java:215)
	at java.util.concurrent.locks.AbstractQueuedSynchronizer$ConditionObject.awaitNanos(AbstractQueuedSynchronizer.java:2078)
	at java.util.concurrent.LinkedBlockingQueue.poll(LinkedBlockingQueue.java:467)
	at java.util.concurrent.ThreadPoolExecutor.getTask(ThreadPoolExecutor.java:1066)
	at java.util.concurrent.ThreadPoolExecutor.runWorker(ThreadPoolExecutor.java:1127)
	at java.util.concurrent.ThreadPoolExecutor$Worker.run(ThreadPoolExecutor.java:617)
	at java.lang.Thread.run(Thread.java:745)

   Locked ownable synchronizers:
	- None

"ReadRepairStage:4" #60 daemon prio=5 os_prio=0 tid=0x00007f4124bfcd70 nid=0x456c waiting on condition [0x00007f4103426000]
   java.lang.Thread.State: TIMED_WAITING (parking)
	at sun.misc.Unsafe.park(Native Method)
	- parking to wait for  <0x00000000e397b908> (a java.util.concurrent.locks.AbstractQueuedSynchronizer$ConditionObject)
	at java.util.concurrent.locks.LockSupport.parkNanos(LockSupport.java:215)
	at java.util.concurrent.locks.AbstractQueuedSynchronizer$ConditionObject.awaitNanos(AbstractQueuedSynchronizer.java:2078)
	at java.util.concurrent.LinkedBlockingQueue.poll(LinkedBlockingQueue.java:467)
	at java.util.concurrent.ThreadPoolExecutor.getTask(ThreadPoolExecutor.java:1066)
	at java.util.concurrent.ThreadPoolExecutor.runWorker(ThreadPoolExecutor.java:1127)
	at java.util.concurrent.ThreadPoolExecutor$Worker.run(ThreadPoolExecutor.java:617)
	at java.lang.Thread.run(Thread.java:745)

   Locked ownable synchronizers:
	- None

"ReadRepairStage:3" #59 daemon prio=5 os_prio=0 tid=0x00007f4124bfb350 nid=0x456b waiting on condition [0x00007f410356c000]
   java.lang.Thread.State: TIMED_WAITING (parking)
	at sun.misc.Unsafe.park(Native Method)
	- parking to wait for  <0x00000000e397b908> (a java.util.concurrent.locks.AbstractQueuedSynchronizer$ConditionObject)
	at java.util.concurrent.locks.LockSupport.parkNanos(LockSupport.java:215)
	at java.util.concurrent.locks.AbstractQueuedSynchronizer$ConditionObject.awaitNanos(AbstractQueuedSynchronizer.java:2078)
	at java.util.concurrent.LinkedBlockingQueue.poll(LinkedBlockingQueue.java:467)
	at java.util.concurrent.ThreadPoolExecutor.getTask(ThreadPoolExecutor.java:1066)
	at java.util.concurrent.ThreadPoolExecutor.runWorker(ThreadPoolExecutor.java:1127)
	at java.util.concurrent.ThreadPoolExecutor$Worker.run(ThreadPoolExecutor.java:617)
	at java.lang.Thread.run(Thread.java:745)

   Locked ownable synchronizers:
	- None

"ReadRepairStage:2" #58 daemon prio=5 os_prio=0 tid=0x00007f4124bf9be0 nid=0x456a waiting on condition [0x00007f41035ad000]
   java.lang.Thread.State: TIMED_WAITING (parking)
	at sun.misc.Unsafe.park(Native Method)
	- parking to wait for  <0x00000000e397b908> (a java.util.concurrent.locks.AbstractQueuedSynchronizer$ConditionObject)
	at java.util.concurrent.locks.LockSupport.parkNanos(LockSupport.java:215)
	at java.util.concurrent.locks.AbstractQueuedSynchronizer$ConditionObject.awaitNanos(AbstractQueuedSynchronizer.java:2078)
	at java.util.concurrent.LinkedBlockingQueue.poll(LinkedBlockingQueue.java:467)
	at java.util.concurrent.ThreadPoolExecutor.getTask(ThreadPoolExecutor.java:1066)
	at java.util.concurrent.ThreadPoolExecutor.runWorker(ThreadPoolExecutor.java:1127)
	at java.util.concurrent.ThreadPoolExecutor$Worker.run(ThreadPoolExecutor.java:617)
	at java.lang.Thread.run(Thread.java:745)

   Locked ownable synchronizers:
	- None

"ReadRepairStage:1" #57 daemon prio=5 os_prio=0 tid=0x00007f4124bf8470 nid=0x4569 waiting on condition [0x00007f41035ee000]
   java.lang.Thread.State: TIMED_WAITING (parking)
	at sun.misc.Unsafe.park(Native Method)
	- parking to wait for  <0x00000000e397b908> (a java.util.concurrent.locks.AbstractQueuedSynchronizer$ConditionObject)
	at java.util.concurrent.locks.LockSupport.parkNanos(LockSupport.java:215)
	at java.util.concurrent.locks.AbstractQueuedSynchronizer$ConditionObject.awaitNanos(AbstractQueuedSynchronizer.java:2078)
	at java.util.concurrent.LinkedBlockingQueue.poll(LinkedBlockingQueue.java:467)
	at java.util.concurrent.ThreadPoolExecutor.getTask(ThreadPoolExecutor.java:1066)
	at java.util.concurrent.ThreadPoolExecutor.runWorker(ThreadPoolExecutor.java:1127)
	at java.util.concurrent.ThreadPoolExecutor$Worker.run(ThreadPoolExecutor.java:617)
	at java.lang.Thread.run(Thread.java:745)

   Locked ownable synchronizers:
	- None

"MiscStage:1" #56 daemon prio=5 os_prio=0 tid=0x00007f4124bf6d30 nid=0x4568 waiting on condition [0x00007f410362f000]
   java.lang.Thread.State: TIMED_WAITING (parking)
	at sun.misc.Unsafe.park(Native Method)
	- parking to wait for  <0x00000000e397c0e0> (a java.util.concurrent.locks.AbstractQueuedSynchronizer$ConditionObject)
	at java.util.concurrent.locks.LockSupport.parkNanos(LockSupport.java:215)
	at java.util.concurrent.locks.AbstractQueuedSynchronizer$ConditionObject.awaitNanos(AbstractQueuedSynchronizer.java:2078)
	at java.util.concurrent.LinkedBlockingQueue.poll(LinkedBlockingQueue.java:467)
	at java.util.concurrent.ThreadPoolExecutor.getTask(ThreadPoolExecutor.java:1066)
	at java.util.concurrent.ThreadPoolExecutor.runWorker(ThreadPoolExecutor.java:1127)
	at java.util.concurrent.ThreadPoolExecutor$Worker.run(ThreadPoolExecutor.java:617)
	at java.lang.Thread.run(Thread.java:745)

   Locked ownable synchronizers:
	- None

"MigrationStage:1" #55 daemon prio=5 os_prio=0 tid=0x00007f4124bf5310 nid=0x4567 waiting on condition [0x00007f4103670000]
   java.lang.Thread.State: TIMED_WAITING (parking)
	at sun.misc.Unsafe.park(Native Method)
	- parking to wait for  <0x00000000e62ad580> (a java.util.concurrent.locks.AbstractQueuedSynchronizer$ConditionObject)
	at java.util.concurrent.locks.LockSupport.parkNanos(LockSupport.java:215)
	at java.util.concurrent.locks.AbstractQueuedSynchronizer$ConditionObject.awaitNanos(AbstractQueuedSynchronizer.java:2078)
	at java.util.concurrent.LinkedBlockingQueue.poll(LinkedBlockingQueue.java:467)
	at java.util.concurrent.ThreadPoolExecutor.getTask(ThreadPoolExecutor.java:1066)
	at java.util.concurrent.ThreadPoolExecutor.runWorker(ThreadPoolExecutor.java:1127)
	at java.util.concurrent.ThreadPoolExecutor$Worker.run(ThreadPoolExecutor.java:617)
	at java.lang.Thread.run(Thread.java:745)

   Locked ownable synchronizers:
	- None

"AntiEntropyStage:1" #54 daemon prio=5 os_prio=0 tid=0x00007f4124bf3bc0 nid=0x4566 waiting on condition [0x00007f41036b1000]
   java.lang.Thread.State: TIMED_WAITING (parking)
	at sun.misc.Unsafe.park(Native Method)
	- parking to wait for  <0x00000000e397c648> (a java.util.concurrent.locks.AbstractQueuedSynchronizer$ConditionObject)
	at java.util.concurrent.locks.LockSupport.parkNanos(LockSupport.java:215)
	at java.util.concurrent.locks.AbstractQueuedSynchronizer$ConditionObject.awaitNanos(AbstractQueuedSynchronizer.java:2078)
	at java.util.concurrent.LinkedBlockingQueue.poll(LinkedBlockingQueue.java:467)
	at java.util.concurrent.ThreadPoolExecutor.getTask(ThreadPoolExecutor.java:1066)
	at java.util.concurrent.ThreadPoolExecutor.runWorker(ThreadPoolExecutor.java:1127)
	at java.util.concurrent.ThreadPoolExecutor$Worker.run(ThreadPoolExecutor.java:617)
	at java.lang.Thread.run(Thread.java:745)

   Locked ownable synchronizers:
	- None

"GossipStage:1" #53 daemon prio=5 os_prio=0 tid=0x00007f4124bf2860 nid=0x4565 waiting on condition [0x00007f41036f2000]
   java.lang.Thread.State: TIMED_WAITING (parking)
	at sun.misc.Unsafe.park(Native Method)
	- parking to wait for  <0x00000000e397cd08> (a java.util.concurrent.locks.AbstractQueuedSynchronizer$ConditionObject)
	at java.util.concurrent.locks.LockSupport.parkNanos(LockSupport.java:215)
	at java.util.concurrent.locks.AbstractQueuedSynchronizer$ConditionObject.awaitNanos(AbstractQueuedSynchronizer.java:2078)
	at java.util.concurrent.LinkedBlockingQueue.poll(LinkedBlockingQueue.java:467)
	at java.util.concurrent.ThreadPoolExecutor.getTask(ThreadPoolExecutor.java:1066)
	at java.util.concurrent.ThreadPoolExecutor.runWorker(ThreadPoolExecutor.java:1127)
	at java.util.concurrent.ThreadPoolExecutor$Worker.run(ThreadPoolExecutor.java:617)
	at java.lang.Thread.run(Thread.java:745)

   Locked ownable synchronizers:
	- None

"InternalResponseStage:4" #52 daemon prio=5 os_prio=0 tid=0x00007f4124bf0e90 nid=0x4564 waiting on condition [0x00007f4103467000]
   java.lang.Thread.State: TIMED_WAITING (parking)
	at sun.misc.Unsafe.park(Native Method)
	- parking to wait for  <0x00000000e397d430> (a java.util.concurrent.locks.AbstractQueuedSynchronizer$ConditionObject)
	at java.util.concurrent.locks.LockSupport.parkNanos(LockSupport.java:215)
	at java.util.concurrent.locks.AbstractQueuedSynchronizer$ConditionObject.awaitNanos(AbstractQueuedSynchronizer.java:2078)
	at java.util.concurrent.LinkedBlockingQueue.poll(LinkedBlockingQueue.java:467)
	at java.util.concurrent.ThreadPoolExecutor.getTask(ThreadPoolExecutor.java:1066)
	at java.util.concurrent.ThreadPoolExecutor.runWorker(ThreadPoolExecutor.java:1127)
	at java.util.concurrent.ThreadPoolExecutor$Worker.run(ThreadPoolExecutor.java:617)
	at java.lang.Thread.run(Thread.java:745)

   Locked ownable synchronizers:
	- None

"InternalResponseStage:3" #51 daemon prio=5 os_prio=0 tid=0x00007f4124bef7b0 nid=0x4563 waiting on condition [0x00007f41034a8000]
   java.lang.Thread.State: TIMED_WAITING (parking)
	at sun.misc.Unsafe.park(Native Method)
	- parking to wait for  <0x00000000e397d430> (a java.util.concurrent.locks.AbstractQueuedSynchronizer$ConditionObject)
	at java.util.concurrent.locks.LockSupport.parkNanos(LockSupport.java:215)
	at java.util.concurrent.locks.AbstractQueuedSynchronizer$ConditionObject.awaitNanos(AbstractQueuedSynchronizer.java:2078)
	at java.util.concurrent.LinkedBlockingQueue.poll(LinkedBlockingQueue.java:467)
	at java.util.concurrent.ThreadPoolExecutor.getTask(ThreadPoolExecutor.java:1066)
	at java.util.concurrent.ThreadPoolExecutor.runWorker(ThreadPoolExecutor.java:1127)
	at java.util.concurrent.ThreadPoolExecutor$Worker.run(ThreadPoolExecutor.java:617)
	at java.lang.Thread.run(Thread.java:745)

   Locked ownable synchronizers:
	- None

"InternalResponseStage:2" #50 daemon prio=5 os_prio=0 tid=0x00007f4124bee7b0 nid=0x4562 waiting on condition [0x00007f41034e9000]
   java.lang.Thread.State: TIMED_WAITING (parking)
	at sun.misc.Unsafe.park(Native Method)
	- parking to wait for  <0x00000000e397d430> (a java.util.concurrent.locks.AbstractQueuedSynchronizer$ConditionObject)
	at java.util.concurrent.locks.LockSupport.parkNanos(LockSupport.java:215)
	at java.util.concurrent.locks.AbstractQueuedSynchronizer$ConditionObject.awaitNanos(AbstractQueuedSynchronizer.java:2078)
	at java.util.concurrent.LinkedBlockingQueue.poll(LinkedBlockingQueue.java:467)
	at java.util.concurrent.ThreadPoolExecutor.getTask(ThreadPoolExecutor.java:1066)
	at java.util.concurrent.ThreadPoolExecutor.runWorker(ThreadPoolExecutor.java:1127)
	at java.util.concurrent.ThreadPoolExecutor$Worker.run(ThreadPoolExecutor.java:617)
	at java.lang.Thread.run(Thread.java:745)

   Locked ownable synchronizers:
	- None

"InternalResponseStage:1" #49 daemon prio=5 os_prio=0 tid=0x00007f4124becb70 nid=0x4561 waiting on condition [0x00007f410352a000]
   java.lang.Thread.State: TIMED_WAITING (parking)
	at sun.misc.Unsafe.park(Native Method)
	- parking to wait for  <0x00000000e397d430> (a java.util.concurrent.locks.AbstractQueuedSynchronizer$ConditionObject)
	at java.util.concurrent.locks.LockSupport.parkNanos(LockSupport.java:215)
	at java.util.concurrent.locks.AbstractQueuedSynchronizer$ConditionObject.awaitNanos(AbstractQueuedSynchronizer.java:2078)
	at java.util.concurrent.LinkedBlockingQueue.poll(LinkedBlockingQueue.java:467)
	at java.util.concurrent.ThreadPoolExecutor.getTask(ThreadPoolExecutor.java:1066)
	at java.util.concurrent.ThreadPoolExecutor.runWorker(ThreadPoolExecutor.java:1127)
	at java.util.concurrent.ThreadPoolExecutor$Worker.run(ThreadPoolExecutor.java:617)
	at java.lang.Thread.run(Thread.java:745)

   Locked ownable synchronizers:
	- None

"LocalPool-Cleaner:1" #48 daemon prio=5 os_prio=0 tid=0x00007f4124abc800 nid=0x4560 in Object.wait() [0x00007f4103933000]
   java.lang.Thread.State: WAITING (on object monitor)
	at java.lang.Object.wait(Native Method)
	- waiting on <0x00000000e397e7c8> (a java.lang.ref.ReferenceQueue$Lock)
	at java.lang.ref.ReferenceQueue.remove(ReferenceQueue.java:143)
	- locked <0x00000000e397e7c8> (a java.lang.ref.ReferenceQueue$Lock)
	at java.lang.ref.ReferenceQueue.remove(ReferenceQueue.java:164)
	at org.apache.cassandra.utils.memory.BufferPool$2.run(BufferPool.java:490)
	at java.util.concurrent.ThreadPoolExecutor.runWorker(ThreadPoolExecutor.java:1142)
	at java.util.concurrent.ThreadPoolExecutor$Worker.run(ThreadPoolExecutor.java:617)
	at java.lang.Thread.run(Thread.java:745)

   Locked ownable synchronizers:
	- <0x00000000e397e408> (a java.util.concurrent.ThreadPoolExecutor$Worker)

"BatchlogTasks:1" #46 daemon prio=5 os_prio=0 tid=0x00007f4124ab8340 nid=0x455e waiting on condition [0x00007f4103974000]
   java.lang.Thread.State: TIMED_WAITING (parking)
	at sun.misc.Unsafe.park(Native Method)
	- parking to wait for  <0x00000000e397ea20> (a java.util.concurrent.locks.AbstractQueuedSynchronizer$ConditionObject)
	at java.util.concurrent.locks.LockSupport.parkNanos(LockSupport.java:215)
	at java.util.concurrent.locks.AbstractQueuedSynchronizer$ConditionObject.awaitNanos(AbstractQueuedSynchronizer.java:2078)
	at java.util.concurrent.ScheduledThreadPoolExecutor$DelayedWorkQueue.take(ScheduledThreadPoolExecutor.java:1093)
	at java.util.concurrent.ScheduledThreadPoolExecutor$DelayedWorkQueue.take(ScheduledThreadPoolExecutor.java:809)
	at java.util.concurrent.ThreadPoolExecutor.getTask(ThreadPoolExecutor.java:1067)
	at java.util.concurrent.ThreadPoolExecutor.runWorker(ThreadPoolExecutor.java:1127)
	at java.util.concurrent.ThreadPoolExecutor$Worker.run(ThreadPoolExecutor.java:617)
	at java.lang.Thread.run(Thread.java:745)

   Locked ownable synchronizers:
	- None

"ACCEPT-/127.0.0.1" #45 prio=5 os_prio=0 tid=0x00007f4124ab5150 nid=0x455d runnable [0x00007f41039b5000]
   java.lang.Thread.State: RUNNABLE
	at sun.nio.ch.ServerSocketChannelImpl.accept0(Native Method)
	at sun.nio.ch.ServerSocketChannelImpl.accept(ServerSocketChannelImpl.java:422)
	at sun.nio.ch.ServerSocketChannelImpl.accept(ServerSocketChannelImpl.java:250)
	- locked <0x00000000e397f208> (a java.lang.Object)
	at sun.nio.ch.ServerSocketAdaptor.accept(ServerSocketAdaptor.java:100)
	- locked <0x00000000e397f1d8> (a java.lang.Object)
	at org.apache.cassandra.net.MessagingService$SocketThread.run(MessagingService.java:1014)

   Locked ownable synchronizers:
	- None

"GossipTasks:1" #44 daemon prio=5 os_prio=0 tid=0x00007f4124a6e380 nid=0x455c waiting on condition [0x00007f41039f6000]
   java.lang.Thread.State: TIMED_WAITING (parking)
	at sun.misc.Unsafe.park(Native Method)
	- parking to wait for  <0x00000000e4cb6570> (a java.util.concurrent.locks.AbstractQueuedSynchronizer$ConditionObject)
	at java.util.concurrent.locks.LockSupport.parkNanos(LockSupport.java:215)
	at java.util.concurrent.locks.AbstractQueuedSynchronizer$ConditionObject.awaitNanos(AbstractQueuedSynchronizer.java:2078)
	at java.util.concurrent.ScheduledThreadPoolExecutor$DelayedWorkQueue.take(ScheduledThreadPoolExecutor.java:1093)
	at java.util.concurrent.ScheduledThreadPoolExecutor$DelayedWorkQueue.take(ScheduledThreadPoolExecutor.java:809)
	at java.util.concurrent.ThreadPoolExecutor.getTask(ThreadPoolExecutor.java:1067)
	at java.util.concurrent.ThreadPoolExecutor.runWorker(ThreadPoolExecutor.java:1127)
	at java.util.concurrent.ThreadPoolExecutor$Worker.run(ThreadPoolExecutor.java:617)
	at java.lang.Thread.run(Thread.java:745)

   Locked ownable synchronizers:
	- None

"Reference-Reaper:1" #43 daemon prio=5 os_prio=0 tid=0x00007f410801aab0 nid=0x455b in Object.wait() [0x00007f4103a37000]
   java.lang.Thread.State: WAITING (on object monitor)
	at java.lang.Object.wait(Native Method)
	- waiting on <0x00000000e397fb98> (a java.lang.ref.ReferenceQueue$Lock)
	at java.lang.ref.ReferenceQueue.remove(ReferenceQueue.java:143)
	- locked <0x00000000e397fb98> (a java.lang.ref.ReferenceQueue$Lock)
	at java.lang.ref.ReferenceQueue.remove(ReferenceQueue.java:164)
	at org.apache.cassandra.utils.concurrent.Ref$ReferenceReaper.run(Ref.java:339)
	at java.util.concurrent.ThreadPoolExecutor.runWorker(ThreadPoolExecutor.java:1142)
	at java.util.concurrent.ThreadPoolExecutor$Worker.run(ThreadPoolExecutor.java:617)
	at java.lang.Thread.run(Thread.java:745)

   Locked ownable synchronizers:
	- <0x00000000e397f7e0> (a java.util.concurrent.ThreadPoolExecutor$Worker)

"IndexSummaryManager:1" #41 daemon prio=1 os_prio=4 tid=0x00007f4124a3e940 nid=0x455a waiting on condition [0x00007f4103a78000]
   java.lang.Thread.State: TIMED_WAITING (parking)
	at sun.misc.Unsafe.park(Native Method)
	- parking to wait for  <0x00000000e397fe00> (a java.util.concurrent.locks.AbstractQueuedSynchronizer$ConditionObject)
	at java.util.concurrent.locks.LockSupport.parkNanos(LockSupport.java:215)
	at java.util.concurrent.locks.AbstractQueuedSynchronizer$ConditionObject.awaitNanos(AbstractQueuedSynchronizer.java:2078)
	at java.util.concurrent.ScheduledThreadPoolExecutor$DelayedWorkQueue.take(ScheduledThreadPoolExecutor.java:1093)
	at java.util.concurrent.ScheduledThreadPoolExecutor$DelayedWorkQueue.take(ScheduledThreadPoolExecutor.java:809)
	at java.util.concurrent.ThreadPoolExecutor.getTask(ThreadPoolExecutor.java:1067)
	at java.util.concurrent.ThreadPoolExecutor.runWorker(ThreadPoolExecutor.java:1127)
	at java.util.concurrent.ThreadPoolExecutor$Worker.run(ThreadPoolExecutor.java:617)
	at java.lang.Thread.run(Thread.java:745)

   Locked ownable synchronizers:
	- None

"HintsDispatcher:1" #40 daemon prio=1 os_prio=4 tid=0x00007f4124a2aca0 nid=0x4559 waiting on condition [0x00007f4103ab9000]
   java.lang.Thread.State: TIMED_WAITING (parking)
	at sun.misc.Unsafe.park(Native Method)
	- parking to wait for  <0x00000000e3980408> (a java.util.concurrent.locks.AbstractQueuedSynchronizer$ConditionObject)
	at java.util.concurrent.locks.LockSupport.parkNanos(LockSupport.java:215)
	at java.util.concurrent.locks.AbstractQueuedSynchronizer$ConditionObject.awaitNanos(AbstractQueuedSynchronizer.java:2078)
	at java.util.concurrent.LinkedBlockingQueue.poll(LinkedBlockingQueue.java:467)
	at java.util.concurrent.ThreadPoolExecutor.getTask(ThreadPoolExecutor.java:1066)
	at java.util.concurrent.ThreadPoolExecutor.runWorker(ThreadPoolExecutor.java:1127)
	at java.util.concurrent.ThreadPoolExecutor$Worker.run(ThreadPoolExecutor.java:617)
	at java.lang.Thread.run(Thread.java:745)

   Locked ownable synchronizers:
	- None

"CacheCleanupExecutor:1" #39 daemon prio=1 os_prio=4 tid=0x00007f41249bba50 nid=0x4558 waiting on condition [0x00007f4103cfa000]
   java.lang.Thread.State: TIMED_WAITING (parking)
	at sun.misc.Unsafe.park(Native Method)
	- parking to wait for  <0x00000000e4743100> (a java.util.concurrent.locks.AbstractQueuedSynchronizer$ConditionObject)
	at java.util.concurrent.locks.LockSupport.parkNanos(LockSupport.java:215)
	at java.util.concurrent.locks.AbstractQueuedSynchronizer$ConditionObject.awaitNanos(AbstractQueuedSynchronizer.java:2078)
	at java.util.concurrent.LinkedBlockingQueue.poll(LinkedBlockingQueue.java:467)
	at java.util.concurrent.ThreadPoolExecutor.getTask(ThreadPoolExecutor.java:1066)
	at java.util.concurrent.ThreadPoolExecutor.runWorker(ThreadPoolExecutor.java:1127)
	at java.util.concurrent.ThreadPoolExecutor$Worker.run(ThreadPoolExecutor.java:617)
	at java.lang.Thread.run(Thread.java:745)

   Locked ownable synchronizers:
	- None

"ValidationExecutor:1" #38 daemon prio=1 os_prio=4 tid=0x00007f41249b9ad0 nid=0x4557 waiting on condition [0x00007f4103d3b000]
   java.lang.Thread.State: TIMED_WAITING (parking)
	at sun.misc.Unsafe.park(Native Method)
	- parking to wait for  <0x00000000e4743148> (a java.util.concurrent.SynchronousQueue$TransferStack)
	at java.util.concurrent.locks.LockSupport.parkNanos(LockSupport.java:215)
	at java.util.concurrent.SynchronousQueue$TransferStack.awaitFulfill(SynchronousQueue.java:460)
	at java.util.concurrent.SynchronousQueue$TransferStack.transfer(SynchronousQueue.java:362)
	at java.util.concurrent.SynchronousQueue.poll(SynchronousQueue.java:941)
	at java.util.concurrent.ThreadPoolExecutor.getTask(ThreadPoolExecutor.java:1066)
	at java.util.concurrent.ThreadPoolExecutor.runWorker(ThreadPoolExecutor.java:1127)
	at java.util.concurrent.ThreadPoolExecutor$Worker.run(ThreadPoolExecutor.java:617)
	at java.lang.Thread.run(Thread.java:745)

   Locked ownable synchronizers:
	- None

"CompactionExecutor:2" #37 daemon prio=1 os_prio=4 tid=0x00007f41249b4da0 nid=0x4556 waiting on condition [0x00007f4105dbd000]
   java.lang.Thread.State: TIMED_WAITING (parking)
	at sun.misc.Unsafe.park(Native Method)
	- parking to wait for  <0x00000000e5b95da0> (a java.util.concurrent.locks.AbstractQueuedSynchronizer$ConditionObject)
	at java.util.concurrent.locks.LockSupport.parkNanos(LockSupport.java:215)
	at java.util.concurrent.locks.AbstractQueuedSynchronizer$ConditionObject.awaitNanos(AbstractQueuedSynchronizer.java:2078)
	at java.util.concurrent.LinkedBlockingQueue.poll(LinkedBlockingQueue.java:467)
	at java.util.concurrent.ThreadPoolExecutor.getTask(ThreadPoolExecutor.java:1066)
	at java.util.concurrent.ThreadPoolExecutor.runWorker(ThreadPoolExecutor.java:1127)
	at java.util.concurrent.ThreadPoolExecutor$Worker.run(ThreadPoolExecutor.java:617)
	at java.lang.Thread.run(Thread.java:745)

   Locked ownable synchronizers:
	- None

"CompactionExecutor:1" #36 daemon prio=1 os_prio=4 tid=0x00007f41249b44b0 nid=0x4555 waiting on condition [0x00007f4105d7c000]
   java.lang.Thread.State: TIMED_WAITING (parking)
	at sun.misc.Unsafe.park(Native Method)
	- parking to wait for  <0x00000000e5b95da0> (a java.util.concurrent.locks.AbstractQueuedSynchronizer$ConditionObject)
	at java.util.concurrent.locks.LockSupport.parkNanos(LockSupport.java:215)
	at java.util.concurrent.locks.AbstractQueuedSynchronizer$ConditionObject.awaitNanos(AbstractQueuedSynchronizer.java:2078)
	at java.util.concurrent.LinkedBlockingQueue.poll(LinkedBlockingQueue.java:467)
	at java.util.concurrent.ThreadPoolExecutor.getTask(ThreadPoolExecutor.java:1066)
	at java.util.concurrent.ThreadPoolExecutor.runWorker(ThreadPoolExecutor.java:1127)
	at java.util.concurrent.ThreadPoolExecutor$Worker.run(ThreadPoolExecutor.java:617)
	at java.lang.Thread.run(Thread.java:745)

   Locked ownable synchronizers:
	- None

"RMI TCP Connection(2)-127.0.0.1" #33 daemon prio=5 os_prio=0 tid=0x00007f4124962100 nid=0x4552 runnable [0x00007f4105dfd000]
   java.lang.Thread.State: RUNNABLE
	at java.net.SocketInputStream.socketRead0(Native Method)
	at java.net.SocketInputStream.socketRead(SocketInputStream.java:116)
	at java.net.SocketInputStream.read(SocketInputStream.java:170)
	at java.net.SocketInputStream.read(SocketInputStream.java:141)
	at java.io.BufferedInputStream.fill(BufferedInputStream.java:246)
	at java.io.BufferedInputStream.read(BufferedInputStream.java:265)
	- locked <0x00000000e5d4ee18> (a java.io.BufferedInputStream)
	at java.io.FilterInputStream.read(FilterInputStream.java:83)
	at sun.rmi.transport.tcp.TCPTransport.handleMessages(TCPTransport.java:550)
	at sun.rmi.transport.tcp.TCPTransport$ConnectionHandler.run0(TCPTransport.java:826)
	at sun.rmi.transport.tcp.TCPTransport$ConnectionHandler.lambda$run$241(TCPTransport.java:683)
	at sun.rmi.transport.tcp.TCPTransport$ConnectionHandler$$Lambda$47/540134905.run(Unknown Source)
	at java.security.AccessController.doPrivileged(Native Method)
	at sun.rmi.transport.tcp.TCPTransport$ConnectionHandler.run(TCPTransport.java:682)
	at java.util.concurrent.ThreadPoolExecutor.runWorker(ThreadPoolExecutor.java:1142)
	at java.util.concurrent.ThreadPoolExecutor$Worker.run(ThreadPoolExecutor.java:617)
	at java.lang.Thread.run(Thread.java:745)

   Locked ownable synchronizers:
	- <0x00000000e5ec5180> (a java.util.concurrent.ThreadPoolExecutor$Worker)

"RMI RenewClean-[127.0.0.1:37653]" #32 daemon prio=5 os_prio=0 tid=0x00007f4110439fc0 nid=0x4551 in Object.wait() [0x00007f410c079000]
   java.lang.Thread.State: TIMED_WAITING (on object monitor)
	at java.lang.Object.wait(Native Method)
	- waiting on <0x00000000e5ec0350> (a java.lang.ref.ReferenceQueue$Lock)
	at java.lang.ref.ReferenceQueue.remove(ReferenceQueue.java:143)
	- locked <0x00000000e5ec0350> (a java.lang.ref.ReferenceQueue$Lock)
	at sun.rmi.transport.DGCClient$EndpointEntry$RenewCleanThread.run(DGCClient.java:536)
	at java.lang.Thread.run(Thread.java:745)

   Locked ownable synchronizers:
	- None

"RMI Scheduler(0)" #31 daemon prio=5 os_prio=0 tid=0x00007f4124960c10 nid=0x4550 waiting on condition [0x00007f410c0ba000]
   java.lang.Thread.State: TIMED_WAITING (parking)
	at sun.misc.Unsafe.park(Native Method)
	- parking to wait for  <0x00000000e5ec0368> (a java.util.concurrent.locks.AbstractQueuedSynchronizer$ConditionObject)
	at java.util.concurrent.locks.LockSupport.parkNanos(LockSupport.java:215)
	at java.util.concurrent.locks.AbstractQueuedSynchronizer$ConditionObject.awaitNanos(AbstractQueuedSynchronizer.java:2078)
	at java.util.concurrent.ScheduledThreadPoolExecutor$DelayedWorkQueue.take(ScheduledThreadPoolExecutor.java:1093)
	at java.util.concurrent.ScheduledThreadPoolExecutor$DelayedWorkQueue.take(ScheduledThreadPoolExecutor.java:809)
	at java.util.concurrent.ThreadPoolExecutor.getTask(ThreadPoolExecutor.java:1067)
	at java.util.concurrent.ThreadPoolExecutor.runWorker(ThreadPoolExecutor.java:1127)
	at java.util.concurrent.ThreadPoolExecutor$Worker.run(ThreadPoolExecutor.java:617)
	at java.lang.Thread.run(Thread.java:745)

   Locked ownable synchronizers:
	- None

"RMI TCP Connection(1)-127.0.0.1" #30 daemon prio=5 os_prio=0 tid=0x00007f4110431ff0 nid=0x454f runnable [0x00007f410c0fa000]
   java.lang.Thread.State: RUNNABLE
	at java.net.SocketInputStream.socketRead0(Native Method)
	at java.net.SocketInputStream.socketRead(SocketInputStream.java:116)
	at java.net.SocketInputStream.read(SocketInputStream.java:170)
	at java.net.SocketInputStream.read(SocketInputStream.java:141)
	at java.io.BufferedInputStream.fill(BufferedInputStream.java:246)
	at java.io.BufferedInputStream.read(BufferedInputStream.java:265)
	- locked <0x00000000e5d4ee90> (a java.io.BufferedInputStream)
	at java.io.FilterInputStream.read(FilterInputStream.java:83)
	at sun.rmi.transport.tcp.TCPTransport.handleMessages(TCPTransport.java:550)
	at sun.rmi.transport.tcp.TCPTransport$ConnectionHandler.run0(TCPTransport.java:826)
	at sun.rmi.transport.tcp.TCPTransport$ConnectionHandler.lambda$run$241(TCPTransport.java:683)
	at sun.rmi.transport.tcp.TCPTransport$ConnectionHandler$$Lambda$47/540134905.run(Unknown Source)
	at java.security.AccessController.doPrivileged(Native Method)
	at sun.rmi.transport.tcp.TCPTransport$ConnectionHandler.run(TCPTransport.java:682)
	at java.util.concurrent.ThreadPoolExecutor.runWorker(ThreadPoolExecutor.java:1142)
	at java.util.concurrent.ThreadPoolExecutor$Worker.run(ThreadPoolExecutor.java:617)
	at java.lang.Thread.run(Thread.java:745)

   Locked ownable synchronizers:
	- <0x00000000e5ec51e0> (a java.util.concurrent.ThreadPoolExecutor$Worker)

"GC Daemon" #29 daemon prio=2 os_prio=3 tid=0x00007f4124945bb0 nid=0x454e in Object.wait() [0x00007f410c14f000]
   java.lang.Thread.State: TIMED_WAITING (on object monitor)
	at java.lang.Object.wait(Native Method)
	- waiting on <0x00000000e5ec0488> (a sun.misc.GC$LatencyLock)
	at sun.misc.GC$Daemon.run(GC.java:117)
	- locked <0x00000000e5ec0488> (a sun.misc.GC$LatencyLock)

   Locked ownable synchronizers:
	- None

"RMI Reaper" #28 prio=5 os_prio=0 tid=0x00007f41249445c0 nid=0x454d in Object.wait() [0x00007f410c190000]
   java.lang.Thread.State: WAITING (on object monitor)
	at java.lang.Object.wait(Native Method)
	- waiting on <0x00000000e5ec04e8> (a java.lang.ref.ReferenceQueue$Lock)
	at java.lang.ref.ReferenceQueue.remove(ReferenceQueue.java:143)
	- locked <0x00000000e5ec04e8> (a java.lang.ref.ReferenceQueue$Lock)
	at java.lang.ref.ReferenceQueue.remove(ReferenceQueue.java:164)
	at sun.rmi.transport.ObjectTable$Reaper.run(ObjectTable.java:351)
	at java.lang.Thread.run(Thread.java:745)

   Locked ownable synchronizers:
	- None

"RMI TCP Accept-0" #27 daemon prio=5 os_prio=0 tid=0x00007f4124942e80 nid=0x454c runnable [0x00007f410c1d1000]
   java.lang.Thread.State: RUNNABLE
	at java.net.PlainSocketImpl.socketAccept(Native Method)
	at java.net.AbstractPlainSocketImpl.accept(AbstractPlainSocketImpl.java:404)
	at java.net.ServerSocket.implAccept(ServerSocket.java:545)
	at java.net.ServerSocket.accept(ServerSocket.java:513)
	at sun.rmi.transport.tcp.TCPTransport$AcceptLoop.executeAcceptLoop(TCPTransport.java:400)
	at sun.rmi.transport.tcp.TCPTransport$AcceptLoop.run(TCPTransport.java:372)
	at java.lang.Thread.run(Thread.java:745)

   Locked ownable synchronizers:
	- None

"RMI TCP Accept-7100" #26 daemon prio=5 os_prio=0 tid=0x00007f412493fd10 nid=0x454b runnable [0x00007f410c516000]
   java.lang.Thread.State: RUNNABLE
	at java.net.PlainSocketImpl.socketAccept(Native Method)
	at java.net.AbstractPlainSocketImpl.accept(AbstractPlainSocketImpl.java:404)
	at java.net.ServerSocket.implAccept(ServerSocket.java:545)
	at java.net.ServerSocket.accept(ServerSocket.java:513)
	at sun.rmi.transport.tcp.TCPTransport$AcceptLoop.executeAcceptLoop(TCPTransport.java:400)
	at sun.rmi.transport.tcp.TCPTransport$AcceptLoop.run(TCPTransport.java:372)
	at java.lang.Thread.run(Thread.java:745)

   Locked ownable synchronizers:
	- None

"OptionalTasks:1" #25 daemon prio=5 os_prio=0 tid=0x00007f41248dcc40 nid=0x454a waiting on condition [0x00007f410c212000]
   java.lang.Thread.State: TIMED_WAITING (parking)
	at sun.misc.Unsafe.park(Native Method)
	- parking to wait for  <0x00000000e4152a10> (a java.util.concurrent.locks.AbstractQueuedSynchronizer$ConditionObject)
	at java.util.concurrent.locks.LockSupport.parkNanos(LockSupport.java:215)
	at java.util.concurrent.locks.AbstractQueuedSynchronizer$ConditionObject.awaitNanos(AbstractQueuedSynchronizer.java:2078)
	at java.util.concurrent.ScheduledThreadPoolExecutor$DelayedWorkQueue.take(ScheduledThreadPoolExecutor.java:1093)
	at java.util.concurrent.ScheduledThreadPoolExecutor$DelayedWorkQueue.take(ScheduledThreadPoolExecutor.java:809)
	at java.util.concurrent.ThreadPoolExecutor.getTask(ThreadPoolExecutor.java:1067)
	at java.util.concurrent.ThreadPoolExecutor.runWorker(ThreadPoolExecutor.java:1127)
	at java.util.concurrent.ThreadPoolExecutor$Worker.run(ThreadPoolExecutor.java:617)
	at java.lang.Thread.run(Thread.java:745)

   Locked ownable synchronizers:
	- None

"COMMIT-LOG-ALLOCATOR" #24 prio=5 os_prio=0 tid=0x00007f41248c7c30 nid=0x4549 waiting on condition [0x00007f410c253000]
   java.lang.Thread.State: WAITING (parking)
	at sun.misc.Unsafe.park(Native Method)
	- parking to wait for  <0x00000000e46d3bb8> (a java.util.concurrent.locks.AbstractQueuedSynchronizer$ConditionObject)
	at java.util.concurrent.locks.LockSupport.park(LockSupport.java:175)
	at java.util.concurrent.locks.AbstractQueuedSynchronizer$ConditionObject.await(AbstractQueuedSynchronizer.java:2039)
	at java.util.concurrent.LinkedBlockingQueue.take(LinkedBlockingQueue.java:442)
	at org.apache.cassandra.db.commitlog.CommitLogSegmentManager$1.runMayThrow(CommitLogSegmentManager.java:146)
	at org.apache.cassandra.utils.WrappedRunnable.run(WrappedRunnable.java:28)
	at java.lang.Thread.run(Thread.java:745)

   Locked ownable synchronizers:
	- None

"PERIODIC-COMMIT-LOG-SYNCER" #23 prio=5 os_prio=0 tid=0x00007f41248c68d0 nid=0x4548 waiting on condition [0x00007f410c294000]
   java.lang.Thread.State: TIMED_WAITING (parking)
	at sun.misc.Unsafe.park(Native Method)
	- parking to wait for  <0x00000000e4ccb8d8> (a java.util.concurrent.Semaphore$NonfairSync)
	at java.util.concurrent.locks.LockSupport.parkNanos(LockSupport.java:215)
	at java.util.concurrent.locks.AbstractQueuedSynchronizer.doAcquireSharedNanos(AbstractQueuedSynchronizer.java:1037)
	at java.util.concurrent.locks.AbstractQueuedSynchronizer.tryAcquireSharedNanos(AbstractQueuedSynchronizer.java:1328)
	at java.util.concurrent.Semaphore.tryAcquire(Semaphore.java:409)
	at org.apache.cassandra.db.commitlog.AbstractCommitLogService$1.run(AbstractCommitLogService.java:134)
	at java.lang.Thread.run(Thread.java:745)

   Locked ownable synchronizers:
	- None

"SlabPoolCleaner" #22 daemon prio=5 os_prio=0 tid=0x00007f41248abc30 nid=0x4547 waiting on condition [0x00007f410c4d5000]
   java.lang.Thread.State: WAITING (parking)
	at sun.misc.Unsafe.park(Native Method)
	at java.util.concurrent.locks.LockSupport.park(LockSupport.java:304)
	at org.apache.cassandra.utils.concurrent.WaitQueue$AbstractSignal.awaitUninterruptibly(WaitQueue.java:279)
	at org.apache.cassandra.utils.memory.MemtableCleanerThread.run(MemtableCleanerThread.java:66)

   Locked ownable synchronizers:
	- None

"SecondaryIndexManagement:1" #20 daemon prio=5 os_prio=0 tid=0x00007f412489cbb0 nid=0x4545 waiting on condition [0x00007f410c557000]
   java.lang.Thread.State: TIMED_WAITING (parking)
	at sun.misc.Unsafe.park(Native Method)
	- parking to wait for  <0x00000000e46d0a38> (a java.util.concurrent.locks.AbstractQueuedSynchronizer$ConditionObject)
	at java.util.concurrent.locks.LockSupport.parkNanos(LockSupport.java:215)
	at java.util.concurrent.locks.AbstractQueuedSynchronizer$ConditionObject.awaitNanos(AbstractQueuedSynchronizer.java:2078)
	at java.util.concurrent.LinkedBlockingQueue.poll(LinkedBlockingQueue.java:467)
	at java.util.concurrent.ThreadPoolExecutor.getTask(ThreadPoolExecutor.java:1066)
	at java.util.concurrent.ThreadPoolExecutor.runWorker(ThreadPoolExecutor.java:1127)
	at java.util.concurrent.ThreadPoolExecutor$Worker.run(ThreadPoolExecutor.java:617)
	at java.lang.Thread.run(Thread.java:745)

   Locked ownable synchronizers:
	- None

"MemtableReclaimMemory:1" #19 daemon prio=5 os_prio=0 tid=0x00007f4124869740 nid=0x4544 waiting on condition [0x00007f410c598000]
   java.lang.Thread.State: TIMED_WAITING (parking)
	at sun.misc.Unsafe.park(Native Method)
	- parking to wait for  <0x00000000e4272af0> (a java.util.concurrent.locks.AbstractQueuedSynchronizer$ConditionObject)
	at java.util.concurrent.locks.LockSupport.parkNanos(LockSupport.java:215)
	at java.util.concurrent.locks.AbstractQueuedSynchronizer$ConditionObject.awaitNanos(AbstractQueuedSynchronizer.java:2078)
	at java.util.concurrent.LinkedBlockingQueue.poll(LinkedBlockingQueue.java:467)
	at java.util.concurrent.ThreadPoolExecutor.getTask(ThreadPoolExecutor.java:1066)
	at java.util.concurrent.ThreadPoolExecutor.runWorker(ThreadPoolExecutor.java:1127)
	at java.util.concurrent.ThreadPoolExecutor$Worker.run(ThreadPoolExecutor.java:617)
	at java.lang.Thread.run(Thread.java:745)

   Locked ownable synchronizers:
	- None

"MemtablePostFlush:1" #18 daemon prio=5 os_prio=0 tid=0x00007f4124868240 nid=0x4543 waiting on condition [0x00007f410c5d9000]
   java.lang.Thread.State: TIMED_WAITING (parking)
	at sun.misc.Unsafe.park(Native Method)
	- parking to wait for  <0x00000000e45e7dd0> (a java.util.concurrent.locks.AbstractQueuedSynchronizer$ConditionObject)
	at java.util.concurrent.locks.LockSupport.parkNanos(LockSupport.java:215)
	at java.util.concurrent.locks.AbstractQueuedSynchronizer$ConditionObject.awaitNanos(AbstractQueuedSynchronizer.java:2078)
	at java.util.concurrent.LinkedBlockingQueue.poll(LinkedBlockingQueue.java:467)
	at java.util.concurrent.ThreadPoolExecutor.getTask(ThreadPoolExecutor.java:1066)
	at java.util.concurrent.ThreadPoolExecutor.runWorker(ThreadPoolExecutor.java:1127)
	at java.util.concurrent.ThreadPoolExecutor$Worker.run(ThreadPoolExecutor.java:617)
	at java.lang.Thread.run(Thread.java:745)

   Locked ownable synchronizers:
	- None

"MemtableFlushWriter:2" #17 daemon prio=5 os_prio=0 tid=0x00007f4124866630 nid=0x4542 waiting on condition [0x00007f410c61a000]
   java.lang.Thread.State: TIMED_WAITING (parking)
	at sun.misc.Unsafe.park(Native Method)
	- parking to wait for  <0x00000000e45e7e18> (a java.util.concurrent.locks.AbstractQueuedSynchronizer$ConditionObject)
	at java.util.concurrent.locks.LockSupport.parkNanos(LockSupport.java:215)
	at java.util.concurrent.locks.AbstractQueuedSynchronizer$ConditionObject.awaitNanos(AbstractQueuedSynchronizer.java:2078)
	at java.util.concurrent.LinkedBlockingQueue.poll(LinkedBlockingQueue.java:467)
	at java.util.concurrent.ThreadPoolExecutor.getTask(ThreadPoolExecutor.java:1066)
	at java.util.concurrent.ThreadPoolExecutor.runWorker(ThreadPoolExecutor.java:1127)
	at java.util.concurrent.ThreadPoolExecutor$Worker.run(ThreadPoolExecutor.java:617)
	at java.lang.Thread.run(Thread.java:745)

   Locked ownable synchronizers:
	- None

"MemtableFlushWriter:1" #16 daemon prio=5 os_prio=0 tid=0x00007f4124864c80 nid=0x4541 waiting on condition [0x00007f410c65b000]
   java.lang.Thread.State: TIMED_WAITING (parking)
	at sun.misc.Unsafe.park(Native Method)
	- parking to wait for  <0x00000000e45e7e18> (a java.util.concurrent.locks.AbstractQueuedSynchronizer$ConditionObject)
	at java.util.concurrent.locks.LockSupport.parkNanos(LockSupport.java:215)
	at java.util.concurrent.locks.AbstractQueuedSynchronizer$ConditionObject.awaitNanos(AbstractQueuedSynchronizer.java:2078)
	at java.util.concurrent.LinkedBlockingQueue.poll(LinkedBlockingQueue.java:467)
	at java.util.concurrent.ThreadPoolExecutor.getTask(ThreadPoolExecutor.java:1066)
	at java.util.concurrent.ThreadPoolExecutor.runWorker(ThreadPoolExecutor.java:1127)
	at java.util.concurrent.ThreadPoolExecutor$Worker.run(ThreadPoolExecutor.java:617)
	at java.lang.Thread.run(Thread.java:745)

   Locked ownable synchronizers:
	- None

"Background_Reporter:1" #15 daemon prio=5 os_prio=0 tid=0x00007f41103b4b00 nid=0x4540 waiting on condition [0x00007f410caa9000]
   java.lang.Thread.State: TIMED_WAITING (parking)
	at sun.misc.Unsafe.park(Native Method)
	- parking to wait for  <0x00000000e40a8f30> (a java.util.concurrent.locks.AbstractQueuedSynchronizer$ConditionObject)
	at java.util.concurrent.locks.LockSupport.parkNanos(LockSupport.java:215)
	at java.util.concurrent.locks.AbstractQueuedSynchronizer$ConditionObject.awaitNanos(AbstractQueuedSynchronizer.java:2078)
	at java.util.concurrent.ScheduledThreadPoolExecutor$DelayedWorkQueue.take(ScheduledThreadPoolExecutor.java:1093)
	at java.util.concurrent.ScheduledThreadPoolExecutor$DelayedWorkQueue.take(ScheduledThreadPoolExecutor.java:809)
	at java.util.concurrent.ThreadPoolExecutor.getTask(ThreadPoolExecutor.java:1067)
	at java.util.concurrent.ThreadPoolExecutor.runWorker(ThreadPoolExecutor.java:1127)
	at java.util.concurrent.ThreadPoolExecutor$Worker.run(ThreadPoolExecutor.java:617)
	at java.lang.Thread.run(Thread.java:745)

   Locked ownable synchronizers:
	- None

"EXPIRING-MAP-REAPER:1" #14 daemon prio=5 os_prio=0 tid=0x00007f41103a69c0 nid=0x453f waiting on condition [0x00007f410caea000]
   java.lang.Thread.State: TIMED_WAITING (parking)
	at sun.misc.Unsafe.park(Native Method)
	- parking to wait for  <0x00000000e40c8028> (a java.util.concurrent.locks.AbstractQueuedSynchronizer$ConditionObject)
	at java.util.concurrent.locks.LockSupport.parkNanos(LockSupport.java:215)
	at java.util.concurrent.locks.AbstractQueuedSynchronizer$ConditionObject.awaitNanos(AbstractQueuedSynchronizer.java:2078)
	at java.util.concurrent.ScheduledThreadPoolExecutor$DelayedWorkQueue.take(ScheduledThreadPoolExecutor.java:1093)
	at java.util.concurrent.ScheduledThreadPoolExecutor$DelayedWorkQueue.take(ScheduledThreadPoolExecutor.java:809)
	at java.util.concurrent.ThreadPoolExecutor.getTask(ThreadPoolExecutor.java:1067)
	at java.util.concurrent.ThreadPoolExecutor.runWorker(ThreadPoolExecutor.java:1127)
	at java.util.concurrent.ThreadPoolExecutor$Worker.run(ThreadPoolExecutor.java:617)
	at java.lang.Thread.run(Thread.java:745)

   Locked ownable synchronizers:
	- None

"ScheduledTasks:1" #13 daemon prio=5 os_prio=0 tid=0x00007f4124688e60 nid=0x453e waiting on condition [0x00007f4114042000]
   java.lang.Thread.State: TIMED_WAITING (parking)
	at sun.misc.Unsafe.park(Native Method)
	- parking to wait for  <0x00000000e3f29b30> (a java.util.concurrent.locks.AbstractQueuedSynchronizer$ConditionObject)
	at java.util.concurrent.locks.LockSupport.parkNanos(LockSupport.java:215)
	at java.util.concurrent.locks.AbstractQueuedSynchronizer$ConditionObject.awaitNanos(AbstractQueuedSynchronizer.java:2078)
	at java.util.concurrent.ScheduledThreadPoolExecutor$DelayedWorkQueue.take(ScheduledThreadPoolExecutor.java:1093)
	at java.util.concurrent.ScheduledThreadPoolExecutor$DelayedWorkQueue.take(ScheduledThreadPoolExecutor.java:809)
	at java.util.concurrent.ThreadPoolExecutor.getTask(ThreadPoolExecutor.java:1067)
	at java.util.concurrent.ThreadPoolExecutor.runWorker(ThreadPoolExecutor.java:1127)
	at java.util.concurrent.ThreadPoolExecutor$Worker.run(ThreadPoolExecutor.java:617)
	at java.lang.Thread.run(Thread.java:745)

   Locked ownable synchronizers:
	- None

"AsyncAppender-Worker-ASYNCDEBUGLOG" #12 daemon prio=5 os_prio=0 tid=0x00007f41244dec10 nid=0x453d waiting on condition [0x00007f4114083000]
   java.lang.Thread.State: WAITING (parking)
	at sun.misc.Unsafe.park(Native Method)
	- parking to wait for  <0x00000000e3e2edc0> (a java.util.concurrent.locks.AbstractQueuedSynchronizer$ConditionObject)
	at java.util.concurrent.locks.LockSupport.park(LockSupport.java:175)
	at java.util.concurrent.locks.AbstractQueuedSynchronizer$ConditionObject.await(AbstractQueuedSynchronizer.java:2039)
	at java.util.concurrent.ArrayBlockingQueue.take(ArrayBlockingQueue.java:403)
	at ch.qos.logback.core.AsyncAppenderBase$Worker.run(AsyncAppenderBase.java:250)

   Locked ownable synchronizers:
	- None

"Service Thread" #9 daemon prio=9 os_prio=0 tid=0x00007f4124241c90 nid=0x453b runnable [0x0000000000000000]
   java.lang.Thread.State: RUNNABLE

   Locked ownable synchronizers:
	- None

"C1 CompilerThread2" #8 daemon prio=9 os_prio=0 tid=0x00007f41242371c0 nid=0x453a waiting on condition [0x0000000000000000]
   java.lang.Thread.State: RUNNABLE

   Locked ownable synchronizers:
	- None

"C2 CompilerThread1" #7 daemon prio=9 os_prio=0 tid=0x00007f4124235750 nid=0x4539 runnable [0x0000000000000000]
   java.lang.Thread.State: RUNNABLE

   Locked ownable synchronizers:
	- None

"C2 CompilerThread0" #6 daemon prio=9 os_prio=0 tid=0x00007f412422ebe0 nid=0x4538 runnable [0x0000000000000000]
   java.lang.Thread.State: RUNNABLE

   Locked ownable synchronizers:
	- None

"Signal Dispatcher" #5 daemon prio=9 os_prio=0 tid=0x00007f412413cbf0 nid=0x4537 runnable [0x0000000000000000]
   java.lang.Thread.State: RUNNABLE

   Locked ownable synchronizers:
	- None

"Surrogate Locker Thread (Concurrent GC)" #4 daemon prio=9 os_prio=0 tid=0x00007f4124138e80 nid=0x4536 waiting on condition [0x0000000000000000]
   java.lang.Thread.State: RUNNABLE

   Locked ownable synchronizers:
	- None

"Finalizer" #3 daemon prio=8 os_prio=0 tid=0x00007f4124104db0 nid=0x4535 in Object.wait() [0x00007f4128494000]
   java.lang.Thread.State: WAITING (on object monitor)
	at java.lang.Object.wait(Native Method)
	- waiting on <0x00000000e3e32340> (a java.lang.ref.ReferenceQueue$Lock)
	at java.lang.ref.ReferenceQueue.remove(ReferenceQueue.java:143)
	- locked <0x00000000e3e32340> (a java.lang.ref.ReferenceQueue$Lock)
	at java.lang.ref.ReferenceQueue.remove(ReferenceQueue.java:164)
	at java.lang.ref.Finalizer$FinalizerThread.run(Finalizer.java:209)

   Locked ownable synchronizers:
	- None

"Reference Handler" #2 daemon prio=10 os_prio=0 tid=0x00007f4124103490 nid=0x4534 in Object.wait() [0x00007f41284d5000]
   java.lang.Thread.State: WAITING (on object monitor)
	at java.lang.Object.wait(Native Method)
	- waiting on <0x00000000e3e21678> (a java.lang.ref.Reference$Lock)
	at java.lang.Object.wait(Object.java:502)
	at java.lang.ref.Reference$ReferenceHandler.run(Reference.java:157)
	- locked <0x00000000e3e21678> (a java.lang.ref.Reference$Lock)

   Locked ownable synchronizers:
	- None

"VM Thread" os_prio=0 tid=0x00007f41240fea80 nid=0x4533 runnable 

"Gang worker#0 (Parallel GC Threads)" os_prio=0 tid=0x00007f412401af80 nid=0x452e runnable 

"Gang worker#1 (Parallel GC Threads)" os_prio=0 tid=0x00007f412401c370 nid=0x452f runnable 

"Gang worker#2 (Parallel GC Threads)" os_prio=0 tid=0x00007f412401d760 nid=0x4530 runnable 

"Gang worker#3 (Parallel GC Threads)" os_prio=0 tid=0x00007f412401eb50 nid=0x4531 runnable 

"Concurrent Mark-Sweep GC Thread" os_prio=0 tid=0x00007f41240610e0 nid=0x4532 runnable 

"VM Periodic Task Thread" os_prio=0 tid=0x00007f41242443f0 nid=0x453c waiting on condition 

JNI global references: 640


/usr/lib/jvm/jdk1.8.0_45/bin/jstack stderr:


/usr/lib/jvm/jdk1.8.0_45/bin/jmap stdout:
Attaching to process ID 17708, please wait...
Debugger attached successfully.
Server compiler detected.
JVM version is 25.45-b02

using parallel threads in the new generation.
using thread-local object allocation.
Concurrent Mark-Sweep GC

Heap Configuration:
   MinHeapFreeRatio         = 40
   MaxHeapFreeRatio         = 70
   MaxHeapSize              = 524288000 (500.0MB)
   NewSize                  = 52428800 (50.0MB)
   MaxNewSize               = 52428800 (50.0MB)
   OldSize                  = 471859200 (450.0MB)
   NewRatio                 = 2
   SurvivorRatio            = 8
   MetaspaceSize            = 21807104 (20.796875MB)
   CompressedClassSpaceSize = 1073741824 (1024.0MB)
   MaxMetaspaceSize         = 17592186044415 MB
   G1HeapRegionSize         = 0 (0.0MB)

Heap Usage:
New Generation (Eden + 1 Survivor Space):
   capacity = 47185920 (45.0MB)
   used     = 44674960 (42.60536193847656MB)
   free     = 2510960 (2.3946380615234375MB)
   94.67858208550348% used
Eden Space:
   capacity = 41943040 (40.0MB)
   used     = 39432080 (37.60536193847656MB)
   free     = 2510960 (2.3946380615234375MB)
   94.0134048461914% used
From Space:
   capacity = 5242880 (5.0MB)
   used     = 5242880 (5.0MB)
   free     = 0 (0.0MB)
   100.0% used
To Space:
   capacity = 5242880 (5.0MB)
   used     = 0 (0.0MB)
   free     = 5242880 (5.0MB)
   0.0% used
concurrent mark-sweep generation:
   capacity = 471859200 (450.0MB)
   used     = 2928775115183484568 (2.7930976058802456E12MB)
   free     = 14799088438985 MB
   6.206883568622769E11% used

13747 interned Strings occupying 1896944 bytes.

/usr/lib/jvm/jdk1.8.0_45/bin/jmap stderr:


pidstat stdout:
Linux 3.16.0-4-amd64 (ip-172-31-11-138) 	12/09/2015 	_x86_64_	(4 CPU)

07:40:32 PM   UID       PID    %usr %system  %guest    %CPU   CPU  Command
07:40:33 PM     0        18    0.00    4.00    0.00    4.00     2  ksoftirqd/2
07:40:33 PM  1001     17708   25.00    0.00    0.00   25.00     3  java

07:40:33 PM   UID       PID    %usr %system  %guest    %CPU   CPU  Command
07:40:34 PM     0         7    0.00    3.00    0.00    3.00     2  rcu_sched
07:40:34 PM  1001     17708    1.00    0.00    0.00    1.00     3  java
07:40:34 PM  1001     17814    0.00    1.00    0.00    1.00     2  pidstat

07:40:34 PM   UID       PID    %usr %system  %guest    %CPU   CPU  Command
[...]

"MemtableReclaimMemory:1" #19 daemon prio=5 os_prio=0 tid=0x00007f509087c310 nid=0x7ef2 waiting on condition [0x00007f5072e8d000]
   java.lang.Thread.State: TIMED_WAITING (parking)
	at sun.misc.Unsafe.park(Native Method)
	- parking to wait for  <0x00000000e42e41b8> (a java.util.concurrent.locks.AbstractQueuedSynchronizer$ConditionObject)
	at java.util.concurrent.locks.LockSupport.parkNanos(LockSupport.java:215)
	at java.util.concurrent.locks.AbstractQueuedSynchronizer$ConditionObject.awaitNanos(AbstractQueuedSynchronizer.java:2078)
	at java.util.concurrent.LinkedBlockingQueue.poll(LinkedBlockingQueue.java:467)
	at java.util.concurrent.ThreadPoolExecutor.getTask(ThreadPoolExecutor.java:1066)
	at java.util.concurrent.ThreadPoolExecutor.runWorker(ThreadPoolExecutor.java:1127)
	at java.util.concurrent.ThreadPoolExecutor$Worker.run(ThreadPoolExecutor.java:617)
	at java.lang.Thread.run(Thread.java:745)

   Locked ownable synchronizers:
	- None

"MemtablePostFlush:1" #18 daemon prio=5 os_prio=0 tid=0x00007f509087ae10 nid=0x7ef1 waiting on condition [0x00007f5072ece000]
   java.lang.Thread.State: TIMED_WAITING (parking)
	at sun.misc.Unsafe.park(Native Method)
	- parking to wait for  <0x00000000e46e76d8> (a java.util.concurrent.locks.AbstractQueuedSynchronizer$ConditionObject)
	at java.util.concurrent.locks.LockSupport.parkNanos(LockSupport.java:215)
	at java.util.concurrent.locks.AbstractQueuedSynchronizer$ConditionObject.awaitNanos(AbstractQueuedSynchronizer.java:2078)
	at java.util.concurrent.LinkedBlockingQueue.poll(LinkedBlockingQueue.java:467)
	at java.util.concurrent.ThreadPoolExecutor.getTask(ThreadPoolExecutor.java:1066)
	at java.util.concurrent.ThreadPoolExecutor.runWorker(ThreadPoolExecutor.java:1127)
	at java.util.concurrent.ThreadPoolExecutor$Worker.run(ThreadPoolExecutor.java:617)
	at java.lang.Thread.run(Thread.java:745)

   Locked ownable synchronizers:
	- None

"MemtableFlushWriter:2" #17 daemon prio=5 os_prio=0 tid=0x00007f5090879200 nid=0x7ef0 waiting on condition [0x00007f5072f0f000]
   java.lang.Thread.State: TIMED_WAITING (parking)
	at sun.misc.Unsafe.park(Native Method)
	- parking to wait for  <0x00000000e4243648> (a java.util.concurrent.locks.AbstractQueuedSynchronizer$ConditionObject)
	at java.util.concurrent.locks.LockSupport.parkNanos(LockSupport.java:215)
	at java.util.concurrent.locks.AbstractQueuedSynchronizer$ConditionObject.awaitNanos(AbstractQueuedSynchronizer.java:2078)
	at java.util.concurrent.LinkedBlockingQueue.poll(LinkedBlockingQueue.java:467)
	at java.util.concurrent.ThreadPoolExecutor.getTask(ThreadPoolExecutor.java:1066)
	at java.util.concurrent.ThreadPoolExecutor.runWorker(ThreadPoolExecutor.java:1127)
	at java.util.concurrent.ThreadPoolExecutor$Worker.run(ThreadPoolExecutor.java:617)
	at java.lang.Thread.run(Thread.java:745)

   Locked ownable synchronizers:
	- None

"MemtableFlushWriter:1" #16 daemon prio=5 os_prio=0 tid=0x00007f5090877850 nid=0x7eef waiting on condition [0x00007f5072f50000]
   java.lang.Thread.State: TIMED_WAITING (parking)
	at sun.misc.Unsafe.park(Native Method)
	- parking to wait for  <0x00000000e4243648> (a java.util.concurrent.locks.AbstractQueuedSynchronizer$ConditionObject)
	at java.util.concurrent.locks.LockSupport.parkNanos(LockSupport.java:215)
	at java.util.concurrent.locks.AbstractQueuedSynchronizer$ConditionObject.awaitNanos(AbstractQueuedSynchronizer.java:2078)
	at java.util.concurrent.LinkedBlockingQueue.poll(LinkedBlockingQueue.java:467)
	at java.util.concurrent.ThreadPoolExecutor.getTask(ThreadPoolExecutor.java:1066)
	at java.util.concurrent.ThreadPoolExecutor.runWorker(ThreadPoolExecutor.java:1127)
	at java.util.concurrent.ThreadPoolExecutor$Worker.run(ThreadPoolExecutor.java:617)
	at java.lang.Thread.run(Thread.java:745)

   Locked ownable synchronizers:
	- None

"Background_Reporter:1" #15 daemon prio=5 os_prio=0 tid=0x00007f507c4e8e40 nid=0x7eee waiting on condition [0x00007f507339e000]
   java.lang.Thread.State: TIMED_WAITING (parking)
	at sun.misc.Unsafe.park(Native Method)
	- parking to wait for  <0x00000000e40c36b0> (a java.util.concurrent.locks.AbstractQueuedSynchronizer$ConditionObject)
	at java.util.concurrent.locks.LockSupport.parkNanos(LockSupport.java:215)
	at java.util.concurrent.locks.AbstractQueuedSynchronizer$ConditionObject.awaitNanos(AbstractQueuedSynchronizer.java:2078)
	at java.util.concurrent.ScheduledThreadPoolExecutor$DelayedWorkQueue.take(ScheduledThreadPoolExecutor.java:1093)
	at java.util.concurrent.ScheduledThreadPoolExecutor$DelayedWorkQueue.take(ScheduledThreadPoolExecutor.java:809)
	at java.util.concurrent.ThreadPoolExecutor.getTask(ThreadPoolExecutor.java:1067)
	at java.util.concurrent.ThreadPoolExecutor.runWorker(ThreadPoolExecutor.java:1127)
	at java.util.concurrent.ThreadPoolExecutor$Worker.run(ThreadPoolExecutor.java:617)
	at java.lang.Thread.run(Thread.java:745)

   Locked ownable synchronizers:
	- None

"EXPIRING-MAP-REAPER:1" #14 daemon prio=5 os_prio=0 tid=0x00007f507c4dc9c0 nid=0x7eed waiting on condition [0x00007f5078079000]
   java.lang.Thread.State: TIMED_WAITING (parking)
	at sun.misc.Unsafe.park(Native Method)
	- parking to wait for  <0x00000000e4089a38> (a java.util.concurrent.locks.AbstractQueuedSynchronizer$ConditionObject)
	at java.util.concurrent.locks.LockSupport.parkNanos(LockSupport.java:215)
	at java.util.concurrent.locks.AbstractQueuedSynchronizer$ConditionObject.awaitNanos(AbstractQueuedSynchronizer.java:2078)
	at java.util.concurrent.ScheduledThreadPoolExecutor$DelayedWorkQueue.take(ScheduledThreadPoolExecutor.java:1093)
	at java.util.concurrent.ScheduledThreadPoolExecutor$DelayedWorkQueue.take(ScheduledThreadPoolExecutor.java:809)
	at java.util.concurrent.ThreadPoolExecutor.getTask(ThreadPoolExecutor.java:1067)
	at java.util.concurrent.ThreadPoolExecutor.runWorker(ThreadPoolExecutor.java:1127)
	at java.util.concurrent.ThreadPoolExecutor$Worker.run(ThreadPoolExecutor.java:617)
	at java.lang.Thread.run(Thread.java:745)

   Locked ownable synchronizers:
	- None

"ScheduledTasks:1" #13 daemon prio=5 os_prio=0 tid=0x00007f50906b35f0 nid=0x7eec waiting on condition [0x00007f50780bb000]
   java.lang.Thread.State: TIMED_WAITING (parking)
	at sun.misc.Unsafe.park(Native Method)
	- parking to wait for  <0x00000000e4002fb0> (a java.util.concurrent.locks.AbstractQueuedSynchronizer$ConditionObject)
	at java.util.concurrent.locks.LockSupport.parkNanos(LockSupport.java:215)
	at java.util.concurrent.locks.AbstractQueuedSynchronizer$ConditionObject.awaitNanos(AbstractQueuedSynchronizer.java:2078)
	at java.util.concurrent.ScheduledThreadPoolExecutor$DelayedWorkQueue.take(ScheduledThreadPoolExecutor.java:1093)
	at java.util.concurrent.ScheduledThreadPoolExecutor$DelayedWorkQueue.take(ScheduledThreadPoolExecutor.java:809)
	at java.util.concurrent.ThreadPoolExecutor.getTask(ThreadPoolExecutor.java:1067)
	at java.util.concurrent.ThreadPoolExecutor.runWorker(ThreadPoolExecutor.java:1127)
	at java.util.concurrent.ThreadPoolExecutor$Worker.run(ThreadPoolExecutor.java:617)
	at java.lang.Thread.run(Thread.java:745)

   Locked ownable synchronizers:
	- None

"AsyncAppender-Worker-ASYNCDEBUGLOG" #12 daemon prio=5 os_prio=0 tid=0x00007f50904f8da0 nid=0x7eeb waiting on condition [0x00007f50780fc000]
   java.lang.Thread.State: WAITING (parking)
	at sun.misc.Unsafe.park(Native Method)
	- parking to wait for  <0x00000000e3e21678> (a java.util.concurrent.locks.AbstractQueuedSynchronizer$ConditionObject)
	at java.util.concurrent.locks.LockSupport.park(LockSupport.java:175)
	at java.util.concurrent.locks.AbstractQueuedSynchronizer$ConditionObject.await(AbstractQueuedSynchronizer.java:2039)
	at java.util.concurrent.ArrayBlockingQueue.take(ArrayBlockingQueue.java:403)
	at ch.qos.logback.core.AsyncAppenderBase$Worker.run(AsyncAppenderBase.java:250)

   Locked ownable synchronizers:
	- None

"Service Thread" #9 daemon prio=9 os_prio=0 tid=0x00007f5090243ee0 nid=0x7ee9 runnable [0x0000000000000000]
   java.lang.Thread.State: RUNNABLE

   Locked ownable synchronizers:
	- None

"C1 CompilerThread2" #8 daemon prio=9 os_prio=0 tid=0x00007f5090239410 nid=0x7ee8 waiting on condition [0x0000000000000000]
   java.lang.Thread.State: RUNNABLE

   Locked ownable synchronizers:
	- None

"C2 CompilerThread1" #7 daemon prio=9 os_prio=0 tid=0x00007f50902379a0 nid=0x7ee7 runnable [0x0000000000000000]
   java.lang.Thread.State: RUNNABLE

   Locked ownable synchronizers:
	- None

"C2 CompilerThread0" #6 daemon prio=9 os_prio=0 tid=0x00007f5090230e20 nid=0x7ee6 runnable [0x0000000000000000]
   java.lang.Thread.State: RUNNABLE

   Locked ownable synchronizers:
	- None

"Signal Dispatcher" #5 daemon prio=9 os_prio=0 tid=0x00007f509013ee60 nid=0x7ee5 runnable [0x0000000000000000]
   java.lang.Thread.State: RUNNABLE

   Locked ownable synchronizers:
	- None

"Surrogate Locker Thread (Concurrent GC)" #4 daemon prio=9 os_prio=0 tid=0x00007f509013b0c0 nid=0x7ee4 waiting on condition [0x0000000000000000]
   java.lang.Thread.State: RUNNABLE

   Locked ownable synchronizers:
	- None

"Finalizer" #3 daemon prio=8 os_prio=0 tid=0x00007f5090104db0 nid=0x7ee3 in Object.wait() [0x00007f508005c000]
   java.lang.Thread.State: WAITING (on object monitor)
	at java.lang.Object.wait(Native Method)
	- waiting on <0x00000000e3e30840> (a java.lang.ref.ReferenceQueue$Lock)
	at java.lang.ref.ReferenceQueue.remove(ReferenceQueue.java:143)
	- locked <0x00000000e3e30840> (a java.lang.ref.ReferenceQueue$Lock)
	at java.lang.ref.ReferenceQueue.remove(ReferenceQueue.java:164)
	at java.lang.ref.Finalizer$FinalizerThread.run(Finalizer.java:209)

   Locked ownable synchronizers:
	- None

"Reference Handler" #2 daemon prio=10 os_prio=0 tid=0x00007f5090103490 nid=0x7ee2 in Object.wait() [0x00007f509407e000]
   java.lang.Thread.State: WAITING (on object monitor)
	at java.lang.Object.wait(Native Method)
	- waiting on <0x00000000e3e30b40> (a java.lang.ref.Reference$Lock)
	at java.lang.Object.wait(Object.java:502)
	at java.lang.ref.Reference$ReferenceHandler.run(Reference.java:157)
	- locked <0x00000000e3e30b40> (a java.lang.ref.Reference$Lock)

   Locked ownable synchronizers:
	- None

"VM Thread" os_prio=0 tid=0x00007f50900fea80 nid=0x7ee1 runnable 

"Gang worker#0 (Parallel GC Threads)" os_prio=0 tid=0x00007f509001af80 nid=0x7edc runnable 

"Gang worker#1 (Parallel GC Threads)" os_prio=0 tid=0x00007f509001c370 nid=0x7edd runnable 

"Gang worker#2 (Parallel GC Threads)" os_prio=0 tid=0x00007f509001d760 nid=0x7ede runnable 

"Gang worker#3 (Parallel GC Threads)" os_prio=0 tid=0x00007f509001eb50 nid=0x7edf runnable 

"Concurrent Mark-Sweep GC Thread" os_prio=0 tid=0x00007f50900610e0 nid=0x7ee0 runnable 

"VM Periodic Task Thread" os_prio=0 tid=0x00007f5090246640 nid=0x7eea waiting on condition 

JNI global references: 644


/usr/lib/jvm/jdk1.8.0_45/bin/jstack stderr:


/usr/lib/jvm/jdk1.8.0_45/bin/jmap stdout:
Attaching to process ID 32474, please wait...
Debugger attached successfully.
Server compiler detected.
JVM version is 25.45-b02

using parallel threads in the new generation.
using thread-local object allocation.
Concurrent Mark-Sweep GC

Heap Configuration:
   MinHeapFreeRatio         = 40
   MaxHeapFreeRatio         = 70
   MaxHeapSize              = 524288000 (500.0MB)
   NewSize                  = 52428800 (50.0MB)
   MaxNewSize               = 52428800 (50.0MB)
   OldSize                  = 471859200 (450.0MB)
   NewRatio                 = 2
   SurvivorRatio            = 8
   MetaspaceSize            = 21807104 (20.796875MB)
   CompressedClassSpaceSize = 1073741824 (1024.0MB)
   MaxMetaspaceSize         = 17592186044415 MB
   G1HeapRegionSize         = 0 (0.0MB)

Heap Usage:
New Generation (Eden + 1 Survivor Space):
   capacity = 47185920 (45.0MB)
   used     = 43521792 (41.505615234375MB)
   free     = 3664128 (3.494384765625MB)
   92.23470052083333% used
Eden Space:
   capacity = 41943040 (40.0MB)
   used     = 38342712 (36.56645965576172MB)
   free     = 3600328 (3.4335403442382812MB)
   91.4161491394043% used
From Space:
   capacity = 5242880 (5.0MB)
   used     = 5179080 (4.939155578613281MB)
   free     = 63800 (0.06084442138671875MB)
   98.78311157226562% used
To Space:
   capacity = 5242880 (5.0MB)
   used     = 0 (0.0MB)
   free     = 5242880 (5.0MB)
   0.0% used
concurrent mark-sweep generation:
   capacity = 471859200 (450.0MB)
   used     = 16088976252685 MB
   free     = 1576229711045669232 (1.5032097921806995E12MB)
   -3.3404662038459985E11% used

13710 interned Strings occupying 1893512 bytes.

/usr/lib/jvm/jdk1.8.0_45/bin/jmap stderr:


pidstat stdout:
Linux 3.16.0-4-amd64 (ip-172-31-11-138) 	12/09/2015 	_x86_64_	(4 CPU)

08:00:21 PM   UID       PID    %usr %system  %guest    %CPU   CPU  Command
08:00:22 PM     0         3    0.00    2.00    0.00    2.00     0  ksoftirqd/0
08:00:22 PM     0        13    0.00    3.00    0.00    3.00     1  ksoftirqd/1
08:00:22 PM  1001     32474   39.00    0.00    0.00   39.00     3  java

08:00:22 PM   UID       PID    %usr %system  %guest    %CPU   CPU  Command

08:00:23 PM   UID       PID    %usr %system  %guest    %CPU   CPU  Command
08:00:24 PM     0         7    0.00    2.00    0.00    2.00     1  rcu_sched
08:00:24 PM  1001     32579    1.00    0.00    0.00    1.00     1  pidstat

08:00:24 PM   UID       PID    %usr %system  %guest    %CPU   CPU  Command
08:00:25 PM  1001     32474    1.00    0.00    0.00    1.00     3  java

08:00:25 PM   UID       PID    %usr %system  %guest    %CPU   CPU  Command
08:00:26 PM     0        18    0.00    1.00    0.00    1.00     2  ksoftirqd/2
08:00:26 PM  1001     32474    0.00    1.00    0.00    1.00     3  java

Average:      UID       PID    %usr %system  %guest    %CPU   CPU  Command
Average:        0         3    0.00    0.40    0.00    0.40     -  ksoftirqd/0
Average:        0         7    0.00    0.40    0.00    0.40     -  rcu_sched
Average:        0        13    0.00    0.60    0.00    0.60     -  ksoftirqd/1
Average:        0        18    0.00    0.20    0.00    0.20     -  ksoftirqd/2
Average:     1001     32474    8.00    0.20    0.00    8.20     -  java
Average:     1001     32579    0.20    0.00    0.00    0.20     -  pidstat

pidstat stderr:


df stdout:
Filesystem     1K-blocks    Used Available Use% Mounted on
/dev/xvda1       8121784 2909976   4776200  38% /

df stderr:


attempting to connect to 127.0.0.1:9042 via TCP
recieved from socket:
�???????l???
?fInvalid or unsupported protocol version (115); the lowest supported version is 3 and the greatest is 4???????????????????????????????????????????????????????????????????????????????????????????????????????????????????????????????????????????????????????????????????????????????????????????????????????????????????????????????????????????????????????????????????????????????????????????????????????????????????????????????????????????????????????????????????????????????????????????????????????????????????????????????????????????????????????????????????????????????????????????????????????????????????????????????????????????????????????????????????????????????????????????????????????????????????????????????????????????????????????????????????????????????????????????????????????????????????????????????????????????????????????????????????????????????????????????????????????????????????????????????????????????????????????????????????????????????????????????????????????????????????????????????????????????????????????????????????????????????????????????????????????????????????????????????????????????????????????????????????????????????????????????????????????????????????????????????????????????????????????????????????????????????????????????????????????????????????????????????????????????????????????????????????????????????????????????????????????????????????????????????????????????????????????????????????????????????????????????????????????????????????????????????????????????????????????????????????????????????????????????????????????????????????????????????????????????????????????????????????????????????????????????????????????????????????????????????????????????????????????????????????????????????????????????????????????????????????????????????????????????????????????????????????????????????????????????????????????????????????????????????????????????????????????????????????????????????????????????????????????????????????????????????????????????????????????????????????????????????????????????????????????????????????????????????????????????????????????????????????????????????????????????????????????????????????????????????????????????????????????????????????????????????????????????????????????????????????????????????????????????????????????????????????????????????????????????????????????????????????????????????????????????????????????????????????????????????????????????????????????????????????????????????????????????????????????????????????????????????????????????????????????????????????????????????????????????????????????????????????????????????????????????????????????????????????????????????????????????????????????????????????????????????????????????????????????????????????????????????????????????????????????????????????????????????????????????????????????????????????????????????????????????????????????????????????????????????????????????????????????????????????????????????????????????????????????????????????????????????????????????????????????????????????????????????????????????????????????????????????????????????????????????????????????????????????????????????????????????????????????????????????????????????????????????????????????????????????????????????????????????????????????????????????????????????????????????????????????????????????????????????????????????????????????????????????????????????????????????????????????????????????????????????????????????????????????????????????????????????????????????????????????????????????????????????????????????????????????????????????????????????????????????????????????????????????????????????????????????????????????????????????????????????????????????????????????????????????????????????????????????????????????????????????????????????????????????????????????????????????????????????????????????????????????????????????????????????????????????????????????????????????????????????????????????????????????????????????????????????????????????????????????????????????????????????????????????????????????????????????????????????????????????????????????????????????????????????????????????printing from the socket blew up, but that's ok
attempting connection to 127.0.0.1
connected successfully.
removing ccm cluster test at: /mnt/tmp/dtest-OuKBZN
clearing ssl stores from [/mnt/tmp/dtest-OuKBZN] directory
]]></system-out></testcase><testcase classname="replication_test.SnitchConfigurationUpdateTest" name="test_rf_expand_yaml_file_snitch" time="0.062"><skipped type="unittest.case.SkipTest" message="3.0.0 &gt; 2.1.x"><![CDATA[SkipTest: 3.0.0 > 2.1.x
]]></skipped><system-out><![CDATA[cluster ccm directory: /mnt/tmp/dtest-WNzfZ3
]]></system-out></testcase><testcase classname="replication_test.SnitchConfigurationUpdateTest" name="test_rf_collapse_yaml_file_snitch" time="0.062"><skipped type="unittest.case.SkipTest" message="3.0.0 &gt; 2.1.x"><![CDATA[SkipTest: 3.0.0 > 2.1.x
]]></skipped><system-out><![CDATA[cluster ccm directory: /mnt/tmp/dtest-pGOBsF
]]></system-out></testcase><testcase classname="paxos_tests.TestPaxos" name="contention_test_multi_iterations" time="0.062"><skipped type="unittest.case.SkipTest" message="Hanging the build"><![CDATA[SkipTest: Hanging the build
]]></skipped><system-out><![CDATA[cluster ccm directory: /mnt/tmp/dtest-TONwQf
]]></system-out></testcase><testcase classname="upgrade_supercolumns_test.TestSCUpgrade" name="upgrade_with_index_creation_test" time="0.060"><skipped type="unittest.case.SkipTest" message="3.0.0 &gt; 2.1.x"><![CDATA[SkipTest: 3.0.0 > 2.1.x
]]></skipped><system-out><![CDATA[cluster ccm directory: /mnt/tmp/dtest-GH9SNm
]]></system-out></testcase></testsuite>